2024-02-08 02:55:10,597 [ERROR] LogOutputStream:75 - [STDERR_REDIRECT] 
2024-02-08 13:45:48,881 [INFO] Activator:176 - 


2024-02-08 13:45:48,882 [INFO] Activator:177 - !SESSION log4j initialized
2024-02-08 13:45:53,225 [INFO] LogOutputStream:77 - [STDOUT_REDIRECT] 
2024-02-08 13:45:54,311 [INFO] ApplicationProperties:184 - Using Application install path: C:\ST\STM32CubeIDE_1.14.1\STM32CubeIDE\plugins\com.st.stm32cube.common.mx_6.10.0.202311202037
2024-02-08 13:45:54,334 [INFO] DbMcusXml:78 - Set database path to: C:\ST\STM32CubeIDE_1.14.1\STM32CubeIDE\plugins\com.st.stm32cube.common.mx_6.10.0.202311202037\\db\/mcu/
2024-02-08 13:45:54,334 [INFO] ApiDb:274 - Set plugin database path to: C:\ST\STM32CubeIDE_1.14.1\STM32CubeIDE\plugins\com.st.stm32cube.common.mx_6.10.0.202311202037\\db\/plugins/boardmanager/
2024-02-08 13:45:54,335 [WARN] ApiDb:259 - Overriding images path with different value:  => C:\ST\STM32CubeIDE_1.14.1\STM32CubeIDE\plugins\com.st.stm32cube.common.mx_6.10.0.202311202037\\db\/plugins/mcufinder/images/
2024-02-08 13:45:54,345 [INFO] ApiDb:250 - Set database path to: C:\Users\Javier\.stmcufinder\plugins\mcufinder//mcu/
2024-02-08 13:45:54,347 [INFO] DbMcusAds:125 - Set database path to: C:\Users\Javier\.stmcufinder\plugins\mcufinder//mcu/
2024-02-08 13:45:54,349 [INFO] CrossReferenceDbSqlite:203 - Set database path to: C:\Users\Javier\.stmcufinder\plugins\mcufinder//mcu/cs/
2024-02-08 13:45:54,486 [INFO] RulesReader:64 - Compatibility file has been processed (297 Rules)
2024-02-08 13:45:54,643 [INFO] DbMcusXml:78 - Set database path to: C:\ST\STM32CubeIDE_1.14.1\STM32CubeIDE\plugins\com.st.stm32cube.common.mx_6.10.0.202311202037\\db\/mcu/
2024-02-08 13:45:54,643 [INFO] ApiDb:274 - Set plugin database path to: C:\ST\STM32CubeIDE_1.14.1\STM32CubeIDE\plugins\com.st.stm32cube.common.mx_6.10.0.202311202037\\db\/plugins/boardmanager/
2024-02-08 13:45:54,643 [INFO] ApiDb:261 - Set plugin images path to: C:\ST\STM32CubeIDE_1.14.1\STM32CubeIDE\plugins\com.st.stm32cube.common.mx_6.10.0.202311202037\\db\/plugins/mcufinder/images/
2024-02-08 13:45:54,644 [WARN] DbFile:41 - Overriding database path with different value: C:\Users\Javier\.stmcufinder\plugins\mcufinder/ => C:\Users\Javier\.stmcufinder\plugins\mcufinder
2024-02-08 13:45:54,644 [INFO] ApiDb:250 - Set database path to: C:\Users\Javier\.stmcufinder\plugins\mcufinder//mcu/
2024-02-08 13:45:54,644 [WARN] DbFile:41 - Overriding database path with different value: C:\Users\Javier\.stmcufinder\plugins\mcufinder/ => C:\Users\Javier\.stmcufinder\plugins\mcufinder
2024-02-08 13:45:54,644 [INFO] DbMcusAds:125 - Set database path to: C:\Users\Javier\.stmcufinder\plugins\mcufinder//mcu/
2024-02-08 13:45:54,644 [WARN] DbFile:41 - Overriding database path with different value: C:\Users\Javier\.stmcufinder\plugins\mcufinder/ => C:\Users\Javier\.stmcufinder\plugins\mcufinder
2024-02-08 13:45:54,644 [WARN] DbFile:41 - Overriding database path with different value: C:\Users\Javier\.stmcufinder\plugins\mcufinder/ => C:\Users\Javier\.stmcufinder\plugins\mcufinder
2024-02-08 13:45:54,644 [INFO] CrossReferenceDbSqlite:203 - Set database path to: C:\Users\Javier\.stmcufinder\plugins\mcufinder//mcu/cs/
2024-02-08 13:45:54,750 [INFO] MainPanel:264 - HeapMemory: 268435456
2024-02-08 13:45:54,901 [INFO] DbMcusXml:78 - Set database path to: C:\ST\STM32CubeIDE_1.14.1\STM32CubeIDE\plugins\com.st.stm32cube.common.mx_6.10.0.202311202037\\db\/mcu/
2024-02-08 13:45:54,901 [INFO] ApiDb:274 - Set plugin database path to: C:\ST\STM32CubeIDE_1.14.1\STM32CubeIDE\plugins\com.st.stm32cube.common.mx_6.10.0.202311202037\\db\/plugins/boardmanager/
2024-02-08 13:45:54,901 [INFO] ApiDb:261 - Set plugin images path to: C:\ST\STM32CubeIDE_1.14.1\STM32CubeIDE\plugins\com.st.stm32cube.common.mx_6.10.0.202311202037\\db\/plugins/mcufinder/images/
2024-02-08 13:45:54,902 [WARN] DbFile:41 - Overriding database path with different value: C:\Users\Javier\.stmcufinder\plugins\mcufinder/ => C:\Users\Javier\.stmcufinder\plugins\mcufinder
2024-02-08 13:45:54,902 [INFO] ApiDb:250 - Set database path to: C:\Users\Javier\.stmcufinder\plugins\mcufinder//mcu/
2024-02-08 13:45:54,902 [WARN] DbFile:41 - Overriding database path with different value: C:\Users\Javier\.stmcufinder\plugins\mcufinder/ => C:\Users\Javier\.stmcufinder\plugins\mcufinder
2024-02-08 13:45:54,902 [INFO] DbMcusAds:125 - Set database path to: C:\Users\Javier\.stmcufinder\plugins\mcufinder//mcu/
2024-02-08 13:45:54,902 [WARN] DbFile:41 - Overriding database path with different value: C:\Users\Javier\.stmcufinder\plugins\mcufinder/ => C:\Users\Javier\.stmcufinder\plugins\mcufinder
2024-02-08 13:45:54,903 [WARN] DbFile:41 - Overriding database path with different value: C:\Users\Javier\.stmcufinder\plugins\mcufinder/ => C:\Users\Javier\.stmcufinder\plugins\mcufinder
2024-02-08 13:45:54,903 [INFO] CrossReferenceDbSqlite:203 - Set database path to: C:\Users\Javier\.stmcufinder\plugins\mcufinder//mcu/cs/
2024-02-08 13:45:54,929 [INFO] ApplicationProperties:184 - Using Application install path: C:\ST\STM32CubeIDE_1.14.1\STM32CubeIDE\plugins\com.st.stm32cube.common.mx_6.10.0.202311202037
2024-02-08 13:45:54,931 [INFO] PluginManage:196 - Search for loadable plugins [exclusion list=, ]
2024-02-08 13:45:54,933 [INFO] PluginManage:310 - Check plugin analytics
2024-02-08 13:45:55,141 [INFO] AnalyticsPlugin:253 - Accepted Software Licenses: 
2024-02-08 13:45:55,141 [INFO] AnalyticsPlugin:255 - Accepted CMSIS Pack Licenses: 
2024-02-08 13:45:55,141 [INFO] AnalyticsPlugin:257 - Accepted Firmware Licenses: FW.F4.1.28.0
2024-02-08 13:45:55,144 [INFO] PluginManage:359 - Loaded plugin analytics (category:tool,tabindex:-1)
2024-02-08 13:45:55,144 [INFO] PluginManage:310 - Check plugin cadmodel
2024-02-08 13:45:55,192 [INFO] CADModel:105 - Init CAD model plugin
2024-02-08 13:45:55,192 [INFO] PluginManage:359 - Loaded plugin cadmodel (category:power,tabindex:5)
2024-02-08 13:45:55,193 [INFO] PluginManage:310 - Check plugin clock
2024-02-08 13:45:55,297 [INFO] PluginManage:359 - Loaded plugin clock (category:base,tabindex:2)
2024-02-08 13:45:55,297 [INFO] PluginManage:310 - Check plugin ddr
2024-02-08 13:45:55,299 [INFO] PluginManage:359 - Loaded plugin ddr (category:tool,tabindex:6)
2024-02-08 13:45:55,300 [INFO] PluginManage:310 - Check plugin filemanager
2024-02-08 13:45:55,474 [INFO] PluginManage:359 - Loaded plugin filemanager (category:base,tabindex:10)
2024-02-08 13:45:55,475 [INFO] PluginManage:310 - Check plugin ipmanager
2024-02-08 13:45:55,487 [INFO] PluginManage:359 - Loaded plugin ipmanager (category:base,tabindex:5)
2024-02-08 13:45:55,487 [INFO] PluginManage:310 - Check plugin lpbam
2024-02-08 13:45:55,543 [INFO] PluginManage:359 - Loaded plugin lpbam (category:base,tabindex:0)
2024-02-08 13:45:55,543 [INFO] PluginManage:310 - Check plugin memorymap
2024-02-08 13:45:55,603 [INFO] PluginManage:359 - Loaded plugin memorymap (category:base,tabindex:4)
2024-02-08 13:45:55,603 [INFO] PluginManage:310 - Check plugin pinoutandconfiguration
2024-02-08 13:45:55,667 [INFO] PluginManage:359 - Loaded plugin pinoutandconfiguration (category:base,tabindex:1)
2024-02-08 13:45:55,668 [INFO] PluginManage:310 - Check plugin pinoutconfig
2024-02-08 13:45:55,831 [WARN] SupportedApi:132 - Cannot load RTOS API schema: s4s-elt-must-match.1: The content of 'definitions' must match (annotation?, (simpleType | complexType)?, (unique | key | keyref)*)). A problem was found starting at: attribute.
2024-02-08 13:45:56,020 [INFO] PluginManage:359 - Loaded plugin pinoutconfig (category:base,tabindex:0)
2024-02-08 13:45:56,021 [INFO] PluginManage:310 - Check plugin power
2024-02-08 13:45:56,072 [INFO] PluginManage:359 - Loaded plugin power (category:power,tabindex:4)
2024-02-08 13:45:56,072 [INFO] PluginManage:310 - Check plugin projectmanager
2024-02-08 13:45:56,091 [INFO] PluginManage:359 - Loaded plugin projectmanager (category:projectmanager,tabindex:3)
2024-02-08 13:45:56,091 [INFO] PluginManage:310 - Check plugin thirdparty
2024-02-08 13:45:56,314 [INFO] PluginManage:359 - Loaded plugin thirdparty (category:base,tabindex:-1)
2024-02-08 13:45:56,314 [WARN] IntegrityCheckThread:84 - waiting for thirdparty lock release [integrity check]
2024-02-08 13:45:56,315 [INFO] PluginManage:310 - Check plugin tools
2024-02-08 13:45:56,315 [INFO] IntegrityCheckThread:86 - entering critical section [integrity check]
2024-02-08 13:45:56,315 [INFO] ThirdPartyUpdaterWithRetryManager:70 - Updater plugin not ready yet. [1/15]
2024-02-08 13:45:56,321 [INFO] PluginManage:359 - Loaded plugin tools (category:base,tabindex:7)
2024-02-08 13:45:56,321 [INFO] PluginManage:310 - Check plugin tutovideos
2024-02-08 13:45:56,563 [INFO] PluginManage:359 - Loaded plugin tutovideos (category:base,tabindex:-1)
2024-02-08 13:45:56,563 [INFO] PluginManage:310 - Check plugin updater
2024-02-08 13:45:56,577 [INFO] PluginManage:359 - Loaded plugin updater (category:base,tabindex:12)
2024-02-08 13:45:56,577 [INFO] PluginManage:310 - Check plugin userauth
2024-02-08 13:45:56,592 [INFO] UserAuth:114 - Init User Auth plugin
2024-02-08 13:45:56,592 [INFO] PluginManage:359 - Loaded plugin userauth (category:base,tabindex:14)
2024-02-08 13:45:56,593 [INFO] PluginManage:283 - PluginManage : Loaded plugins [17]
2024-02-08 13:45:56,896 [INFO] PinOutPanel:1499 - setPackage(No Configuration,No Configuration)
2024-02-08 13:45:57,004 [INFO] CADModel:165 - CPN selected for project level
2024-02-08 13:45:57,004 [INFO] CADModel:114 - Register for checkConnection events
2024-02-08 13:45:57,040 [INFO] IPUIPlugin:80 - create IPUIPlugin
2024-02-08 13:45:57,041 [INFO] PluginManager:220 - loadIPPluginJar : add adc
2024-02-08 13:45:57,049 [INFO] IPUIPlugin:80 - create IPUIPlugin
2024-02-08 13:45:57,049 [INFO] PluginManager:220 - loadIPPluginJar : add aes
2024-02-08 13:45:57,059 [INFO] IPUIPlugin:80 - create IPUIPlugin
2024-02-08 13:45:57,059 [INFO] PluginManager:220 - loadIPPluginJar : add can
2024-02-08 13:45:57,064 [INFO] IPUIPlugin:80 - create IPUIPlugin
2024-02-08 13:45:57,065 [INFO] PluginManager:220 - loadIPPluginJar : add comp
2024-02-08 13:45:57,071 [INFO] IPUIPlugin:80 - create IPUIPlugin
2024-02-08 13:45:57,071 [INFO] PluginManager:220 - loadIPPluginJar : add cryp
2024-02-08 13:45:57,077 [INFO] IPUIPlugin:80 - create IPUIPlugin
2024-02-08 13:45:57,078 [INFO] PluginManager:220 - loadIPPluginJar : add dfsdm
2024-02-08 13:45:57,092 [INFO] IPUIPlugin:80 - create IPUIPlugin
2024-02-08 13:45:57,094 [INFO] PluginManager:220 - loadIPPluginJar : add dma
2024-02-08 13:45:57,100 [INFO] IPUIPlugin:80 - create IPUIPlugin
2024-02-08 13:45:57,100 [INFO] PluginManager:220 - loadIPPluginJar : add dma3
2024-02-08 13:45:57,105 [INFO] IPUIPlugin:80 - create IPUIPlugin
2024-02-08 13:45:57,105 [INFO] PluginManager:220 - loadIPPluginJar : add fatfs
2024-02-08 13:45:57,115 [INFO] IPUIPlugin:80 - create IPUIPlugin
2024-02-08 13:45:57,115 [INFO] PluginManager:220 - loadIPPluginJar : add fmc
2024-02-08 13:45:57,153 [INFO] IPUIPlugin:80 - create IPUIPlugin
2024-02-08 13:45:57,153 [INFO] PluginManager:220 - loadIPPluginJar : add freertos
2024-02-08 13:45:57,156 [INFO] IPUIPlugin:80 - create IPUIPlugin
2024-02-08 13:45:57,156 [INFO] PluginManager:220 - loadIPPluginJar : add genericplugin
2024-02-08 13:45:57,166 [INFO] IPUIPlugin:80 - create IPUIPlugin
2024-02-08 13:45:57,166 [INFO] PluginManager:220 - loadIPPluginJar : add gfxmmu
2024-02-08 13:45:57,179 [INFO] IPUIPlugin:80 - create IPUIPlugin
2024-02-08 13:45:57,180 [INFO] PluginManager:220 - loadIPPluginJar : add gic
2024-02-08 13:45:57,203 [INFO] IPUIPlugin:80 - create IPUIPlugin
2024-02-08 13:45:57,203 [INFO] PluginManager:220 - loadIPPluginJar : add gpio
2024-02-08 13:45:57,218 [INFO] IPUIPlugin:80 - create IPUIPlugin
2024-02-08 13:45:57,218 [INFO] PluginManager:220 - loadIPPluginJar : add gtzc
2024-02-08 13:45:57,225 [INFO] IPUIPlugin:80 - create IPUIPlugin
2024-02-08 13:45:57,225 [INFO] PluginManager:220 - loadIPPluginJar : add hash
2024-02-08 13:45:57,234 [INFO] IPUIPlugin:80 - create IPUIPlugin
2024-02-08 13:45:57,234 [INFO] PluginManager:220 - loadIPPluginJar : add i2c
2024-02-08 13:45:57,241 [INFO] IPUIPlugin:80 - create IPUIPlugin
2024-02-08 13:45:57,241 [INFO] PluginManager:220 - loadIPPluginJar : add i2s
2024-02-08 13:45:57,248 [INFO] IPUIPlugin:80 - create IPUIPlugin
2024-02-08 13:45:57,248 [INFO] PluginManager:220 - loadIPPluginJar : add i3c
2024-02-08 13:45:57,260 [INFO] IPUIPlugin:80 - create IPUIPlugin
2024-02-08 13:45:57,260 [INFO] PluginManager:220 - loadIPPluginJar : add ipddr
2024-02-08 13:45:57,272 [INFO] IPUIPlugin:80 - create IPUIPlugin
2024-02-08 13:45:57,272 [INFO] PluginManager:220 - loadIPPluginJar : add linkedlist
2024-02-08 13:45:57,278 [INFO] IPUIPlugin:80 - create IPUIPlugin
2024-02-08 13:45:57,278 [INFO] PluginManager:220 - loadIPPluginJar : add lorawan
2024-02-08 13:45:57,284 [INFO] IPUIPlugin:80 - create IPUIPlugin
2024-02-08 13:45:57,284 [INFO] PluginManager:220 - loadIPPluginJar : add ltdc
2024-02-08 13:45:57,304 [INFO] IPUIPlugin:80 - create IPUIPlugin
2024-02-08 13:45:57,304 [INFO] PluginManager:220 - loadIPPluginJar : add mdma
2024-02-08 13:45:57,327 [INFO] IPUIPlugin:80 - create IPUIPlugin
2024-02-08 13:45:57,327 [INFO] PluginManager:220 - loadIPPluginJar : add nvic
2024-02-08 13:45:57,333 [INFO] IPUIPlugin:80 - create IPUIPlugin
2024-02-08 13:45:57,333 [INFO] PluginManager:220 - loadIPPluginJar : add opamp
2024-02-08 13:45:57,341 [INFO] IPUIPlugin:80 - create IPUIPlugin
2024-02-08 13:45:57,341 [INFO] PluginManager:220 - loadIPPluginJar : add openamp
2024-02-08 13:45:57,347 [INFO] IPUIPlugin:80 - create IPUIPlugin
2024-02-08 13:45:57,347 [INFO] PluginManager:220 - loadIPPluginJar : add pdm2pcm
2024-02-08 13:45:57,366 [INFO] IPUIPlugin:80 - create IPUIPlugin
2024-02-08 13:45:57,368 [INFO] PluginManager:220 - loadIPPluginJar : add plateformsettings
2024-02-08 13:45:57,372 [INFO] IPUIPlugin:80 - create IPUIPlugin
2024-02-08 13:45:57,372 [INFO] PluginManager:220 - loadIPPluginJar : add quadspi
2024-02-08 13:45:57,419 [INFO] IPUIPlugin:80 - create IPUIPlugin
2024-02-08 13:45:57,419 [INFO] PluginManager:220 - loadIPPluginJar : add resmgrutility
2024-02-08 13:45:57,426 [INFO] IPUIPlugin:80 - create IPUIPlugin
2024-02-08 13:45:57,426 [INFO] PluginManager:220 - loadIPPluginJar : add sai
2024-02-08 13:45:57,433 [INFO] IPUIPlugin:80 - create IPUIPlugin
2024-02-08 13:45:57,433 [INFO] PluginManager:220 - loadIPPluginJar : add spi
2024-02-08 13:45:57,444 [INFO] IPUIPlugin:80 - create IPUIPlugin
2024-02-08 13:45:57,444 [INFO] PluginManager:220 - loadIPPluginJar : add stm32_wpan
2024-02-08 13:45:57,448 [INFO] IPUIPlugin:80 - create IPUIPlugin
2024-02-08 13:45:57,448 [INFO] PluginManager:220 - loadIPPluginJar : add tim
2024-02-08 13:45:57,455 [INFO] IPUIPlugin:80 - create IPUIPlugin
2024-02-08 13:45:57,455 [INFO] PluginManager:220 - loadIPPluginJar : add touchsensing
2024-02-08 13:45:57,460 [INFO] IPUIPlugin:80 - create IPUIPlugin
2024-02-08 13:45:57,460 [INFO] PluginManager:220 - loadIPPluginJar : add tracer_emb
2024-02-08 13:45:57,465 [INFO] IPUIPlugin:80 - create IPUIPlugin
2024-02-08 13:45:57,465 [INFO] PluginManager:220 - loadIPPluginJar : add ts
2024-02-08 13:45:57,469 [INFO] IPUIPlugin:80 - create IPUIPlugin
2024-02-08 13:45:57,469 [INFO] PluginManager:220 - loadIPPluginJar : add tsc
2024-02-08 13:45:57,484 [INFO] IPUIPlugin:80 - create IPUIPlugin
2024-02-08 13:45:57,484 [INFO] PluginManager:220 - loadIPPluginJar : add ucpd
2024-02-08 13:45:57,490 [INFO] IPUIPlugin:80 - create IPUIPlugin
2024-02-08 13:45:57,490 [INFO] PluginManager:220 - loadIPPluginJar : add usart
2024-02-08 13:45:57,497 [INFO] IPUIPlugin:80 - create IPUIPlugin
2024-02-08 13:45:57,497 [INFO] PluginManager:220 - loadIPPluginJar : add usbx
2024-02-08 13:45:57,634 [INFO] CADModel:165 - CPN selected for project level
2024-02-08 13:45:57,634 [INFO] CADModel:114 - Register for checkConnection events
2024-02-08 13:45:57,635 [FATAL] Updater:308 - Updater called before beeing initialized
2024-02-08 13:45:57,635 [ERROR] CADModel:125 - Updater not yet initialized, retry later 
2024-02-08 13:45:57,779 [INFO] CADModel:165 - CPN selected for project level
2024-02-08 13:45:57,780 [INFO] CADModel:114 - Register for checkConnection events
2024-02-08 13:45:57,780 [FATAL] Updater:308 - Updater called before beeing initialized
2024-02-08 13:45:57,780 [ERROR] CADModel:125 - Updater not yet initialized, retry later 
2024-02-08 13:45:57,784 [FATAL] Updater:308 - Updater called before beeing initialized
2024-02-08 13:45:57,908 [FATAL] Updater:308 - Updater called before beeing initialized
2024-02-08 13:45:57,913 [INFO] DbMcusAds:53 - JSON generation date=Wed Nov 29 18:52:27 SGT 2023 (1701255147200)
2024-02-08 13:45:57,914 [FATAL] Updater:308 - Updater called before beeing initialized
2024-02-08 13:45:57,959 [WARN] DetailPanel:346 - Failed to get advertising image, set to default
2024-02-08 13:45:58,091 [FATAL] Updater:308 - Updater called before beeing initialized
2024-02-08 13:45:58,094 [FATAL] Updater:308 - Updater called before beeing initialized
2024-02-08 13:45:58,094 [FATAL] Updater:308 - Updater called before beeing initialized
2024-02-08 13:45:58,094 [WARN] DetailPanel:346 - Failed to get advertising image, set to default
2024-02-08 13:45:58,095 [FATAL] Updater:308 - Updater called before beeing initialized
2024-02-08 13:45:58,151 [ERROR] Updater:1120 - MainUpdater not yet initialized. External WinMGr cannot be set.
2024-02-08 13:45:58,154 [INFO] Updater:1056 - Updater Version found : 6.10.0
2024-02-08 13:45:58,176 [INFO] ApplicationProperties:184 - Using Application install path: C:\ST\STM32CubeIDE_1.14.1\STM32CubeIDE\plugins\com.st.stm32cube.common.mx_6.10.0.202311202037
2024-02-08 13:45:59,316 [INFO] ThirdPartyUpdaterWithRetryManager:70 - Updater plugin not ready yet. [2/15]
2024-02-08 13:45:59,755 [ERROR] LogOutputStream:75 - [STDERR_REDIRECT] Feb 08, 2024 1:45:59 PM java.util.prefs.WindowsPreferences <init>
2024-02-08 13:45:59,757 [ERROR] LogOutputStream:75 - [STDERR_REDIRECT] WARNING: Could not open/create prefs root node Software\JavaSoft\Prefs at root 0xffffffff80000002. Windows RegCreateKeyEx(...) returned error code 5.
2024-02-08 13:45:59,758 [ERROR] LogOutputStream:75 - [STDERR_REDIRECT] 
2024-02-08 13:45:59,975 [INFO] MainUpdater:2873 - connection check result : 10
2024-02-08 13:45:59,976 [INFO] MainUpdater:3567 - Updater definition file requires update
2024-02-08 13:45:59,977 [INFO] MainUpdater:290 - Updater Check For Update Now.
2024-02-08 13:45:59,977 [INFO] MicroXplorer:498 - Change Database Version : DB.6.0.100
2024-02-08 13:45:59,983 [INFO] McuFinderGlobals:63 - Set McuFinder mode to 2 (CubeIDE integrated)
2024-02-08 13:46:00,003 [INFO] ServerAccessManage:473 - Download File updaters.zip
2024-02-08 13:46:00,057 [INFO] FileExtend:240 - Unzip File : updaters.zip
2024-02-08 13:46:00,057 [INFO] FileExtend:255 - Standard Zip Deflate
2024-02-08 13:46:00,133 [INFO] UserAuth:404 - Internet connection configuration mode: 1
2024-02-08 13:46:00,155 [INFO] JxBrowserEngine:152 - Initiate JxBrowser Engine with user profile folder
2024-02-08 13:46:00,764 [INFO] ServerAccessManage:473 - Download File PacksControlFlags.xml
2024-02-08 13:46:00,809 [INFO] ServerAccessManage:473 - Download File cubemx.pidx
2024-02-08 13:46:00,900 [INFO] LoadServerUpdatesThread:375 - End of LoadServerUpdate Thread
2024-02-08 13:46:01,057 [INFO] CheckServerUpdateThread:120 - End of CheckServer Thread
2024-02-08 13:46:01,454 [INFO] WebApp:161 - Instantiating new browser for Auth
2024-02-08 13:46:01,954 [INFO] WebApp:780 - Register for checkConnection events
2024-02-08 13:46:01,954 [INFO] WebApp:414 - Apply proxy settings
2024-02-08 13:46:01,954 [INFO] WebApp:499 - Chromium requires no authentication
2024-02-08 13:46:01,960 [INFO] WebApp:442 - Direct internet connection detected
2024-02-08 13:46:02,078 [INFO] WebApp:192 - Starting web application
2024-02-08 13:46:02,078 [INFO] WebApp:544 - Web application path used C:\ST\STM32CubeIDE_1.14.1\STM32CubeIDE\plugins\com.st.stm32cube.common.mx_6.10.0.202311202037\db\plugins\mcufinder\reactClient1\index.html
2024-02-08 13:46:02,479 [WARN] PackLoader:240 - Cannot read IP mode file for STMicroelectronics.X-CUBE-SMBUS.2.1.0
2024-02-08 13:46:02,510 [WARN] PackLoader:240 - Cannot read IP mode file for STMicroelectronics.X-CUBE-AZRTOS-F7.1.1.0
2024-02-08 13:46:02,521 [WARN] PackLoader:240 - Cannot read IP mode file for STMicroelectronics.FP-SNS-MOTENV1.4.3.2
2024-02-08 13:46:02,529 [WARN] PackLoader:240 - Cannot read IP mode file for STMicroelectronics.FP-SNS-FLIGHT1.5.0.2
2024-02-08 13:46:02,539 [WARN] PackLoader:240 - Cannot read IP mode file for STMicroelectronics.X-CUBE-DISPLAY.3.0.0
2024-02-08 13:46:02,551 [WARN] PackLoader:240 - Cannot read IP mode file for STMicroelectronics.X-CUBE-BLE1.7.0.0
2024-02-08 13:46:02,557 [WARN] PackLoader:240 - Cannot read IP mode file for STMicroelectronics.FP-SNS-SMARTAG2.1.2.0
2024-02-08 13:46:02,572 [INFO] LogOutputStream:77 - [STDOUT_REDIRECT] 1 : Invalid condition id : UX_CORESTACK_Condition cause : null
2024-02-08 13:46:02,572 [INFO] LogOutputStream:77 - [STDOUT_REDIRECT] 1 : Invalid condition id : UX_CORESTACK_Condition cause : null
2024-02-08 13:46:02,574 [INFO] LogOutputStream:77 - [STDOUT_REDIRECT] 1 : Invalid condition id : UX_CORESTACK_Condition cause : null
2024-02-08 13:46:02,575 [INFO] LogOutputStream:77 - [STDOUT_REDIRECT] 1 : Invalid condition id : UX_CORESTACK_Condition cause : null
2024-02-08 13:46:02,576 [INFO] LogOutputStream:77 - [STDOUT_REDIRECT] 1 : Invalid condition id : UX_CORESTACK_Condition cause : null
2024-02-08 13:46:02,580 [WARN] PackLoader:240 - Cannot read IP mode file for STMicroelectronics.X-CUBE-AZRTOS-WL.2.0.0
2024-02-08 13:46:02,589 [WARN] PackLoader:240 - Cannot read IP mode file for STMicroelectronics.X-CUBE-BLE2.3.3.0
2024-02-08 13:46:02,598 [WARN] PackLoader:240 - Cannot read IP mode file for STMicroelectronics.X-CUBE-ALGOBUILD.1.3.0
2024-02-08 13:46:02,617 [WARN] PackLoader:240 - Cannot read IP mode file for STMicroelectronics.X-CUBE-AZRTOS-G0.1.1.0
2024-02-08 13:46:02,626 [WARN] PackLoader:240 - Cannot read IP mode file for STMicroelectronics.X-CUBE-NFC4.3.0.0
2024-02-08 13:46:02,638 [WARN] PackLoader:240 - Cannot read IP mode file for STMicroelectronics.X-CUBE-BLEMGR.3.0.0
2024-02-08 13:46:02,645 [WARN] PackLoader:240 - Cannot read IP mode file for STMicroelectronics.FP-ATR-SIGFOX1.3.2.0
2024-02-08 13:46:02,676 [WARN] PackLoader:240 - Cannot read IP mode file for SEGGER.I-CUBE-embOS.1.3.1
2024-02-08 13:46:02,714 [WARN] PackLoader:240 - Cannot read IP mode file for STMicroelectronics.X-CUBE-GNSS1.6.0.0
2024-02-08 13:46:02,737 [WARN] PackLoader:240 - Cannot read IP mode file for STMicroelectronics.X-CUBE-AZRTOS-F4.1.1.0
2024-02-08 13:46:02,762 [WARN] PackLoader:240 - Cannot read IP mode file for STMicroelectronics.X-CUBE-AZRTOS-L5.2.0.0
2024-02-08 13:46:02,770 [WARN] PackLoader:240 - Cannot read IP mode file for STMicroelectronics.X-CUBE-NFC7.1.0.1
2024-02-08 13:46:02,779 [WARN] PackLoader:240 - Cannot read IP mode file for STMicroelectronics.X-CUBE-NFC6.3.0.0
2024-02-08 13:46:02,788 [WARN] PackLoader:240 - Cannot read IP mode file for STMicroelectronics.X-CUBE-AI.8.1.0
2024-02-08 13:46:02,809 [WARN] ConditionMgr:438 - getConditionDescription Invalid condition id : LAN8742 Phy interface Condition cause : null
2024-02-08 13:46:02,809 [WARN] PackLoader:240 - Cannot read IP mode file for STMicroelectronics.X-CUBE-AZRTOS-L4.2.0.0
2024-02-08 13:46:02,810 [WARN] ConditionMgr:1039 - genDependencies : Invalid condition id : LAN8742 Phy interface Condition cause : null
2024-02-08 13:46:02,810 [WARN] ConditionMgr:1039 - genDependencies : Invalid condition id : LAN8742 Phy interface Condition cause : null
2024-02-08 13:46:02,811 [WARN] ConditionMgr:1039 - genDependencies : Invalid condition id : LAN8742 Phy interface Condition cause : null
2024-02-08 13:46:02,819 [WARN] PackLoader:240 - Cannot read IP mode file for STMicroelectronics.X-CUBE-SFXS2LP1.4.0.0
2024-02-08 13:46:02,833 [WARN] ConditionMgr:438 - getConditionDescription Invalid condition id : UX DEVICE CLASS RTOS Condition cause : null
2024-02-08 13:46:02,833 [WARN] ConditionMgr:438 - getConditionDescription Invalid condition id : UX DEVICE CLASS RTOS Condition cause : null
2024-02-08 13:46:02,834 [WARN] PackLoader:240 - Cannot read IP mode file for STMicroelectronics.X-CUBE-AZRTOS-WB.2.0.0
2024-02-08 13:46:02,835 [WARN] ConditionMgr:1039 - genDependencies : Invalid condition id : UX DEVICE CLASS RTOS Condition cause : null
2024-02-08 13:46:02,835 [WARN] ConditionMgr:1039 - genDependencies : Invalid condition id : UX DEVICE CLASS RTOS Condition cause : null
2024-02-08 13:46:02,835 [WARN] ConditionMgr:1039 - genDependencies : Invalid condition id : UX DEVICE CLASS RTOS Condition cause : null
2024-02-08 13:46:02,836 [WARN] ConditionMgr:1039 - genDependencies : Invalid condition id : UX DEVICE CLASS RTOS Condition cause : null
2024-02-08 13:46:02,836 [WARN] ConditionMgr:1039 - genDependencies : Invalid condition id : UX DEVICE CLASS RTOS Condition cause : null
2024-02-08 13:46:02,849 [WARN] PackLoader:240 - Cannot read IP mode file for STMicroelectronics.X-CUBE-SUBG2.5.0.0
2024-02-08 13:46:02,875 [WARN] PackLoader:240 - Cannot read IP mode file for STMicroelectronics.X-CUBE-AZRTOS-G4.2.0.0
2024-02-08 13:46:02,910 [WARN] PackLoader:240 - Cannot read IP mode file for STMicroelectronics.X-CUBE-MEMS1.10.0.0
2024-02-08 13:46:02,998 [WARN] PackLoader:240 - Cannot read IP mode file for STMicroelectronics.X-CUBE-FREERTOS.1.1.0
2024-02-08 13:46:03,005 [WARN] PackLoader:240 - Cannot read IP mode file for portGmbH.I-Cube-SoM-uGOAL.1.1.0
2024-02-08 13:46:03,011 [WARN] PackLoader:240 - Cannot read IP mode file for STMicroelectronics.X-CUBE-ALS.1.0.1
2024-02-08 13:46:03,016 [WARN] PackLoader:240 - Cannot read IP mode file for STMicroelectronics.FP-ATR-ASTRA1.2.0.0
2024-02-08 13:46:03,017 [INFO] ThirdParty:978 - Integrity check success = true
2024-02-08 13:46:03,018 [INFO] IntegrityCheckThread:100 - exiting critical section [integrity check]
2024-02-08 13:46:03,018 [INFO] IntegrityCheckThread:103 - End integrity checks thread
2024-02-08 13:46:22,774 [ERROR] LogOutputStream:75 - [STDERR_REDIRECT] SLF4J: Failed to load class "org.slf4j.impl.StaticLoggerBinder".
2024-02-08 13:46:22,775 [ERROR] LogOutputStream:75 - [STDERR_REDIRECT] SLF4J: Defaulting to no-operation (NOP) logger implementation
2024-02-08 13:46:22,776 [ERROR] LogOutputStream:75 - [STDERR_REDIRECT] SLF4J: See http://www.slf4j.org/codes.html#StaticLoggerBinder for further details.
2024-02-08 13:49:50,013 [INFO] McuFinderGlobals:63 - Set McuFinder mode to 2 (CubeIDE integrated)
2024-02-08 13:49:50,020 [INFO] MainUpdater:2873 - connection check result : 10
2024-02-08 13:49:50,022 [INFO] MainUpdater:2873 - connection check result : 10
2024-02-08 13:49:50,074 [INFO] MicroXplorer:468 - Change Database Path : 
2024-02-08 13:49:50,075 [INFO] MicroXplorer:498 - Change Database Version : DB.6.0.100
2024-02-08 13:49:50,079 [WARN] ThirdParty:871 - waiting for thirdparty lock release [close project]
2024-02-08 13:49:50,079 [INFO] ThirdParty:873 - entering critical section [close project]
2024-02-08 13:49:50,080 [INFO] ThirdParty:883 - exiting critical section [close project]
2024-02-08 13:49:50,082 [INFO] PinOutPanel:1499 - setPackage(No Configuration,No Configuration)
2024-02-08 13:49:50,087 [INFO] UtilMem:75 - Begin LoadConfig() Used Memory: 586008152 Bytes (843055104)
2024-02-08 13:49:50,091 [INFO] MicroXplorer:468 - Change Database Path : 
2024-02-08 13:49:50,091 [INFO] MicroXplorer:498 - Change Database Version : DB.6.0.100
2024-02-08 13:49:50,091 [INFO] OpenFileManager:312 - Change cursor
2024-02-08 13:49:50,124 [INFO] Mcu:2016 - Initializing MCU STM32F407V(E-G)Tx STM32F407VETx STM32F407VET6
2024-02-08 13:49:51,622 [INFO] Context:659 - Trying to add GPIOservice into a context  which must be forbidden
2024-02-08 13:49:52,159 [INFO] RtosManager:555 - Registered RTOS mode: class=CMSIS, group=RTOS, mode=CMSIS_V1, owner=FREERTOS
2024-02-08 13:49:52,160 [INFO] RtosManager:555 - Registered RTOS mode: class=CMSIS, group=RTOS2, mode=CMSIS_V2, owner=FREERTOS
2024-02-08 13:49:52,160 [INFO] RtosManager:555 - Registered RTOS mode: class=RTOS, group=Core, mode=CMSIS_V1, owner=FREERTOS
2024-02-08 13:49:52,160 [INFO] RtosManager:555 - Registered RTOS mode: class=RTOS, group=Core, mode=CMSIS_V2, owner=FREERTOS
2024-02-08 13:49:52,160 [WARN] ModelIntegratedComponent:184 - Missing modes for component STMicroelectronics:FreeRTOS:0.0.1:STMicroelectronics:RTOS:FreeRTOS:Core:::10.2.0:
2024-02-08 13:49:52,171 [WARN] ModelIntegratedComponent:63 - No mode defined for component null
2024-02-08 13:49:52,172 [WARN] ModelIntegratedComponent:63 - No mode defined for component null
2024-02-08 13:49:52,172 [WARN] ModelIntegratedComponent:63 - No mode defined for component null
2024-02-08 13:49:52,172 [WARN] ModelIntegratedComponent:63 - No mode defined for component null
2024-02-08 13:49:52,172 [WARN] ModelIntegratedComponent:63 - No mode defined for component null
2024-02-08 13:49:52,172 [WARN] ModelIntegratedComponent:63 - No mode defined for component null
2024-02-08 13:49:52,172 [WARN] ModelIntegratedComponent:63 - No mode defined for component null
2024-02-08 13:49:52,172 [WARN] ModelIntegratedComponent:63 - No mode defined for component null
2024-02-08 13:49:52,172 [WARN] ModelIntegratedComponent:63 - No mode defined for component null
2024-02-08 13:49:52,172 [WARN] ModelIntegratedComponent:63 - No mode defined for component null
2024-02-08 13:49:52,172 [WARN] ModelIntegratedComponent:63 - No mode defined for component null
2024-02-08 13:49:52,172 [WARN] ModelIntegratedComponent:63 - No mode defined for component null
2024-02-08 13:49:52,172 [WARN] ModelIntegratedComponent:63 - No mode defined for component null
2024-02-08 13:49:52,173 [WARN] ModelIntegratedComponent:63 - No mode defined for component null
2024-02-08 13:49:52,173 [WARN] ModelIntegratedComponent:63 - No mode defined for component null
2024-02-08 13:49:52,173 [WARN] ModelIntegratedComponent:63 - No mode defined for component null
2024-02-08 13:49:52,173 [WARN] ModelIntegratedComponent:63 - No mode defined for component null
2024-02-08 13:49:52,173 [WARN] ModelIntegratedComponent:63 - No mode defined for component null
2024-02-08 13:49:52,173 [WARN] ModelIntegratedComponent:63 - No mode defined for component null
2024-02-08 13:49:52,173 [WARN] ModelIntegratedComponent:63 - No mode defined for component null
2024-02-08 13:49:52,173 [WARN] ModelIntegratedComponent:63 - No mode defined for component null
2024-02-08 13:49:52,173 [WARN] ModelIntegratedComponent:63 - No mode defined for component null
2024-02-08 13:49:52,173 [WARN] ModelIntegratedComponent:63 - No mode defined for component null
2024-02-08 13:49:52,173 [WARN] ModelIntegratedComponent:63 - No mode defined for component null
2024-02-08 13:49:52,173 [WARN] ModelIntegratedComponent:63 - No mode defined for component null
2024-02-08 13:49:52,173 [WARN] ModelIntegratedComponent:63 - No mode defined for component null
2024-02-08 13:49:52,173 [WARN] ModelIntegratedComponent:63 - No mode defined for component null
2024-02-08 13:49:52,173 [WARN] ModelIntegratedComponent:63 - No mode defined for component null
2024-02-08 13:49:52,173 [WARN] ModelIntegratedComponent:63 - No mode defined for component null
2024-02-08 13:49:52,174 [WARN] ModelIntegratedComponent:63 - No mode defined for component null
2024-02-08 13:49:52,174 [WARN] ModelIntegratedComponent:63 - No mode defined for component null
2024-02-08 13:49:52,174 [WARN] ModelIntegratedComponent:63 - No mode defined for component null
2024-02-08 13:49:52,174 [WARN] ModelIntegratedComponent:63 - No mode defined for component null
2024-02-08 13:49:52,274 [INFO] ThirdPartyModel:298 - Start build external matchings
2024-02-08 13:49:52,449 [INFO] ThirdPartyModel:316 - End build external matchings
2024-02-08 13:49:52,456 [INFO] RtosManager:919 - Current active RTOS is FREERTOS [Cortex-M4NS]
2024-02-08 13:49:52,697 [INFO] UtilMem:75 - End LoadConfig() Used Memory: 643444464 Bytes (1073741824)
2024-02-08 13:49:52,806 [INFO] ApiDb:581 - Connected to CubeFinder SQLite database (C:\Users\Javier\.stmcufinder\plugins\mcufinder\mcu\cube-finder-db.db)
2024-02-08 13:49:52,901 [INFO] ApiDb:668 - CubeFinder database Data Model version=2.1
2024-02-08 13:49:52,901 [INFO] ApiDb:669 - CubeFinder database Configuration version=3.0.39
2024-02-08 13:49:52,902 [INFO] ApiDb:670 - CubeFinder database generation date=2024-01-11 (1704964531)
2024-02-08 13:49:52,902 [INFO] ApiDb:671 - CubeFinder database FW Pack versions=[FP-ATR-ASTRA1_V2.0.0, FP-SNS-FLIGHT1_V5.0.1, FP-SNS-FLIGHT1_V5.0.2, FP-SNS-MOTENV1_V4.3.1, FP-SNS-MOTENV1_V4.3.2, FP-SNS-MOTENVWB1_V1.3.1, FP-SNS-SMARTAG2_V1.2.0, STM32Cube_FW_C0_V1.1.0, STM32Cube_FW_F4_V1.28.0, STM32Cube_FW_F7_V1.17.0, STM32Cube_FW_G0_V1.6.2, STM32Cube_FW_G4_V1.5.2, STM32Cube_FW_H5_V0.5.1, STM32Cube_FW_H5_V1.1.1, STM32Cube_FW_H5_V1.2.0RC2, STM32Cube_FW_H7_V1.11.0, STM32Cube_FW_L0_V1.12.2, STM32Cube_FW_L5_V1.5.0, STM32Cube_FW_U5_V1.3.0RC4, STM32Cube_FW_U5_V1.4.0, STM32Cube_FW_WBA_V1.0.0RC1, STM32Cube_FW_WBA_V1.1.0RC1, STM32Cube_FW_WBA_V1.2.0, STM32Cube_FW_WBA_V1.2.0RC2, STM32Cube_FW_WB_V1.15.0RC1, STM32Cube_FW_WB_V1.16.0, STM32Cube_FW_WB_V1.16.0RC2, STM32Cube_FW_WB_V1.18.0, STM32Cube_FW_WL_V1.3.0, X-CUBE-ALGOBUILD_V1.3.0, X-CUBE-ALS_V1.0.1, X-CUBE-AZRTOS-F4_V1.1.0, X-CUBE-AZRTOS-F7_V1.1.0, X-CUBE-AZRTOS-G0_V1.1.0, X-CUBE-AZRTOS-G4_V2.0.0, X-CUBE-AZRTOS-H7_V3.2.0, X-CUBE-AZRTOS-L4_V1.0.0, X-CUBE-AZRTOS-L4_V2.0.0, X-CUBE-AZRTOS-L5_V1.1.0, X-CUBE-AZRTOS-WB_V2.0.0, X-CUBE-AZRTOS-WL_V2.0.0, X-CUBE-BLE1_V7.0.0, X-CUBE-BLE2_V3.3.0, X-CUBE-BLEMGR_V3.0.0, X-CUBE-EEPRMA1_V4.1.0, X-CUBE-EEPRMA1_V4.2.0, X-CUBE-FREERTOS_V1.1.0, X-CUBE-GNSS1_V6.0.0, X-CUBE-MEMS1_V10.0.0, X-CUBE-MEMS1_V9.1.0, X-CUBE-MEMS1_V9.4.0, X-CUBE-MEMS1_V9.6.0, X-CUBE-NFC4_V3.0.0, X-CUBE-NFC7_V1.0.1, X-CUBE-SFXS2LP1_V4.0.0, X-CUBE-SUBG2_V5.0.0, X-CUBE-TOF1_V3.4.0]
2024-02-08 13:49:55,173 [INFO] ApiDb:240 - Found 371 in-development CPN: [B-G473E-ZEST1S, B-WB1M-WPAN1, B-WL5M-SUBG1, NUCLEO-C031C6, NUCLEO-H503RB, NUCLEO-H563ZI, NUCLEO-U545RE-Q, NUCLEO-U5A5ZJ-Q, NUCLEO-WBA52CG, NUCLEO-WBA55CG, STEVAL-MKBOXPRO, STEVAL-PROTEUS1, STEVAL-STWINBX1, STM320518-EVAL, STM32C0116-DK, STM32C011D6Y3TR, STM32C011D6Y6TR, STM32C011F4P3, STM32C011F4P6, STM32C011F4U3, STM32C011F4U6TR, STM32C011F6P3, STM32C011F6P6, STM32C011F6U3, STM32C011F6U6TR, STM32C011J4M3, STM32C011J4M6, STM32C011J6M3, STM32C011J6M6, STM32C0316-DK, STM32C031C4T3, STM32C031C4T6, STM32C031C4U3, STM32C031C4U6, STM32C031C6T3, STM32C031C6T6, STM32C031C6U3, STM32C031C6U6, STM32C031F4P3, STM32C031F4P6, STM32C031F6P3, STM32C031F6P6, STM32C031G4U3, STM32C031G4U6, STM32C031G6U3, STM32C031G6U6, STM32C031K4T3, STM32C031K4T6, STM32C031K4U3, STM32C031K4U6, STM32C031K6T3, STM32C031K6T6, STM32C031K6U3, STM32C031K6U6, STM32G071K8TXN, STM32G071K8UXN, STM32G081GBU6N, STM32G081KBT6N, STM32G081KBUXN, STM32G0B1CCT6N, STM32G0B1KCT6, STM32G0B1NEY6TR, STM32G0B1RCT6N, STM32G0C1CCT6, STM32G0C1CCT6N, STM32G0C1CCU6N, STM32G0C1CET6N, STM32G0C1CEU6N, STM32G0C1KCT6, STM32G0C1NEY6TR, STM32G0C1RCI6N, STM32G0C1RCT6N, STM32G0C1REI6N, STM32G0C1RET6N, STM32G0C1VCI6, STM32G0C1VEI6, STM32G471CCT6, STM32G471CCU6, STM32G471CET3, STM32G471CET6, STM32G471CEU3, STM32G471CEU6, STM32G471MCT6, STM32G471MET3, STM32G471MET6, STM32G471MEY6TR, STM32G471QCT6, STM32G471QET3, STM32G471RCT6, STM32G471RET3, STM32G471RET6, STM32G471VCH6, STM32G471VCI6, STM32G471VCT6, STM32G471VEH3, STM32G471VEH6, STM32G471VEI3, STM32G471VEI6, STM32G471VET3, STM32G471VET6, STM32G474CCT6, STM32H503CBT6, STM32H503CBU6, STM32H503EBY6TR, STM32H503KBU6, STM32H503RBT6, STM32H562AGI6, STM32H562AII6, STM32H562IGK6, STM32H562IGT6, STM32H562IIK6, STM32H562IIT6, STM32H562RGT6, STM32H562RGV6, STM32H562RIT6, STM32H562RIV6, STM32H562VGT6, STM32H562VIT6, STM32H562ZGT6, STM32H562ZIT6, STM32H563AGI6, STM32H563AII3Q, STM32H563AII6, STM32H563IGK6, STM32H563IGT6, STM32H563IIK3Q, STM32H563IIK6, STM32H563IIT3Q, STM32H563IIT6, STM32H563MIY3QTR, STM32H563RGT6, STM32H563RGV6, STM32H563RIT6, STM32H563RIV6, STM32H563VGT6, STM32H563VIT3Q, STM32H563VIT6, STM32H563ZGT6, STM32H563ZIT3Q, STM32H563ZIT6, STM32H573AII3Q, STM32H573AII6, STM32H573I-DK, STM32H573IIK3Q, STM32H573IIK6, STM32H573IIT3Q, STM32H573IIT6, STM32H573MIY3QTR, STM32H573RIT6, STM32H573RIV6, STM32H573VIT3Q, STM32H573VIT6, STM32H573ZIT3Q, STM32H573ZIT6, STM32L4R5QGI6STR, STM32MP131AAE3, STM32MP131AAF3, STM32MP131AAG3, STM32MP131CAE3, STM32MP131CAF3, STM32MP131CAG3, STM32MP131DAE7, STM32MP131DAF7, STM32MP131DAG7, STM32MP131FAE7, STM32MP131FAF7, STM32MP131FAG7, STM32MP133AAE3, STM32MP133AAF3, STM32MP133AAG3, STM32MP133CAE3, STM32MP133CAF3, STM32MP133CAG3, STM32MP133DAE7, STM32MP133DAF7, STM32MP133DAG7, STM32MP133FAE7, STM32MP133FAF7, STM32MP133FAG7, STM32MP135AAE3, STM32MP135AAF3, STM32MP135AAG3, STM32MP135CAE3, STM32MP135CAF3, STM32MP135CAG3, STM32MP135DAE7, STM32MP135DAF7, STM32MP135DAG7, STM32MP135F-DK, STM32MP135FAE7, STM32MP135FAF7, STM32MP135FAF7T, STM32MP135FAF7U, STM32MP135FAG7, STM32U535CBT6, STM32U535CBT6Q, STM32U535CBU6, STM32U535CBU6Q, STM32U535CCT6, STM32U535CCT6Q, STM32U535CCU6, STM32U535CCU6Q, STM32U535CET6, STM32U535CET6Q, STM32U535CEU6, STM32U535CEU6Q, STM32U535JEY6QTR, STM32U535NCY6QTR, STM32U535NEY6QTR, STM32U535RBI6, STM32U535RBI6Q, STM32U535RBT6, STM32U535RBT6Q, STM32U535RCI6, STM32U535RCI6Q, STM32U535RCT6, STM32U535RCT6Q, STM32U535REI6, STM32U535REI6Q, STM32U535RET6, STM32U535RET6Q, STM32U535VCI6, STM32U535VCI6Q, STM32U535VCT6, STM32U535VCT6Q, STM32U535VEI6, STM32U535VEI6Q, STM32U535VET6, STM32U535VET6Q, STM32U545CET6, STM32U545CET6Q, STM32U545CEU6, STM32U545CEU6Q, STM32U545JEY6QTR, STM32U545NEY6QTR, STM32U545REI6, STM32U545REI6Q, STM32U545RET6, STM32U545RET6Q, STM32U545VEI6, STM32U545VEI6Q, STM32U545VET6, STM32U545VET6Q, STM32U595AIH6, STM32U595AIH6Q, STM32U595AJH6, STM32U595AJH6Q, STM32U595QII6, STM32U595QII6Q, STM32U595QJI6, STM32U595QJI6Q, STM32U595RIT6, STM32U595RIT6Q, STM32U595RJT6, STM32U595RJT6Q, STM32U595VIT6, STM32U595VIT6Q, STM32U595VJT6, STM32U595VJT6Q, STM32U595ZIT6, STM32U595ZIT6Q, STM32U595ZIY6QTR, STM32U595ZJT6, STM32U595ZJT6Q, STM32U595ZJY6QTR, STM32U599BJY6QTR, STM32U599NIH6Q, STM32U599NJH6Q, STM32U599VIT6Q, STM32U599VJT6, STM32U599VJT6Q, STM32U599ZIT6Q, STM32U599ZIY6QTR, STM32U599ZJT6Q, STM32U599ZJY6QTR, STM32U5A5AJH6, STM32U5A5AJH6Q, STM32U5A5QJI6, STM32U5A5QJI6Q, STM32U5A5RJT6, STM32U5A5RJT6Q, STM32U5A5VJT6, STM32U5A5VJT6Q, STM32U5A5ZJT6, STM32U5A5ZJT6Q, STM32U5A5ZJY6QTR, STM32U5A9BJY6QTR, STM32U5A9J-DK, STM32U5A9NJH6Q, STM32U5A9VJT6Q, STM32U5A9ZJT6Q, STM32U5A9ZJY6QTR, STM32U5F7VIT6, STM32U5F7VIT6Q, STM32U5F7VJT6, STM32U5F7VJT6Q, STM32U5F9BJY6QTR, STM32U5F9NJH6Q, STM32U5F9VIT6Q, STM32U5F9VJT6Q, STM32U5F9ZIJ6QTR, STM32U5F9ZIT6Q, STM32U5F9ZJJ6QTR, STM32U5F9ZJT6Q, STM32U5G7VJT6, STM32U5G7VJT6Q, STM32U5G9BJY6QTR, STM32U5G9J-DK1, STM32U5G9J-DK2, STM32U5G9NJH6Q, STM32U5G9VJT6Q, STM32U5G9ZJJ6QTR, STM32U5G9ZJT6Q, STM32WB1MMCH6, STM32WBA50KEU6, STM32WBA50KEU6TR, STM32WBA50KGU6, STM32WBA50KGU6TR, STM32WBA52CEU6, STM32WBA52CEU6TR, STM32WBA52CEU7, STM32WBA52CEU7TR, STM32WBA52CGU6, STM32WBA52CGU6TR, STM32WBA52CGU6U, STM32WBA52CGU7, STM32WBA52CGU7TR, STM32WBA52KEU6, STM32WBA52KEU6TR, STM32WBA52KGU6, STM32WBA52KGU6TR, STM32WBA54CEU6, STM32WBA54CEU6TR, STM32WBA54CEU7, STM32WBA54CEU7TR, STM32WBA54CGU6, STM32WBA54CGU6TR, STM32WBA54CGU7, STM32WBA54CGU7TR, STM32WBA54KEU6, STM32WBA54KEU6TR, STM32WBA54KEU7, STM32WBA54KEU7TR, STM32WBA54KGU6, STM32WBA54KGU6TR, STM32WBA54KGU7, STM32WBA54KGU7TR, STM32WBA55CEU6, STM32WBA55CEU6TR, STM32WBA55CEU7, STM32WBA55CEU7TR, STM32WBA55CGU6, STM32WBA55CGU6TR, STM32WBA55CGU6U, STM32WBA55CGU7, STM32WBA55CGU7TR, STM32WBA55G-DK1, STM32WBA55HEF6, STM32WBA55HEF7, STM32WBA55HGF6, STM32WBA55HGF7, STM32WBA55UEI6, STM32WBA55UEI6TR, STM32WBA55UEI7, STM32WBA55UEI7TR, STM32WBA55UGI6, STM32WBA55UGI6TR, STM32WBA55UGI7, STM32WBA55UGI7TR, STM32WL5MOCH6, STM32WL5MOCH6TR]
2024-02-08 13:49:55,177 [INFO] DbMcus:218 - Found 3930 MCUs, 3930 are supported
2024-02-08 13:49:55,177 [INFO] ApiDb:423 - Load user favorites file C:\Users\Javier/.stm32cubeide/favorites.mcus.txt: 0 item(s)
2024-02-08 13:49:55,178 [INFO] ApiDb:427 - User favorites MCUs=[]
2024-02-08 13:49:55,178 [INFO] DbMcus:224 - Set 0 / 0 favorites MCUs
2024-02-08 13:49:55,531 [INFO] MicroXplorer:468 - Change Database Path : 
2024-02-08 13:49:55,532 [INFO] MicroXplorer:498 - Change Database Version : DB.6.0.100
2024-02-08 13:49:55,533 [WARN] ThirdParty:833 - waiting for thirdparty lock release [change project]
2024-02-08 13:49:55,533 [INFO] ThirdParty:835 - entering critical section [change project]
2024-02-08 13:49:55,533 [INFO] ThirdParty:1030 - CMSIS Pack Vendor :STMicroelectronics USBPD 4.1
2024-02-08 13:49:55,533 [INFO] ThirdParty:1030 - CMSIS Pack Vendor :STMicroelectronics X-CUBE-GNSS1 6.0.0
2024-02-08 13:49:55,533 [INFO] ThirdParty:1030 - CMSIS Pack Vendor :STMicroelectronics USB_HOST 2.0.0
2024-02-08 13:49:55,533 [INFO] ThirdParty:1030 - CMSIS Pack Vendor :STMicroelectronics X-CUBE-AZRTOS-F4 1.1.0
2024-02-08 13:49:55,533 [INFO] ThirdParty:1030 - CMSIS Pack Vendor :STMicroelectronics LIBJPEG 8.0.0
2024-02-08 13:49:55,533 [INFO] ThirdParty:1030 - CMSIS Pack Vendor :STMicroelectronics X-CUBE-SMBUS 2.1.0
2024-02-08 13:49:55,533 [INFO] ThirdParty:1030 - CMSIS Pack Vendor :STMicroelectronics USB_DEVICE 3.0.0
2024-02-08 13:49:55,533 [INFO] ThirdParty:1030 - CMSIS Pack Vendor :STMicroelectronics X-CUBE-AZRTOS-WB 2.0.0
2024-02-08 13:49:55,534 [INFO] ThirdParty:1030 - CMSIS Pack Vendor :STMicroelectronics X-CUBE-AZRTOS-F7 1.1.0
2024-02-08 13:49:55,534 [INFO] ThirdParty:1030 - CMSIS Pack Vendor :STMicroelectronics X-CUBE-AZRTOS-L5 2.0.0
2024-02-08 13:49:55,534 [INFO] ThirdParty:1030 - CMSIS Pack Vendor :STMicroelectronics USB_DEVICE 2.0.0
2024-02-08 13:49:55,534 [INFO] ThirdParty:1030 - CMSIS Pack Vendor :STMicroelectronics FP-SNS-MOTENV1 4.3.2
2024-02-08 13:49:55,534 [INFO] ThirdParty:1030 - CMSIS Pack Vendor :STMicroelectronics X-CUBE-ALGOBUILD 1.3.0
2024-02-08 13:49:55,534 [INFO] ThirdParty:1030 - CMSIS Pack Vendor :STMicroelectronics FreeRTOS 0.0.1
2024-02-08 13:49:55,534 [INFO] ThirdParty:1030 - CMSIS Pack Vendor :STMicroelectronics X-CUBE-AZRTOS-G0 1.1.0
2024-02-08 13:49:55,534 [INFO] ThirdParty:1030 - CMSIS Pack Vendor :STMicroelectronics X-CUBE-NFC4 3.0.0
2024-02-08 13:49:55,534 [INFO] ThirdParty:1030 - CMSIS Pack Vendor :STMicroelectronics X-CUBE-SUBG2 5.0.0
2024-02-08 13:49:55,534 [INFO] ThirdParty:1030 - CMSIS Pack Vendor :STMicroelectronics STM32_WPAN 1.0.0
2024-02-08 13:49:55,534 [INFO] ThirdParty:1030 - CMSIS Pack Vendor :STMicroelectronics lwIP 2.0.3
2024-02-08 13:49:55,534 [INFO] ThirdParty:1030 - CMSIS Pack Vendor :STMicroelectronics FP-SNS-FLIGHT1 5.0.2
2024-02-08 13:49:55,534 [INFO] ThirdParty:1030 - CMSIS Pack Vendor :STMicroelectronics USB_HOST 1.0.0
2024-02-08 13:49:55,535 [INFO] ThirdParty:1030 - CMSIS Pack Vendor :STMicroelectronics X-CUBE-AZRTOS-G4 2.0.0
2024-02-08 13:49:55,535 [INFO] ThirdParty:1030 - CMSIS Pack Vendor :STMicroelectronics PDM2PCM 3.1.0
2024-02-08 13:49:55,535 [INFO] ThirdParty:1030 - CMSIS Pack Vendor :STMicroelectronics X-CUBE-BLEMGR 3.0.0
2024-02-08 13:49:55,535 [INFO] ThirdParty:1030 - CMSIS Pack Vendor :STMicroelectronics PDM2PCM 3.3.0
2024-02-08 13:49:55,535 [INFO] ThirdParty:1030 - CMSIS Pack Vendor :STMicroelectronics X-CUBE-DISPLAY 3.0.0
2024-02-08 13:49:55,535 [INFO] ThirdParty:1030 - CMSIS Pack Vendor :STMicroelectronics X-CUBE-BLE1 7.0.0
2024-02-08 13:49:55,535 [INFO] ThirdParty:1030 - CMSIS Pack Vendor :STMicroelectronics FP-ATR-SIGFOX1 3.2.0
2024-02-08 13:49:55,535 [INFO] ThirdParty:1030 - CMSIS Pack Vendor :STMicroelectronics HAL Drivers 0.0.0
2024-02-08 13:49:55,535 [INFO] ThirdParty:1030 - CMSIS Pack Vendor :STMicroelectronics MBEDTLS 2.16.2
2024-02-08 13:49:55,535 [INFO] ThirdParty:1030 - CMSIS Pack Vendor :STMicroelectronics X-CUBE-MEMS1 10.0.0
2024-02-08 13:49:55,535 [INFO] ThirdParty:1030 - CMSIS Pack Vendor :STMicroelectronics X-CUBE-FREERTOS 1.1.0
2024-02-08 13:49:55,535 [INFO] ThirdParty:1030 - CMSIS Pack Vendor :STMicroelectronics X-CUBE-NFC7 1.0.1
2024-02-08 13:49:55,535 [INFO] ThirdParty:1030 - CMSIS Pack Vendor :STMicroelectronics MBEDTLS 2.14.1
2024-02-08 13:49:55,535 [INFO] ThirdParty:1030 - CMSIS Pack Vendor :STMicroelectronics X-CUBE-NFC6 3.0.0
2024-02-08 13:49:55,535 [INFO] ThirdParty:1030 - CMSIS Pack Vendor :portGmbH I-Cube-SoM-uGOAL 1.1.0
2024-02-08 13:49:55,535 [INFO] ThirdParty:1030 - CMSIS Pack Vendor :STMicroelectronics X-CUBE-ALS 1.0.1
2024-02-08 13:49:55,535 [INFO] ThirdParty:1030 - CMSIS Pack Vendor :STMicroelectronics ThreadX 1.0.0
2024-02-08 13:49:55,535 [INFO] ThirdParty:1030 - CMSIS Pack Vendor :STMicroelectronics FP-SNS-SMARTAG2 1.2.0
2024-02-08 13:49:55,536 [INFO] ThirdParty:1030 - CMSIS Pack Vendor :STMicroelectronics X-CUBE-AZRTOS-WL 2.0.0
2024-02-08 13:49:55,536 [INFO] ThirdParty:1030 - CMSIS Pack Vendor :SEGGER I-CUBE-embOS 1.3.1
2024-02-08 13:49:55,536 [INFO] ThirdParty:1030 - CMSIS Pack Vendor :STMicroelectronics USB_DEVICE 1.0.0
2024-02-08 13:49:55,536 [INFO] ThirdParty:1030 - CMSIS Pack Vendor :STMicroelectronics X-CUBE-AI 8.1.0
2024-02-08 13:49:55,536 [INFO] ThirdParty:1030 - CMSIS Pack Vendor :STMicroelectronics X-CUBE-AZRTOS-L4 2.0.0
2024-02-08 13:49:55,536 [INFO] ThirdParty:1030 - CMSIS Pack Vendor :STMicroelectronics ThreadX 0.0.2
2024-02-08 13:49:55,536 [INFO] ThirdParty:1030 - CMSIS Pack Vendor :STMicroelectronics FP-ATR-ASTRA1 2.0.0
2024-02-08 13:49:55,536 [INFO] ThirdParty:1030 - CMSIS Pack Vendor :STMicroelectronics lwIP 2.1.2
2024-02-08 13:49:55,536 [INFO] ThirdParty:1030 - CMSIS Pack Vendor :STMicroelectronics X-CUBE-SFXS2LP1 4.0.0
2024-02-08 13:49:55,536 [INFO] ThirdParty:1030 - CMSIS Pack Vendor :STMicroelectronics X-CUBE-BLE2 3.3.0
2024-02-08 13:49:55,536 [INFO] ThirdParty:1030 - CMSIS Pack Vendor :STMicroelectronics PDM2PCM 3.2.0
2024-02-08 13:49:55,536 [INFO] ThirdParty:841 - exiting critical section [change project]
2024-02-08 13:49:55,907 [INFO] PinOutPanel:1499 - setPackage(No Configuration,No Configuration)
2024-02-08 13:49:55,908 [INFO] PinOutPanel:1499 - setPackage(STM32F407VETx,LQFP100)
2024-02-08 13:49:56,274 [INFO] UtilMem:75 - Before build in PCC Used Memory: 586066304 Bytes (1073741824)
2024-02-08 13:49:57,060 [INFO] UtilMem:75 - After build in PCC Used Memory: 660576160 Bytes (1073741824)
2024-02-08 13:49:57,170 [INFO] ApiDbMcu:508 - Load IP Config File for FREERTOS
2024-02-08 13:49:57,200 [INFO] IPUIPlugin:80 - create IPUIPlugin
2024-02-08 13:49:57,200 [INFO] IPUIPlugin:80 - create IPUIPlugin
2024-02-08 13:49:57,200 [INFO] IPUIPlugin:80 - create IPUIPlugin
2024-02-08 13:49:57,200 [INFO] IPUIPlugin:80 - create IPUIPlugin
2024-02-08 13:49:57,201 [INFO] IPUIPlugin:80 - create IPUIPlugin
2024-02-08 13:49:57,201 [INFO] IPUIPlugin:80 - create IPUIPlugin
2024-02-08 13:49:57,201 [INFO] IPUIPlugin:80 - create IPUIPlugin
2024-02-08 13:49:57,201 [INFO] IPUIPlugin:80 - create IPUIPlugin
2024-02-08 13:49:57,201 [INFO] IPUIPlugin:80 - create IPUIPlugin
2024-02-08 13:49:57,201 [INFO] IPUIPlugin:80 - create IPUIPlugin
2024-02-08 13:49:57,202 [INFO] IPUIPlugin:80 - create IPUIPlugin
2024-02-08 13:49:57,202 [INFO] IPUIPlugin:80 - create IPUIPlugin
2024-02-08 13:49:57,202 [INFO] IPUIPlugin:80 - create IPUIPlugin
2024-02-08 13:49:57,202 [INFO] IPUIPlugin:80 - create IPUIPlugin
2024-02-08 13:49:57,202 [INFO] IPUIPlugin:80 - create IPUIPlugin
2024-02-08 13:49:57,202 [INFO] IPUIPlugin:80 - create IPUIPlugin
2024-02-08 13:49:57,202 [INFO] IPUIPlugin:80 - create IPUIPlugin
2024-02-08 13:49:57,202 [INFO] IPUIPlugin:80 - create IPUIPlugin
2024-02-08 13:49:57,203 [INFO] IPUIPlugin:80 - create IPUIPlugin
2024-02-08 13:49:57,203 [INFO] IPUIPlugin:80 - create IPUIPlugin
2024-02-08 13:49:57,203 [INFO] IPUIPlugin:80 - create IPUIPlugin
2024-02-08 13:49:57,203 [INFO] IPUIPlugin:80 - create IPUIPlugin
2024-02-08 13:49:57,203 [INFO] IPUIPlugin:80 - create IPUIPlugin
2024-02-08 13:49:57,204 [INFO] IPUIPlugin:80 - create IPUIPlugin
2024-02-08 13:49:57,204 [INFO] IPUIPlugin:80 - create IPUIPlugin
2024-02-08 13:49:57,204 [INFO] IPUIPlugin:80 - create IPUIPlugin
2024-02-08 13:49:57,204 [INFO] IPUIPlugin:80 - create IPUIPlugin
2024-02-08 13:49:57,204 [INFO] IPUIPlugin:80 - create IPUIPlugin
2024-02-08 13:49:57,205 [INFO] IPUIPlugin:80 - create IPUIPlugin
2024-02-08 13:49:57,205 [INFO] IPUIPlugin:80 - create IPUIPlugin
2024-02-08 13:49:57,205 [INFO] IPUIPlugin:80 - create IPUIPlugin
2024-02-08 13:49:57,205 [INFO] IPUIPlugin:80 - create IPUIPlugin
2024-02-08 13:49:57,205 [INFO] IPUIPlugin:80 - create IPUIPlugin
2024-02-08 13:49:57,206 [INFO] IPUIPlugin:80 - create IPUIPlugin
2024-02-08 13:49:57,206 [INFO] IPUIPlugin:80 - create IPUIPlugin
2024-02-08 13:49:57,207 [INFO] IPUIPlugin:80 - create IPUIPlugin
2024-02-08 13:49:57,207 [INFO] IPUIPlugin:80 - create IPUIPlugin
2024-02-08 13:49:57,207 [INFO] IPUIPlugin:80 - create IPUIPlugin
2024-02-08 13:49:57,208 [INFO] IPUIPlugin:80 - create IPUIPlugin
2024-02-08 13:49:57,208 [INFO] IPUIPlugin:80 - create IPUIPlugin
2024-02-08 13:49:57,208 [INFO] IPUIPlugin:80 - create IPUIPlugin
2024-02-08 13:49:57,208 [INFO] IPUIPlugin:80 - create IPUIPlugin
2024-02-08 13:49:57,208 [INFO] IPUIPlugin:80 - create IPUIPlugin
2024-02-08 13:49:57,209 [INFO] IPUIPlugin:80 - create IPUIPlugin
2024-02-08 13:49:57,209 [INFO] IPUIPlugin:80 - create IPUIPlugin
2024-02-08 13:49:57,209 [INFO] IPUIPlugin:80 - create IPUIPlugin
2024-02-08 13:49:57,209 [INFO] IPUIPlugin:80 - create IPUIPlugin
2024-02-08 13:49:57,210 [INFO] IPUIPlugin:80 - create IPUIPlugin
2024-02-08 13:49:57,210 [INFO] IPUIPlugin:80 - create IPUIPlugin
2024-02-08 13:49:57,210 [INFO] IPUIPlugin:80 - create IPUIPlugin
2024-02-08 13:49:57,210 [INFO] IPUIPlugin:80 - create IPUIPlugin
2024-02-08 13:49:57,211 [INFO] IPUIPlugin:80 - create IPUIPlugin
2024-02-08 13:49:57,211 [INFO] IPUIPlugin:80 - create IPUIPlugin
2024-02-08 13:49:57,211 [INFO] IPUIPlugin:80 - create IPUIPlugin
2024-02-08 13:49:57,212 [INFO] IPUIPlugin:80 - create IPUIPlugin
2024-02-08 13:49:57,213 [INFO] IPUIPlugin:80 - create IPUIPlugin
2024-02-08 13:49:57,213 [INFO] IPUIPlugin:80 - create IPUIPlugin
2024-02-08 13:49:57,214 [INFO] IPUIPlugin:80 - create IPUIPlugin
2024-02-08 13:49:57,229 [INFO] ApiDbMcu:508 - Load IP Config File for PDM2PCM
2024-02-08 13:49:57,260 [WARN] FreeRTOS:1023 - Null or empty value: should not occur! (nothing added to the table)
2024-02-08 13:49:57,450 [INFO] CADModel:165 - CPN selected for project levelSTM32F407VET6
2024-02-08 13:49:57,450 [INFO] CADModel:114 - Register for checkConnection events
2024-02-08 13:49:57,452 [INFO] RtosManager:697 - Active RTOS found at IOC load: FREERTOS [Cortex-M4NS]
2024-02-08 13:49:57,501 [INFO] OpenFileManager:343 - Restore cursor
2024-02-08 13:54:54,112 [INFO] NvicIntPanel:101 - NVIC parent = com.st.microxplorer.plugins.ip.nvic.MultiNvicIntPanel[,0,0,450x210,layout=javax.swing.BoxLayout,alignmentX=0.0,alignmentY=0.0,border=,flags=9,maximumSize=,minimumSize=,preferredSize=]
2024-02-08 13:55:11,484 [INFO] NvicIntPanel:101 - NVIC parent = com.st.microxplorer.plugins.ip.nvic.MultiNvicIntPanel[,0,0,0x0,invalid,layout=javax.swing.BoxLayout,alignmentX=0.0,alignmentY=0.0,border=,flags=9,maximumSize=,minimumSize=,preferredSize=]
2024-02-08 13:55:11,877 [INFO] NvicIntPanel:101 - NVIC parent = com.st.microxplorer.plugins.ip.nvic.MultiNvicIntPanel[,0,0,0x0,invalid,layout=javax.swing.BoxLayout,alignmentX=0.0,alignmentY=0.0,border=,flags=9,maximumSize=,minimumSize=,preferredSize=]
2024-02-08 13:55:12,581 [INFO] NvicIntPanel:101 - NVIC parent = com.st.microxplorer.plugins.ip.nvic.MultiNvicIntPanel[,0,0,0x0,invalid,layout=javax.swing.BoxLayout,alignmentX=0.0,alignmentY=0.0,border=,flags=9,maximumSize=,minimumSize=,preferredSize=]
2024-02-08 13:55:48,733 [INFO] UtilMem:75 - End SaveConfig() Used Memory: 633852904 Bytes (1073741824)
2024-02-08 13:55:49,691 [INFO] UtilMem:75 - End SaveConfig() Used Memory: 655763120 Bytes (1073741824)
2024-02-08 13:55:50,914 [INFO] UtilMem:75 - End SaveConfig() Used Memory: 696131216 Bytes (1073741824)
2024-02-08 13:55:52,374 [INFO] BlockDiagram:2759 - set Specific Code input for plugin: FREERTOS
2024-02-08 13:55:52,374 [INFO] BlockDiagram:2759 - set Specific Code input for plugin: TIM1_8
2024-02-08 13:55:52,374 [INFO] BlockDiagram:2759 - set Specific Code input for plugin: TIM1_8
2024-02-08 13:55:52,374 [INFO] BlockDiagram:2759 - set Specific Code input for plugin: SYS
2024-02-08 13:55:52,374 [INFO] BlockDiagram:2759 - set Specific Code input for plugin: RCC
2024-02-08 13:55:52,374 [INFO] BlockDiagram:2759 - set Specific Code input for plugin: NVIC
2024-02-08 13:55:52,374 [INFO] BlockDiagram:2759 - set Specific Code input for plugin: USART
2024-02-08 13:55:52,374 [INFO] BlockDiagram:2759 - set Specific Code input for plugin: TIM1_8
2024-02-08 13:55:52,374 [INFO] BlockDiagram:2759 - set Specific Code input for plugin: GPIO
2024-02-08 13:55:52,376 [INFO] CodeGenerator:807 - code generatio: config db path: C:\ST\STM32CubeIDE_1.14.1\STM32CubeIDE\plugins\com.st.stm32cube.common.mx_6.10.0.202311202037\\db\
2024-02-08 13:55:52,652 [INFO] CodeEngine:255 - oldGeneratedFile, C:\Users\Javier\Desktop\MDP(1)\MDP\MXTmpFiles\license.tmp_save
2024-02-08 13:55:52,923 [INFO] CodeEngine:279 - Generated code: C:\Users\Javier\Desktop\MDP(1)\MDP\MXTmpFiles\license.tmp
2024-02-08 13:55:53,001 [INFO] CodeEngine:255 - oldGeneratedFile, C:\Users\Javier\Desktop\MDP(1)\MDP\MXTmpFiles\gpio.tmp_save
2024-02-08 13:55:53,115 [INFO] CodeEngine:279 - Generated code: C:\Users\Javier\Desktop\MDP(1)\MDP\MXTmpFiles\gpio.tmp
2024-02-08 13:55:53,450 [INFO] Middleware:1439 - No code input for Bsp Dependency
2024-02-08 13:55:53,481 [INFO] CodeEngine:255 - oldGeneratedFile, C:\Users\Javier\Desktop\MDP(1)\MDP\MXTmpFiles\rtos_inc.tmp_save
2024-02-08 13:55:53,549 [INFO] CodeEngine:279 - Generated code: C:\Users\Javier\Desktop\MDP(1)\MDP\MXTmpFiles\rtos_inc.tmp
2024-02-08 13:55:53,558 [INFO] CodeEngine:255 - oldGeneratedFile, C:\Users\Javier\Desktop\MDP(1)\MDP\MXTmpFiles\rtos_kernelInit.tmp_save
2024-02-08 13:55:53,621 [INFO] CodeEngine:279 - Generated code: C:\Users\Javier\Desktop\MDP(1)\MDP\MXTmpFiles\rtos_kernelInit.tmp
2024-02-08 13:55:53,630 [INFO] CodeEngine:255 - oldGeneratedFile, C:\Users\Javier\Desktop\MDP(1)\MDP\MXTmpFiles\rtos_kernelStart.tmp_save
2024-02-08 13:55:53,688 [INFO] CodeEngine:279 - Generated code: C:\Users\Javier\Desktop\MDP(1)\MDP\MXTmpFiles\rtos_kernelStart.tmp
2024-02-08 13:55:53,698 [INFO] CodeEngine:255 - oldGeneratedFile, C:\Users\Javier\Desktop\MDP(1)\MDP\MXTmpFiles\rtos_typedefs.tmp_save
2024-02-08 13:55:53,755 [INFO] CodeEngine:279 - Generated code: C:\Users\Javier\Desktop\MDP(1)\MDP\MXTmpFiles\rtos_typedefs.tmp
2024-02-08 13:55:53,766 [INFO] CodeEngine:255 - oldGeneratedFile, C:\Users\Javier\Desktop\MDP(1)\MDP\MXTmpFiles\rtos_vars.tmp_save
2024-02-08 13:55:53,828 [INFO] CodeEngine:279 - Generated code: C:\Users\Javier\Desktop\MDP(1)\MDP\MXTmpFiles\rtos_vars.tmp
2024-02-08 13:55:53,844 [INFO] CodeEngine:255 - oldGeneratedFile, C:\Users\Javier\Desktop\MDP(1)\MDP\MXTmpFiles\rtos_pfp.tmp_save
2024-02-08 13:55:53,897 [INFO] CodeEngine:279 - Generated code: C:\Users\Javier\Desktop\MDP(1)\MDP\MXTmpFiles\rtos_pfp.tmp
2024-02-08 13:55:53,906 [INFO] CodeEngine:255 - oldGeneratedFile, C:\Users\Javier\Desktop\MDP(1)\MDP\MXTmpFiles\rtos_obj_creat.tmp_save
2024-02-08 13:55:53,964 [INFO] CodeEngine:279 - Generated code: C:\Users\Javier\Desktop\MDP(1)\MDP\MXTmpFiles\rtos_obj_creat.tmp
2024-02-08 13:55:53,972 [INFO] CodeEngine:255 - oldGeneratedFile, C:\Users\Javier\Desktop\MDP(1)\MDP\MXTmpFiles\rtos_default_thread.tmp_save
2024-02-08 13:55:54,030 [INFO] CodeEngine:279 - Generated code: C:\Users\Javier\Desktop\MDP(1)\MDP\MXTmpFiles\rtos_default_thread.tmp
2024-02-08 13:55:54,039 [INFO] CodeEngine:255 - oldGeneratedFile, C:\Users\Javier\Desktop\MDP(1)\MDP\MXTmpFiles\rtos_threads.tmp_save
2024-02-08 13:55:54,094 [INFO] CodeEngine:279 - Generated code: C:\Users\Javier\Desktop\MDP(1)\MDP\MXTmpFiles\rtos_threads.tmp
2024-02-08 13:55:54,113 [INFO] Middleware:1439 - No code input for Bsp Dependency
2024-02-08 13:55:54,136 [INFO] CodeEngine:255 - oldGeneratedFile, C:\Users\Javier\Desktop\MDP(1)\MDP\MXTmpFiles\rtos_inc.tmp_save
2024-02-08 13:55:54,190 [INFO] CodeEngine:279 - Generated code: C:\Users\Javier\Desktop\MDP(1)\MDP\MXTmpFiles\rtos_inc.tmp
2024-02-08 13:55:54,202 [INFO] CodeEngine:255 - oldGeneratedFile, C:\Users\Javier\Desktop\MDP(1)\MDP\MXTmpFiles\rtos_kernelInit.tmp_save
2024-02-08 13:55:54,254 [INFO] CodeEngine:279 - Generated code: C:\Users\Javier\Desktop\MDP(1)\MDP\MXTmpFiles\rtos_kernelInit.tmp
2024-02-08 13:55:54,263 [INFO] CodeEngine:255 - oldGeneratedFile, C:\Users\Javier\Desktop\MDP(1)\MDP\MXTmpFiles\rtos_kernelStart.tmp_save
2024-02-08 13:55:54,318 [INFO] CodeEngine:279 - Generated code: C:\Users\Javier\Desktop\MDP(1)\MDP\MXTmpFiles\rtos_kernelStart.tmp
2024-02-08 13:55:54,328 [INFO] CodeEngine:255 - oldGeneratedFile, C:\Users\Javier\Desktop\MDP(1)\MDP\MXTmpFiles\rtos_typedefs.tmp_save
2024-02-08 13:55:54,380 [INFO] CodeEngine:279 - Generated code: C:\Users\Javier\Desktop\MDP(1)\MDP\MXTmpFiles\rtos_typedefs.tmp
2024-02-08 13:55:54,391 [INFO] CodeEngine:255 - oldGeneratedFile, C:\Users\Javier\Desktop\MDP(1)\MDP\MXTmpFiles\rtos_vars.tmp_save
2024-02-08 13:55:54,451 [INFO] CodeEngine:279 - Generated code: C:\Users\Javier\Desktop\MDP(1)\MDP\MXTmpFiles\rtos_vars.tmp
2024-02-08 13:55:54,466 [INFO] CodeEngine:255 - oldGeneratedFile, C:\Users\Javier\Desktop\MDP(1)\MDP\MXTmpFiles\rtos_pfp.tmp_save
2024-02-08 13:55:54,520 [INFO] CodeEngine:279 - Generated code: C:\Users\Javier\Desktop\MDP(1)\MDP\MXTmpFiles\rtos_pfp.tmp
2024-02-08 13:55:54,533 [INFO] CodeEngine:255 - oldGeneratedFile, C:\Users\Javier\Desktop\MDP(1)\MDP\MXTmpFiles\rtos_obj_creat.tmp_save
2024-02-08 13:55:54,591 [INFO] CodeEngine:279 - Generated code: C:\Users\Javier\Desktop\MDP(1)\MDP\MXTmpFiles\rtos_obj_creat.tmp
2024-02-08 13:55:54,602 [INFO] CodeEngine:255 - oldGeneratedFile, C:\Users\Javier\Desktop\MDP(1)\MDP\MXTmpFiles\rtos_default_thread.tmp_save
2024-02-08 13:55:54,656 [INFO] CodeEngine:279 - Generated code: C:\Users\Javier\Desktop\MDP(1)\MDP\MXTmpFiles\rtos_default_thread.tmp
2024-02-08 13:55:54,667 [INFO] CodeEngine:255 - oldGeneratedFile, C:\Users\Javier\Desktop\MDP(1)\MDP\MXTmpFiles\rtos_threads.tmp_save
2024-02-08 13:55:54,726 [INFO] CodeEngine:279 - Generated code: C:\Users\Javier\Desktop\MDP(1)\MDP\MXTmpFiles\rtos_threads.tmp
2024-02-08 13:55:54,741 [INFO] CodeEngine:255 - oldGeneratedFile, C:\Users\Javier\Desktop\MDP(1)\MDP\Core\Inc\FreeRTOSConfig.h_save
2024-02-08 13:55:54,824 [INFO] CodeEngine:279 - Generated code: C:\Users\Javier\Desktop\MDP(1)\MDP\Core\Inc\FreeRTOSConfig.h
2024-02-08 13:55:54,841 [INFO] CodeEngine:255 - oldGeneratedFile, C:\Users\Javier\Desktop\MDP(1)\MDP\Core\Src\freertos.c_save
2024-02-08 13:55:54,925 [INFO] CodeEngine:279 - Generated code: C:\Users\Javier\Desktop\MDP(1)\MDP\Core\Src\freertos.c
2024-02-08 13:55:54,971 [INFO] CodeEngine:255 - oldGeneratedFile, C:\Users\Javier\Desktop\MDP(1)\MDP\Core\Src\stm32f4xx_it.c_save
2024-02-08 13:55:55,081 [INFO] CodeEngine:279 - Generated code: C:\Users\Javier\Desktop\MDP(1)\MDP\Core\Src\stm32f4xx_it.c
2024-02-08 13:55:55,097 [INFO] CodeEngine:255 - oldGeneratedFile, C:\Users\Javier\Desktop\MDP(1)\MDP\Core\Inc\stm32f4xx_it.h_save
2024-02-08 13:55:55,166 [INFO] CodeEngine:279 - Generated code: C:\Users\Javier\Desktop\MDP(1)\MDP\Core\Inc\stm32f4xx_it.h
2024-02-08 13:55:55,210 [INFO] CodeEngine:255 - oldGeneratedFile, C:\Users\Javier\Desktop\MDP(1)\MDP\Core\Src\stm32f4xx_hal_msp.c_save
2024-02-08 13:55:55,345 [INFO] CodeEngine:279 - Generated code: C:\Users\Javier\Desktop\MDP(1)\MDP\Core\Src\stm32f4xx_hal_msp.c
2024-02-08 13:55:55,365 [INFO] CodeEngine:255 - oldGeneratedFile, C:\Users\Javier\Desktop\MDP(1)\MDP\MXTmpFiles\system.tmp_save
2024-02-08 13:55:55,421 [INFO] CodeEngine:279 - Generated code: C:\Users\Javier\Desktop\MDP(1)\MDP\MXTmpFiles\system.tmp
2024-02-08 13:55:55,453 [INFO] CodeEngine:311 - oldGeneratedFile, C:\Users\Javier\Desktop\MDP(1)\MDP\Core\Inc\stm32f4xx_hal_conf.h_save
2024-02-08 13:55:55,533 [INFO] CodeEngine:335 - Generated code: C:\Users\Javier\Desktop\MDP(1)\MDP\Core\Inc\stm32f4xx_hal_conf.h
2024-02-08 13:55:55,564 [WARN] IPConfigManager:3440 - IP not found : TIM
2024-02-08 13:55:55,565 [WARN] CodeGenerator:3939 - IP not found : null
2024-02-08 13:55:55,592 [INFO] CodeEngine:255 - oldGeneratedFile, C:\Users\Javier\Desktop\MDP(1)\MDP\Core\Inc\main.h_save
2024-02-08 13:55:55,669 [INFO] CodeEngine:279 - Generated code: C:\Users\Javier\Desktop\MDP(1)\MDP\Core\Inc\main.h
2024-02-08 13:55:55,683 [INFO] CodeEngine:255 - oldGeneratedFile, C:\Users\Javier\Desktop\MDP(1)\MDP\Core\Src\main.c_save
2024-02-08 13:55:55,857 [INFO] CodeEngine:279 - Generated code: C:\Users\Javier\Desktop\MDP(1)\MDP\Core\Src\main.c
2024-02-08 13:55:56,750 [INFO] ProjectBuilder:3076 - Time for Copy HAL[1] : 528mS.
2024-02-08 13:55:56,757 [INFO] ProjectBuilder:4485 - Project Generator version: 4.2.0-B44
2024-02-08 13:55:56,980 [INFO] ConfigFileManager:1495 - The Die is : DIE413
2024-02-08 13:55:56,987 [INFO] ApiDbMcu:508 - Load IP Config File for FATFS
2024-02-08 13:55:56,991 [INFO] ApiDbMcu:508 - Load IP Config File for LIBJPEG
2024-02-08 13:55:56,998 [INFO] ApiDbMcu:508 - Load IP Config File for LWIP
2024-02-08 13:55:57,006 [INFO] ApiDbMcu:508 - Load IP Config File for MBEDTLS
2024-02-08 13:55:57,015 [INFO] ApiDbMcu:508 - Load IP Config File for USB_DEVICE
2024-02-08 13:55:57,021 [INFO] ApiDbMcu:508 - Load IP Config File for USB_HOST
2024-02-08 13:55:57,600 [INFO] LogOutputStream:77 - [STDOUT_REDIRECT] 
2024-02-08 13:55:59,024 [INFO] ProjectBuilder:4747 - Time for Generating toolchain IDE Files: 2267mS.
2024-02-08 13:55:59,026 [INFO] ProjectBuilder:2947 - Time for Copy CMSIS : 1mS.
2024-02-08 13:55:59,035 [INFO] ProjectBuilder:2947 - Time for Copy CMSIS : 0mS.
2024-02-08 14:21:06,695 [ERROR] LogOutputStream:75 - [STDERR_REDIRECT] 
2024-02-08 14:21:06,695 [ERROR] LogOutputStream:75 - [STDERR_REDIRECT] 
2024-02-08 14:33:55,010 [INFO] Activator:176 - 


2024-02-08 14:33:55,012 [INFO] Activator:177 - !SESSION log4j initialized
2024-02-08 14:33:59,137 [INFO] LogOutputStream:77 - [STDOUT_REDIRECT] 
2024-02-08 14:34:00,432 [INFO] ApplicationProperties:184 - Using Application install path: C:\ST\STM32CubeIDE_1.14.1\STM32CubeIDE\plugins\com.st.stm32cube.common.mx_6.10.0.202311202037
2024-02-08 14:34:00,453 [INFO] DbMcusXml:78 - Set database path to: C:\ST\STM32CubeIDE_1.14.1\STM32CubeIDE\plugins\com.st.stm32cube.common.mx_6.10.0.202311202037\\db\/mcu/
2024-02-08 14:34:00,453 [INFO] ApiDb:274 - Set plugin database path to: C:\ST\STM32CubeIDE_1.14.1\STM32CubeIDE\plugins\com.st.stm32cube.common.mx_6.10.0.202311202037\\db\/plugins/boardmanager/
2024-02-08 14:34:00,454 [WARN] ApiDb:259 - Overriding images path with different value:  => C:\ST\STM32CubeIDE_1.14.1\STM32CubeIDE\plugins\com.st.stm32cube.common.mx_6.10.0.202311202037\\db\/plugins/mcufinder/images/
2024-02-08 14:34:00,462 [INFO] ApiDb:250 - Set database path to: C:\Users\Javier\.stmcufinder\plugins\mcufinder//mcu/
2024-02-08 14:34:00,463 [INFO] DbMcusAds:125 - Set database path to: C:\Users\Javier\.stmcufinder\plugins\mcufinder//mcu/
2024-02-08 14:34:00,465 [INFO] CrossReferenceDbSqlite:203 - Set database path to: C:\Users\Javier\.stmcufinder\plugins\mcufinder//mcu/cs/
2024-02-08 14:34:00,598 [INFO] RulesReader:64 - Compatibility file has been processed (297 Rules)
2024-02-08 14:34:00,710 [INFO] DbMcusXml:78 - Set database path to: C:\ST\STM32CubeIDE_1.14.1\STM32CubeIDE\plugins\com.st.stm32cube.common.mx_6.10.0.202311202037\\db\/mcu/
2024-02-08 14:34:00,710 [INFO] ApiDb:274 - Set plugin database path to: C:\ST\STM32CubeIDE_1.14.1\STM32CubeIDE\plugins\com.st.stm32cube.common.mx_6.10.0.202311202037\\db\/plugins/boardmanager/
2024-02-08 14:34:00,712 [INFO] ApiDb:261 - Set plugin images path to: C:\ST\STM32CubeIDE_1.14.1\STM32CubeIDE\plugins\com.st.stm32cube.common.mx_6.10.0.202311202037\\db\/plugins/mcufinder/images/
2024-02-08 14:34:00,712 [WARN] DbFile:41 - Overriding database path with different value: C:\Users\Javier\.stmcufinder\plugins\mcufinder/ => C:\Users\Javier\.stmcufinder\plugins\mcufinder
2024-02-08 14:34:00,712 [INFO] ApiDb:250 - Set database path to: C:\Users\Javier\.stmcufinder\plugins\mcufinder//mcu/
2024-02-08 14:34:00,712 [WARN] DbFile:41 - Overriding database path with different value: C:\Users\Javier\.stmcufinder\plugins\mcufinder/ => C:\Users\Javier\.stmcufinder\plugins\mcufinder
2024-02-08 14:34:00,712 [INFO] DbMcusAds:125 - Set database path to: C:\Users\Javier\.stmcufinder\plugins\mcufinder//mcu/
2024-02-08 14:34:00,712 [WARN] DbFile:41 - Overriding database path with different value: C:\Users\Javier\.stmcufinder\plugins\mcufinder/ => C:\Users\Javier\.stmcufinder\plugins\mcufinder
2024-02-08 14:34:00,712 [WARN] DbFile:41 - Overriding database path with different value: C:\Users\Javier\.stmcufinder\plugins\mcufinder/ => C:\Users\Javier\.stmcufinder\plugins\mcufinder
2024-02-08 14:34:00,713 [INFO] CrossReferenceDbSqlite:203 - Set database path to: C:\Users\Javier\.stmcufinder\plugins\mcufinder//mcu/cs/
2024-02-08 14:34:00,806 [INFO] MainPanel:264 - HeapMemory: 268435456
2024-02-08 14:34:00,886 [INFO] DbMcusXml:78 - Set database path to: C:\ST\STM32CubeIDE_1.14.1\STM32CubeIDE\plugins\com.st.stm32cube.common.mx_6.10.0.202311202037\\db\/mcu/
2024-02-08 14:34:00,887 [INFO] ApiDb:274 - Set plugin database path to: C:\ST\STM32CubeIDE_1.14.1\STM32CubeIDE\plugins\com.st.stm32cube.common.mx_6.10.0.202311202037\\db\/plugins/boardmanager/
2024-02-08 14:34:00,887 [INFO] ApiDb:261 - Set plugin images path to: C:\ST\STM32CubeIDE_1.14.1\STM32CubeIDE\plugins\com.st.stm32cube.common.mx_6.10.0.202311202037\\db\/plugins/mcufinder/images/
2024-02-08 14:34:00,887 [WARN] DbFile:41 - Overriding database path with different value: C:\Users\Javier\.stmcufinder\plugins\mcufinder/ => C:\Users\Javier\.stmcufinder\plugins\mcufinder
2024-02-08 14:34:00,887 [INFO] ApiDb:250 - Set database path to: C:\Users\Javier\.stmcufinder\plugins\mcufinder//mcu/
2024-02-08 14:34:00,887 [WARN] DbFile:41 - Overriding database path with different value: C:\Users\Javier\.stmcufinder\plugins\mcufinder/ => C:\Users\Javier\.stmcufinder\plugins\mcufinder
2024-02-08 14:34:00,887 [INFO] DbMcusAds:125 - Set database path to: C:\Users\Javier\.stmcufinder\plugins\mcufinder//mcu/
2024-02-08 14:34:00,888 [WARN] DbFile:41 - Overriding database path with different value: C:\Users\Javier\.stmcufinder\plugins\mcufinder/ => C:\Users\Javier\.stmcufinder\plugins\mcufinder
2024-02-08 14:34:00,888 [WARN] DbFile:41 - Overriding database path with different value: C:\Users\Javier\.stmcufinder\plugins\mcufinder/ => C:\Users\Javier\.stmcufinder\plugins\mcufinder
2024-02-08 14:34:00,888 [INFO] CrossReferenceDbSqlite:203 - Set database path to: C:\Users\Javier\.stmcufinder\plugins\mcufinder//mcu/cs/
2024-02-08 14:34:00,912 [INFO] ApplicationProperties:184 - Using Application install path: C:\ST\STM32CubeIDE_1.14.1\STM32CubeIDE\plugins\com.st.stm32cube.common.mx_6.10.0.202311202037
2024-02-08 14:34:00,914 [INFO] PluginManage:196 - Search for loadable plugins [exclusion list=, ]
2024-02-08 14:34:00,915 [INFO] PluginManage:310 - Check plugin analytics
2024-02-08 14:34:01,127 [INFO] AnalyticsPlugin:253 - Accepted Software Licenses: 
2024-02-08 14:34:01,127 [INFO] AnalyticsPlugin:255 - Accepted CMSIS Pack Licenses: 
2024-02-08 14:34:01,127 [INFO] AnalyticsPlugin:257 - Accepted Firmware Licenses: FW.F4.1.28.0
2024-02-08 14:34:01,131 [INFO] PluginManage:359 - Loaded plugin analytics (category:tool,tabindex:-1)
2024-02-08 14:34:01,131 [INFO] PluginManage:310 - Check plugin cadmodel
2024-02-08 14:34:01,136 [INFO] CADModel:105 - Init CAD model plugin
2024-02-08 14:34:01,137 [INFO] PluginManage:359 - Loaded plugin cadmodel (category:power,tabindex:5)
2024-02-08 14:34:01,137 [INFO] PluginManage:310 - Check plugin clock
2024-02-08 14:34:01,150 [INFO] PluginManage:359 - Loaded plugin clock (category:base,tabindex:2)
2024-02-08 14:34:01,152 [INFO] PluginManage:310 - Check plugin ddr
2024-02-08 14:34:01,155 [INFO] PluginManage:359 - Loaded plugin ddr (category:tool,tabindex:6)
2024-02-08 14:34:01,155 [INFO] PluginManage:310 - Check plugin filemanager
2024-02-08 14:34:01,315 [INFO] PluginManage:359 - Loaded plugin filemanager (category:base,tabindex:10)
2024-02-08 14:34:01,315 [INFO] PluginManage:310 - Check plugin ipmanager
2024-02-08 14:34:01,325 [INFO] PluginManage:359 - Loaded plugin ipmanager (category:base,tabindex:5)
2024-02-08 14:34:01,326 [INFO] PluginManage:310 - Check plugin lpbam
2024-02-08 14:34:01,336 [INFO] PluginManage:359 - Loaded plugin lpbam (category:base,tabindex:0)
2024-02-08 14:34:01,337 [INFO] PluginManage:310 - Check plugin memorymap
2024-02-08 14:34:01,353 [INFO] PluginManage:359 - Loaded plugin memorymap (category:base,tabindex:4)
2024-02-08 14:34:01,353 [INFO] PluginManage:310 - Check plugin pinoutandconfiguration
2024-02-08 14:34:01,360 [INFO] PluginManage:359 - Loaded plugin pinoutandconfiguration (category:base,tabindex:1)
2024-02-08 14:34:01,360 [INFO] PluginManage:310 - Check plugin pinoutconfig
2024-02-08 14:34:01,460 [WARN] SupportedApi:132 - Cannot load RTOS API schema: s4s-elt-must-match.1: The content of 'definitions' must match (annotation?, (simpleType | complexType)?, (unique | key | keyref)*)). A problem was found starting at: attribute.
2024-02-08 14:34:01,641 [INFO] PluginManage:359 - Loaded plugin pinoutconfig (category:base,tabindex:0)
2024-02-08 14:34:01,641 [INFO] PluginManage:310 - Check plugin power
2024-02-08 14:34:01,650 [INFO] PluginManage:359 - Loaded plugin power (category:power,tabindex:4)
2024-02-08 14:34:01,651 [INFO] PluginManage:310 - Check plugin projectmanager
2024-02-08 14:34:01,668 [INFO] PluginManage:359 - Loaded plugin projectmanager (category:projectmanager,tabindex:3)
2024-02-08 14:34:01,669 [INFO] PluginManage:310 - Check plugin thirdparty
2024-02-08 14:34:01,817 [INFO] PluginManage:359 - Loaded plugin thirdparty (category:base,tabindex:-1)
2024-02-08 14:34:01,817 [WARN] IntegrityCheckThread:84 - waiting for thirdparty lock release [integrity check]
2024-02-08 14:34:01,817 [INFO] PluginManage:310 - Check plugin tools
2024-02-08 14:34:01,817 [INFO] IntegrityCheckThread:86 - entering critical section [integrity check]
2024-02-08 14:34:01,818 [INFO] ThirdPartyUpdaterWithRetryManager:70 - Updater plugin not ready yet. [1/15]
2024-02-08 14:34:01,821 [INFO] PluginManage:359 - Loaded plugin tools (category:base,tabindex:7)
2024-02-08 14:34:01,821 [INFO] PluginManage:310 - Check plugin tutovideos
2024-02-08 14:34:02,036 [INFO] PluginManage:359 - Loaded plugin tutovideos (category:base,tabindex:-1)
2024-02-08 14:34:02,036 [INFO] PluginManage:310 - Check plugin updater
2024-02-08 14:34:02,046 [INFO] PluginManage:359 - Loaded plugin updater (category:base,tabindex:12)
2024-02-08 14:34:02,046 [INFO] PluginManage:310 - Check plugin userauth
2024-02-08 14:34:02,051 [INFO] UserAuth:114 - Init User Auth plugin
2024-02-08 14:34:02,051 [INFO] PluginManage:359 - Loaded plugin userauth (category:base,tabindex:14)
2024-02-08 14:34:02,051 [INFO] PluginManage:283 - PluginManage : Loaded plugins [17]
2024-02-08 14:34:02,357 [INFO] PinOutPanel:1499 - setPackage(No Configuration,No Configuration)
2024-02-08 14:34:02,464 [INFO] CADModel:165 - CPN selected for project level
2024-02-08 14:34:02,464 [INFO] CADModel:114 - Register for checkConnection events
2024-02-08 14:34:02,481 [INFO] IPUIPlugin:80 - create IPUIPlugin
2024-02-08 14:34:02,481 [INFO] PluginManager:220 - loadIPPluginJar : add adc
2024-02-08 14:34:02,485 [INFO] IPUIPlugin:80 - create IPUIPlugin
2024-02-08 14:34:02,485 [INFO] PluginManager:220 - loadIPPluginJar : add aes
2024-02-08 14:34:02,487 [INFO] IPUIPlugin:80 - create IPUIPlugin
2024-02-08 14:34:02,488 [INFO] PluginManager:220 - loadIPPluginJar : add can
2024-02-08 14:34:02,490 [INFO] IPUIPlugin:80 - create IPUIPlugin
2024-02-08 14:34:02,490 [INFO] PluginManager:220 - loadIPPluginJar : add comp
2024-02-08 14:34:02,493 [INFO] IPUIPlugin:80 - create IPUIPlugin
2024-02-08 14:34:02,493 [INFO] PluginManager:220 - loadIPPluginJar : add cryp
2024-02-08 14:34:02,495 [INFO] IPUIPlugin:80 - create IPUIPlugin
2024-02-08 14:34:02,496 [INFO] PluginManager:220 - loadIPPluginJar : add dfsdm
2024-02-08 14:34:02,502 [INFO] IPUIPlugin:80 - create IPUIPlugin
2024-02-08 14:34:02,503 [INFO] PluginManager:220 - loadIPPluginJar : add dma
2024-02-08 14:34:02,506 [INFO] IPUIPlugin:80 - create IPUIPlugin
2024-02-08 14:34:02,506 [INFO] PluginManager:220 - loadIPPluginJar : add dma3
2024-02-08 14:34:02,507 [INFO] IPUIPlugin:80 - create IPUIPlugin
2024-02-08 14:34:02,508 [INFO] PluginManager:220 - loadIPPluginJar : add fatfs
2024-02-08 14:34:02,513 [INFO] IPUIPlugin:80 - create IPUIPlugin
2024-02-08 14:34:02,513 [INFO] PluginManager:220 - loadIPPluginJar : add fmc
2024-02-08 14:34:02,520 [INFO] IPUIPlugin:80 - create IPUIPlugin
2024-02-08 14:34:02,520 [INFO] PluginManager:220 - loadIPPluginJar : add freertos
2024-02-08 14:34:02,522 [INFO] IPUIPlugin:80 - create IPUIPlugin
2024-02-08 14:34:02,522 [INFO] PluginManager:220 - loadIPPluginJar : add genericplugin
2024-02-08 14:34:02,524 [INFO] IPUIPlugin:80 - create IPUIPlugin
2024-02-08 14:34:02,524 [INFO] PluginManager:220 - loadIPPluginJar : add gfxmmu
2024-02-08 14:34:02,530 [INFO] IPUIPlugin:80 - create IPUIPlugin
2024-02-08 14:34:02,530 [INFO] PluginManager:220 - loadIPPluginJar : add gic
2024-02-08 14:34:02,535 [INFO] IPUIPlugin:80 - create IPUIPlugin
2024-02-08 14:34:02,536 [INFO] PluginManager:220 - loadIPPluginJar : add gpio
2024-02-08 14:34:02,539 [INFO] IPUIPlugin:80 - create IPUIPlugin
2024-02-08 14:34:02,539 [INFO] PluginManager:220 - loadIPPluginJar : add gtzc
2024-02-08 14:34:02,543 [INFO] IPUIPlugin:80 - create IPUIPlugin
2024-02-08 14:34:02,543 [INFO] PluginManager:220 - loadIPPluginJar : add hash
2024-02-08 14:34:02,546 [INFO] IPUIPlugin:80 - create IPUIPlugin
2024-02-08 14:34:02,546 [INFO] PluginManager:220 - loadIPPluginJar : add i2c
2024-02-08 14:34:02,550 [INFO] IPUIPlugin:80 - create IPUIPlugin
2024-02-08 14:34:02,550 [INFO] PluginManager:220 - loadIPPluginJar : add i2s
2024-02-08 14:34:02,553 [INFO] IPUIPlugin:80 - create IPUIPlugin
2024-02-08 14:34:02,553 [INFO] PluginManager:220 - loadIPPluginJar : add i3c
2024-02-08 14:34:02,556 [INFO] IPUIPlugin:80 - create IPUIPlugin
2024-02-08 14:34:02,556 [INFO] PluginManager:220 - loadIPPluginJar : add ipddr
2024-02-08 14:34:02,564 [INFO] IPUIPlugin:80 - create IPUIPlugin
2024-02-08 14:34:02,564 [INFO] PluginManager:220 - loadIPPluginJar : add linkedlist
2024-02-08 14:34:02,568 [INFO] IPUIPlugin:80 - create IPUIPlugin
2024-02-08 14:34:02,568 [INFO] PluginManager:220 - loadIPPluginJar : add lorawan
2024-02-08 14:34:02,570 [INFO] IPUIPlugin:80 - create IPUIPlugin
2024-02-08 14:34:02,570 [INFO] PluginManager:220 - loadIPPluginJar : add ltdc
2024-02-08 14:34:02,576 [INFO] IPUIPlugin:80 - create IPUIPlugin
2024-02-08 14:34:02,577 [INFO] PluginManager:220 - loadIPPluginJar : add mdma
2024-02-08 14:34:02,580 [INFO] IPUIPlugin:80 - create IPUIPlugin
2024-02-08 14:34:02,580 [INFO] PluginManager:220 - loadIPPluginJar : add nvic
2024-02-08 14:34:02,583 [INFO] IPUIPlugin:80 - create IPUIPlugin
2024-02-08 14:34:02,583 [INFO] PluginManager:220 - loadIPPluginJar : add opamp
2024-02-08 14:34:02,586 [INFO] IPUIPlugin:80 - create IPUIPlugin
2024-02-08 14:34:02,586 [INFO] PluginManager:220 - loadIPPluginJar : add openamp
2024-02-08 14:34:02,589 [INFO] IPUIPlugin:80 - create IPUIPlugin
2024-02-08 14:34:02,589 [INFO] PluginManager:220 - loadIPPluginJar : add pdm2pcm
2024-02-08 14:34:02,594 [INFO] IPUIPlugin:80 - create IPUIPlugin
2024-02-08 14:34:02,598 [INFO] PluginManager:220 - loadIPPluginJar : add plateformsettings
2024-02-08 14:34:02,600 [INFO] IPUIPlugin:80 - create IPUIPlugin
2024-02-08 14:34:02,600 [INFO] PluginManager:220 - loadIPPluginJar : add quadspi
2024-02-08 14:34:02,605 [INFO] IPUIPlugin:80 - create IPUIPlugin
2024-02-08 14:34:02,605 [INFO] PluginManager:220 - loadIPPluginJar : add resmgrutility
2024-02-08 14:34:02,608 [INFO] IPUIPlugin:80 - create IPUIPlugin
2024-02-08 14:34:02,608 [INFO] PluginManager:220 - loadIPPluginJar : add sai
2024-02-08 14:34:02,611 [INFO] IPUIPlugin:80 - create IPUIPlugin
2024-02-08 14:34:02,611 [INFO] PluginManager:220 - loadIPPluginJar : add spi
2024-02-08 14:34:02,617 [INFO] IPUIPlugin:80 - create IPUIPlugin
2024-02-08 14:34:02,617 [INFO] PluginManager:220 - loadIPPluginJar : add stm32_wpan
2024-02-08 14:34:02,619 [INFO] IPUIPlugin:80 - create IPUIPlugin
2024-02-08 14:34:02,619 [INFO] PluginManager:220 - loadIPPluginJar : add tim
2024-02-08 14:34:02,626 [INFO] IPUIPlugin:80 - create IPUIPlugin
2024-02-08 14:34:02,626 [INFO] PluginManager:220 - loadIPPluginJar : add touchsensing
2024-02-08 14:34:02,628 [INFO] IPUIPlugin:80 - create IPUIPlugin
2024-02-08 14:34:02,629 [INFO] PluginManager:220 - loadIPPluginJar : add tracer_emb
2024-02-08 14:34:02,631 [INFO] IPUIPlugin:80 - create IPUIPlugin
2024-02-08 14:34:02,631 [INFO] PluginManager:220 - loadIPPluginJar : add ts
2024-02-08 14:34:02,633 [INFO] IPUIPlugin:80 - create IPUIPlugin
2024-02-08 14:34:02,633 [INFO] PluginManager:220 - loadIPPluginJar : add tsc
2024-02-08 14:34:02,640 [INFO] IPUIPlugin:80 - create IPUIPlugin
2024-02-08 14:34:02,641 [INFO] PluginManager:220 - loadIPPluginJar : add ucpd
2024-02-08 14:34:02,644 [INFO] IPUIPlugin:80 - create IPUIPlugin
2024-02-08 14:34:02,645 [INFO] PluginManager:220 - loadIPPluginJar : add usart
2024-02-08 14:34:02,648 [INFO] IPUIPlugin:80 - create IPUIPlugin
2024-02-08 14:34:02,648 [INFO] PluginManager:220 - loadIPPluginJar : add usbx
2024-02-08 14:34:02,785 [INFO] CADModel:165 - CPN selected for project level
2024-02-08 14:34:02,786 [INFO] CADModel:114 - Register for checkConnection events
2024-02-08 14:34:02,786 [FATAL] Updater:308 - Updater called before beeing initialized
2024-02-08 14:34:02,786 [ERROR] CADModel:125 - Updater not yet initialized, retry later 
2024-02-08 14:34:02,926 [INFO] CADModel:165 - CPN selected for project level
2024-02-08 14:34:02,926 [INFO] CADModel:114 - Register for checkConnection events
2024-02-08 14:34:02,926 [FATAL] Updater:308 - Updater called before beeing initialized
2024-02-08 14:34:02,926 [ERROR] CADModel:125 - Updater not yet initialized, retry later 
2024-02-08 14:34:02,929 [FATAL] Updater:308 - Updater called before beeing initialized
2024-02-08 14:34:03,084 [FATAL] Updater:308 - Updater called before beeing initialized
2024-02-08 14:34:03,087 [INFO] DbMcusAds:53 - JSON generation date=Wed Nov 29 18:52:27 SGT 2023 (1701255147200)
2024-02-08 14:34:03,087 [FATAL] Updater:308 - Updater called before beeing initialized
2024-02-08 14:34:03,127 [WARN] DetailPanel:346 - Failed to get advertising image, set to default
2024-02-08 14:34:03,268 [FATAL] Updater:308 - Updater called before beeing initialized
2024-02-08 14:34:03,270 [FATAL] Updater:308 - Updater called before beeing initialized
2024-02-08 14:34:03,271 [FATAL] Updater:308 - Updater called before beeing initialized
2024-02-08 14:34:03,271 [WARN] DetailPanel:346 - Failed to get advertising image, set to default
2024-02-08 14:34:03,272 [FATAL] Updater:308 - Updater called before beeing initialized
2024-02-08 14:34:03,332 [ERROR] Updater:1120 - MainUpdater not yet initialized. External WinMGr cannot be set.
2024-02-08 14:34:03,335 [INFO] Updater:1056 - Updater Version found : 6.10.0
2024-02-08 14:34:03,349 [INFO] ApplicationProperties:184 - Using Application install path: C:\ST\STM32CubeIDE_1.14.1\STM32CubeIDE\plugins\com.st.stm32cube.common.mx_6.10.0.202311202037
2024-02-08 14:34:04,819 [INFO] ThirdPartyUpdaterWithRetryManager:70 - Updater plugin not ready yet. [2/15]
2024-02-08 14:34:04,925 [ERROR] LogOutputStream:75 - [STDERR_REDIRECT] Feb 08, 2024 2:34:04 PM java.util.prefs.WindowsPreferences <init>
2024-02-08 14:34:04,927 [ERROR] LogOutputStream:75 - [STDERR_REDIRECT] WARNING: Could not open/create prefs root node Software\JavaSoft\Prefs at root 0xffffffff80000002. Windows RegCreateKeyEx(...) returned error code 5.
2024-02-08 14:34:04,928 [ERROR] LogOutputStream:75 - [STDERR_REDIRECT] 
2024-02-08 14:34:05,159 [INFO] MainUpdater:2873 - connection check result : 10
2024-02-08 14:34:05,160 [INFO] MainUpdater:290 - Updater Check For Update Now.
2024-02-08 14:34:05,160 [INFO] MicroXplorer:498 - Change Database Version : DB.6.0.100
2024-02-08 14:34:05,167 [INFO] McuFinderGlobals:63 - Set McuFinder mode to 2 (CubeIDE integrated)
2024-02-08 14:34:05,269 [INFO] UserAuth:404 - Internet connection configuration mode: 1
2024-02-08 14:34:05,278 [INFO] JxBrowserEngine:152 - Initiate JxBrowser Engine with user profile folder
2024-02-08 14:34:05,333 [INFO] CheckServerUpdateThread:120 - End of CheckServer Thread
2024-02-08 14:34:05,756 [INFO] WebApp:161 - Instantiating new browser for Auth
2024-02-08 14:34:06,167 [INFO] WebApp:780 - Register for checkConnection events
2024-02-08 14:34:06,167 [INFO] WebApp:414 - Apply proxy settings
2024-02-08 14:34:06,168 [INFO] WebApp:499 - Chromium requires no authentication
2024-02-08 14:34:06,172 [INFO] WebApp:442 - Direct internet connection detected
2024-02-08 14:34:06,268 [INFO] WebApp:192 - Starting web application
2024-02-08 14:34:06,269 [INFO] WebApp:544 - Web application path used C:\ST\STM32CubeIDE_1.14.1\STM32CubeIDE\plugins\com.st.stm32cube.common.mx_6.10.0.202311202037\db\plugins\mcufinder\reactClient1\index.html
2024-02-08 14:34:07,962 [WARN] PackLoader:240 - Cannot read IP mode file for STMicroelectronics.X-CUBE-SMBUS.2.1.0
2024-02-08 14:34:07,992 [WARN] PackLoader:240 - Cannot read IP mode file for STMicroelectronics.X-CUBE-AZRTOS-F7.1.1.0
2024-02-08 14:34:08,003 [WARN] PackLoader:240 - Cannot read IP mode file for STMicroelectronics.FP-SNS-MOTENV1.4.3.2
2024-02-08 14:34:08,010 [WARN] PackLoader:240 - Cannot read IP mode file for STMicroelectronics.FP-SNS-FLIGHT1.5.0.2
2024-02-08 14:34:08,018 [WARN] PackLoader:240 - Cannot read IP mode file for STMicroelectronics.X-CUBE-DISPLAY.3.0.0
2024-02-08 14:34:08,028 [WARN] PackLoader:240 - Cannot read IP mode file for STMicroelectronics.X-CUBE-BLE1.7.0.0
2024-02-08 14:34:08,033 [WARN] PackLoader:240 - Cannot read IP mode file for STMicroelectronics.FP-SNS-SMARTAG2.1.2.0
2024-02-08 14:34:08,042 [INFO] LogOutputStream:77 - [STDOUT_REDIRECT] 1 : Invalid condition id : UX_CORESTACK_Condition cause : null
2024-02-08 14:34:08,042 [INFO] LogOutputStream:77 - [STDOUT_REDIRECT] 1 : Invalid condition id : UX_CORESTACK_Condition cause : null
2024-02-08 14:34:08,043 [INFO] LogOutputStream:77 - [STDOUT_REDIRECT] 1 : Invalid condition id : UX_CORESTACK_Condition cause : null
2024-02-08 14:34:08,045 [INFO] LogOutputStream:77 - [STDOUT_REDIRECT] 1 : Invalid condition id : UX_CORESTACK_Condition cause : null
2024-02-08 14:34:08,046 [INFO] LogOutputStream:77 - [STDOUT_REDIRECT] 1 : Invalid condition id : UX_CORESTACK_Condition cause : null
2024-02-08 14:34:08,049 [WARN] PackLoader:240 - Cannot read IP mode file for STMicroelectronics.X-CUBE-AZRTOS-WL.2.0.0
2024-02-08 14:34:08,055 [WARN] PackLoader:240 - Cannot read IP mode file for STMicroelectronics.X-CUBE-BLE2.3.3.0
2024-02-08 14:34:08,061 [WARN] PackLoader:240 - Cannot read IP mode file for STMicroelectronics.X-CUBE-ALGOBUILD.1.3.0
2024-02-08 14:34:08,074 [WARN] PackLoader:240 - Cannot read IP mode file for STMicroelectronics.X-CUBE-AZRTOS-G0.1.1.0
2024-02-08 14:34:08,082 [WARN] PackLoader:240 - Cannot read IP mode file for STMicroelectronics.X-CUBE-NFC4.3.0.0
2024-02-08 14:34:08,092 [WARN] PackLoader:240 - Cannot read IP mode file for STMicroelectronics.X-CUBE-BLEMGR.3.0.0
2024-02-08 14:34:08,098 [WARN] PackLoader:240 - Cannot read IP mode file for STMicroelectronics.FP-ATR-SIGFOX1.3.2.0
2024-02-08 14:34:08,123 [WARN] PackLoader:240 - Cannot read IP mode file for SEGGER.I-CUBE-embOS.1.3.1
2024-02-08 14:34:08,155 [WARN] PackLoader:240 - Cannot read IP mode file for STMicroelectronics.X-CUBE-GNSS1.6.0.0
2024-02-08 14:34:08,171 [WARN] PackLoader:240 - Cannot read IP mode file for STMicroelectronics.X-CUBE-AZRTOS-F4.1.1.0
2024-02-08 14:34:08,186 [WARN] PackLoader:240 - Cannot read IP mode file for STMicroelectronics.X-CUBE-AZRTOS-L5.2.0.0
2024-02-08 14:34:08,193 [WARN] PackLoader:240 - Cannot read IP mode file for STMicroelectronics.X-CUBE-NFC7.1.0.1
2024-02-08 14:34:08,201 [WARN] PackLoader:240 - Cannot read IP mode file for STMicroelectronics.X-CUBE-NFC6.3.0.0
2024-02-08 14:34:08,207 [WARN] PackLoader:240 - Cannot read IP mode file for STMicroelectronics.X-CUBE-AI.8.1.0
2024-02-08 14:34:08,219 [WARN] ConditionMgr:438 - getConditionDescription Invalid condition id : LAN8742 Phy interface Condition cause : null
2024-02-08 14:34:08,220 [WARN] PackLoader:240 - Cannot read IP mode file for STMicroelectronics.X-CUBE-AZRTOS-L4.2.0.0
2024-02-08 14:34:08,221 [WARN] ConditionMgr:1039 - genDependencies : Invalid condition id : LAN8742 Phy interface Condition cause : null
2024-02-08 14:34:08,221 [WARN] ConditionMgr:1039 - genDependencies : Invalid condition id : LAN8742 Phy interface Condition cause : null
2024-02-08 14:34:08,221 [WARN] ConditionMgr:1039 - genDependencies : Invalid condition id : LAN8742 Phy interface Condition cause : null
2024-02-08 14:34:08,227 [WARN] PackLoader:240 - Cannot read IP mode file for STMicroelectronics.X-CUBE-SFXS2LP1.4.0.0
2024-02-08 14:34:08,237 [WARN] ConditionMgr:438 - getConditionDescription Invalid condition id : UX DEVICE CLASS RTOS Condition cause : null
2024-02-08 14:34:08,237 [WARN] ConditionMgr:438 - getConditionDescription Invalid condition id : UX DEVICE CLASS RTOS Condition cause : null
2024-02-08 14:34:08,238 [WARN] PackLoader:240 - Cannot read IP mode file for STMicroelectronics.X-CUBE-AZRTOS-WB.2.0.0
2024-02-08 14:34:08,239 [WARN] ConditionMgr:1039 - genDependencies : Invalid condition id : UX DEVICE CLASS RTOS Condition cause : null
2024-02-08 14:34:08,239 [WARN] ConditionMgr:1039 - genDependencies : Invalid condition id : UX DEVICE CLASS RTOS Condition cause : null
2024-02-08 14:34:08,239 [WARN] ConditionMgr:1039 - genDependencies : Invalid condition id : UX DEVICE CLASS RTOS Condition cause : null
2024-02-08 14:34:08,240 [WARN] ConditionMgr:1039 - genDependencies : Invalid condition id : UX DEVICE CLASS RTOS Condition cause : null
2024-02-08 14:34:08,240 [WARN] ConditionMgr:1039 - genDependencies : Invalid condition id : UX DEVICE CLASS RTOS Condition cause : null
2024-02-08 14:34:08,248 [WARN] PackLoader:240 - Cannot read IP mode file for STMicroelectronics.X-CUBE-SUBG2.5.0.0
2024-02-08 14:34:08,268 [WARN] PackLoader:240 - Cannot read IP mode file for STMicroelectronics.X-CUBE-AZRTOS-G4.2.0.0
2024-02-08 14:34:08,310 [WARN] PackLoader:240 - Cannot read IP mode file for STMicroelectronics.X-CUBE-MEMS1.10.0.0
2024-02-08 14:34:08,436 [WARN] PackLoader:240 - Cannot read IP mode file for STMicroelectronics.X-CUBE-FREERTOS.1.1.0
2024-02-08 14:34:08,443 [WARN] PackLoader:240 - Cannot read IP mode file for portGmbH.I-Cube-SoM-uGOAL.1.1.0
2024-02-08 14:34:08,450 [WARN] PackLoader:240 - Cannot read IP mode file for STMicroelectronics.X-CUBE-ALS.1.0.1
2024-02-08 14:34:08,456 [WARN] PackLoader:240 - Cannot read IP mode file for STMicroelectronics.FP-ATR-ASTRA1.2.0.0
2024-02-08 14:34:08,456 [INFO] ThirdParty:978 - Integrity check success = true
2024-02-08 14:34:08,457 [INFO] IntegrityCheckThread:100 - exiting critical section [integrity check]
2024-02-08 14:34:08,457 [INFO] IntegrityCheckThread:103 - End integrity checks thread
2024-02-08 14:34:26,845 [ERROR] LogOutputStream:75 - [STDERR_REDIRECT] SLF4J: Failed to load class "org.slf4j.impl.StaticLoggerBinder".
2024-02-08 14:34:26,846 [ERROR] LogOutputStream:75 - [STDERR_REDIRECT] SLF4J: Defaulting to no-operation (NOP) logger implementation
2024-02-08 14:34:26,847 [ERROR] LogOutputStream:75 - [STDERR_REDIRECT] SLF4J: See http://www.slf4j.org/codes.html#StaticLoggerBinder for further details.
