2024-02-05 00:37:36,330 [ERROR] RtosPanel:558 - Can not restore the selected Tab for FREERTOS(A reason can be that the tab is no more available.)
2024-02-05 00:38:02,787 [ERROR] RtosPanel:558 - Can not restore the selected Tab for FREERTOS(A reason can be that the tab is no more available.)
2024-02-05 00:40:22,726 [INFO] NvicIntPanel:101 - NVIC parent = com.st.microxplorer.plugins.ip.nvic.MultiNvicIntPanel[,0,0,0x0,invalid,layout=javax.swing.BoxLayout,alignmentX=0.0,alignmentY=0.0,border=,flags=9,maximumSize=,minimumSize=,preferredSize=]
2024-02-05 00:40:24,914 [INFO] NvicIntPanel:101 - NVIC parent = com.st.microxplorer.plugins.ip.nvic.MultiNvicIntPanel[,0,0,0x0,invalid,layout=javax.swing.BoxLayout,alignmentX=0.0,alignmentY=0.0,border=,flags=9,maximumSize=,minimumSize=,preferredSize=]
2024-02-05 00:40:37,060 [INFO] UtilMem:75 - End SaveConfig() Used Memory: 579090312 Bytes (907018240)
2024-02-05 00:40:37,923 [INFO] UtilMem:75 - End SaveConfig() Used Memory: 600588168 Bytes (907018240)
2024-02-05 00:40:41,471 [INFO] UtilMem:75 - End SaveConfig() Used Memory: 789854088 Bytes (907018240)
2024-02-05 00:40:42,816 [INFO] BlockDiagram:2759 - set Specific Code input for plugin: FREERTOS
2024-02-05 00:40:42,816 [INFO] BlockDiagram:2759 - set Specific Code input for plugin: TIM1_8
2024-02-05 00:40:42,816 [INFO] BlockDiagram:2759 - set Specific Code input for plugin: TIM1_8
2024-02-05 00:40:42,816 [INFO] BlockDiagram:2759 - set Specific Code input for plugin: SYS
2024-02-05 00:40:42,817 [INFO] BlockDiagram:2759 - set Specific Code input for plugin: RCC
2024-02-05 00:40:42,817 [INFO] BlockDiagram:2759 - set Specific Code input for plugin: NVIC
2024-02-05 00:40:42,817 [INFO] BlockDiagram:2759 - set Specific Code input for plugin: TIM1_8
2024-02-05 00:40:42,817 [INFO] BlockDiagram:2759 - set Specific Code input for plugin: GPIO
2024-02-05 00:40:42,818 [INFO] CodeGenerator:807 - code generatio: config db path: C:\ST\STM32CubeIDE_1.14.1\STM32CubeIDE\plugins\com.st.stm32cube.common.mx_6.10.0.202311202037\\db\
2024-02-05 00:40:42,958 [INFO] CodeEngine:255 - oldGeneratedFile, C:\Users\Javier\Desktop\MDP(1)\MDP\MXTmpFiles\license.tmp_save
2024-02-05 00:40:43,030 [INFO] CodeEngine:279 - Generated code: C:\Users\Javier\Desktop\MDP(1)\MDP\MXTmpFiles\license.tmp
2024-02-05 00:40:43,068 [INFO] CodeEngine:255 - oldGeneratedFile, C:\Users\Javier\Desktop\MDP(1)\MDP\MXTmpFiles\gpio.tmp_save
2024-02-05 00:40:43,132 [INFO] CodeEngine:279 - Generated code: C:\Users\Javier\Desktop\MDP(1)\MDP\MXTmpFiles\gpio.tmp
2024-02-05 00:40:43,242 [INFO] Middleware:1439 - No code input for Bsp Dependency
2024-02-05 00:40:43,261 [INFO] CodeEngine:255 - oldGeneratedFile, C:\Users\Javier\Desktop\MDP(1)\MDP\MXTmpFiles\rtos_inc.tmp_save
2024-02-05 00:40:43,312 [INFO] CodeEngine:279 - Generated code: C:\Users\Javier\Desktop\MDP(1)\MDP\MXTmpFiles\rtos_inc.tmp
2024-02-05 00:40:43,318 [INFO] CodeEngine:255 - oldGeneratedFile, C:\Users\Javier\Desktop\MDP(1)\MDP\MXTmpFiles\rtos_kernelInit.tmp_save
2024-02-05 00:40:43,371 [INFO] CodeEngine:279 - Generated code: C:\Users\Javier\Desktop\MDP(1)\MDP\MXTmpFiles\rtos_kernelInit.tmp
2024-02-05 00:40:43,377 [INFO] CodeEngine:255 - oldGeneratedFile, C:\Users\Javier\Desktop\MDP(1)\MDP\MXTmpFiles\rtos_kernelStart.tmp_save
2024-02-05 00:40:43,430 [INFO] CodeEngine:279 - Generated code: C:\Users\Javier\Desktop\MDP(1)\MDP\MXTmpFiles\rtos_kernelStart.tmp
2024-02-05 00:40:43,437 [INFO] CodeEngine:255 - oldGeneratedFile, C:\Users\Javier\Desktop\MDP(1)\MDP\MXTmpFiles\rtos_typedefs.tmp_save
2024-02-05 00:40:43,485 [INFO] CodeEngine:279 - Generated code: C:\Users\Javier\Desktop\MDP(1)\MDP\MXTmpFiles\rtos_typedefs.tmp
2024-02-05 00:40:43,492 [INFO] CodeEngine:255 - oldGeneratedFile, C:\Users\Javier\Desktop\MDP(1)\MDP\MXTmpFiles\rtos_vars.tmp_save
2024-02-05 00:40:43,547 [INFO] CodeEngine:279 - Generated code: C:\Users\Javier\Desktop\MDP(1)\MDP\MXTmpFiles\rtos_vars.tmp
2024-02-05 00:40:43,556 [INFO] CodeEngine:255 - oldGeneratedFile, C:\Users\Javier\Desktop\MDP(1)\MDP\MXTmpFiles\rtos_pfp.tmp_save
2024-02-05 00:40:43,609 [INFO] CodeEngine:279 - Generated code: C:\Users\Javier\Desktop\MDP(1)\MDP\MXTmpFiles\rtos_pfp.tmp
2024-02-05 00:40:43,615 [INFO] CodeEngine:255 - oldGeneratedFile, C:\Users\Javier\Desktop\MDP(1)\MDP\MXTmpFiles\rtos_obj_creat.tmp_save
2024-02-05 00:40:43,671 [INFO] CodeEngine:279 - Generated code: C:\Users\Javier\Desktop\MDP(1)\MDP\MXTmpFiles\rtos_obj_creat.tmp
2024-02-05 00:40:43,677 [INFO] CodeEngine:255 - oldGeneratedFile, C:\Users\Javier\Desktop\MDP(1)\MDP\MXTmpFiles\rtos_default_thread.tmp_save
2024-02-05 00:40:43,730 [INFO] CodeEngine:279 - Generated code: C:\Users\Javier\Desktop\MDP(1)\MDP\MXTmpFiles\rtos_default_thread.tmp
2024-02-05 00:40:43,737 [INFO] CodeEngine:255 - oldGeneratedFile, C:\Users\Javier\Desktop\MDP(1)\MDP\MXTmpFiles\rtos_threads.tmp_save
2024-02-05 00:40:43,789 [INFO] CodeEngine:279 - Generated code: C:\Users\Javier\Desktop\MDP(1)\MDP\MXTmpFiles\rtos_threads.tmp
2024-02-05 00:40:43,803 [INFO] Middleware:1439 - No code input for Bsp Dependency
2024-02-05 00:40:43,825 [INFO] CodeEngine:255 - oldGeneratedFile, C:\Users\Javier\Desktop\MDP(1)\MDP\MXTmpFiles\rtos_inc.tmp_save
2024-02-05 00:40:43,878 [INFO] CodeEngine:279 - Generated code: C:\Users\Javier\Desktop\MDP(1)\MDP\MXTmpFiles\rtos_inc.tmp
2024-02-05 00:40:43,888 [INFO] CodeEngine:255 - oldGeneratedFile, C:\Users\Javier\Desktop\MDP(1)\MDP\MXTmpFiles\rtos_kernelInit.tmp_save
2024-02-05 00:40:43,943 [INFO] CodeEngine:279 - Generated code: C:\Users\Javier\Desktop\MDP(1)\MDP\MXTmpFiles\rtos_kernelInit.tmp
2024-02-05 00:40:43,952 [INFO] CodeEngine:255 - oldGeneratedFile, C:\Users\Javier\Desktop\MDP(1)\MDP\MXTmpFiles\rtos_kernelStart.tmp_save
2024-02-05 00:40:44,006 [INFO] CodeEngine:279 - Generated code: C:\Users\Javier\Desktop\MDP(1)\MDP\MXTmpFiles\rtos_kernelStart.tmp
2024-02-05 00:40:44,016 [INFO] CodeEngine:255 - oldGeneratedFile, C:\Users\Javier\Desktop\MDP(1)\MDP\MXTmpFiles\rtos_typedefs.tmp_save
2024-02-05 00:40:44,067 [INFO] CodeEngine:279 - Generated code: C:\Users\Javier\Desktop\MDP(1)\MDP\MXTmpFiles\rtos_typedefs.tmp
2024-02-05 00:40:44,076 [INFO] CodeEngine:255 - oldGeneratedFile, C:\Users\Javier\Desktop\MDP(1)\MDP\MXTmpFiles\rtos_vars.tmp_save
2024-02-05 00:40:44,132 [INFO] CodeEngine:279 - Generated code: C:\Users\Javier\Desktop\MDP(1)\MDP\MXTmpFiles\rtos_vars.tmp
2024-02-05 00:40:44,149 [INFO] CodeEngine:255 - oldGeneratedFile, C:\Users\Javier\Desktop\MDP(1)\MDP\MXTmpFiles\rtos_pfp.tmp_save
2024-02-05 00:40:44,203 [INFO] CodeEngine:279 - Generated code: C:\Users\Javier\Desktop\MDP(1)\MDP\MXTmpFiles\rtos_pfp.tmp
2024-02-05 00:40:44,213 [INFO] CodeEngine:255 - oldGeneratedFile, C:\Users\Javier\Desktop\MDP(1)\MDP\MXTmpFiles\rtos_obj_creat.tmp_save
2024-02-05 00:40:44,270 [INFO] CodeEngine:279 - Generated code: C:\Users\Javier\Desktop\MDP(1)\MDP\MXTmpFiles\rtos_obj_creat.tmp
2024-02-05 00:40:44,280 [INFO] CodeEngine:255 - oldGeneratedFile, C:\Users\Javier\Desktop\MDP(1)\MDP\MXTmpFiles\rtos_default_thread.tmp_save
2024-02-05 00:40:44,334 [INFO] CodeEngine:279 - Generated code: C:\Users\Javier\Desktop\MDP(1)\MDP\MXTmpFiles\rtos_default_thread.tmp
2024-02-05 00:40:44,344 [INFO] CodeEngine:255 - oldGeneratedFile, C:\Users\Javier\Desktop\MDP(1)\MDP\MXTmpFiles\rtos_threads.tmp_save
2024-02-05 00:40:44,400 [INFO] CodeEngine:279 - Generated code: C:\Users\Javier\Desktop\MDP(1)\MDP\MXTmpFiles\rtos_threads.tmp
2024-02-05 00:40:44,411 [INFO] CodeEngine:255 - oldGeneratedFile, C:\Users\Javier\Desktop\MDP(1)\MDP\Core\Inc\FreeRTOSConfig.h_save
2024-02-05 00:40:44,487 [INFO] CodeEngine:279 - Generated code: C:\Users\Javier\Desktop\MDP(1)\MDP\Core\Inc\FreeRTOSConfig.h
2024-02-05 00:40:44,498 [INFO] CodeEngine:255 - oldGeneratedFile, C:\Users\Javier\Desktop\MDP(1)\MDP\Core\Src\freertos.c_save
2024-02-05 00:40:44,561 [INFO] CodeEngine:279 - Generated code: C:\Users\Javier\Desktop\MDP(1)\MDP\Core\Src\freertos.c
2024-02-05 00:40:44,590 [INFO] CodeEngine:255 - oldGeneratedFile, C:\Users\Javier\Desktop\MDP(1)\MDP\Core\Src\stm32f4xx_it.c_save
2024-02-05 00:40:44,771 [INFO] CodeEngine:279 - Generated code: C:\Users\Javier\Desktop\MDP(1)\MDP\Core\Src\stm32f4xx_it.c
2024-02-05 00:40:44,781 [INFO] CodeEngine:255 - oldGeneratedFile, C:\Users\Javier\Desktop\MDP(1)\MDP\Core\Inc\stm32f4xx_it.h_save
2024-02-05 00:40:44,840 [INFO] CodeEngine:279 - Generated code: C:\Users\Javier\Desktop\MDP(1)\MDP\Core\Inc\stm32f4xx_it.h
2024-02-05 00:40:44,875 [INFO] CodeEngine:255 - oldGeneratedFile, C:\Users\Javier\Desktop\MDP(1)\MDP\Core\Src\stm32f4xx_hal_msp.c_save
2024-02-05 00:40:44,977 [INFO] CodeEngine:279 - Generated code: C:\Users\Javier\Desktop\MDP(1)\MDP\Core\Src\stm32f4xx_hal_msp.c
2024-02-05 00:40:44,990 [INFO] CodeEngine:255 - oldGeneratedFile, C:\Users\Javier\Desktop\MDP(1)\MDP\MXTmpFiles\system.tmp_save
2024-02-05 00:40:45,043 [INFO] CodeEngine:279 - Generated code: C:\Users\Javier\Desktop\MDP(1)\MDP\MXTmpFiles\system.tmp
2024-02-05 00:40:45,071 [INFO] CodeEngine:311 - oldGeneratedFile, C:\Users\Javier\Desktop\MDP(1)\MDP\Core\Inc\stm32f4xx_hal_conf.h_save
2024-02-05 00:40:45,137 [INFO] CodeEngine:335 - Generated code: C:\Users\Javier\Desktop\MDP(1)\MDP\Core\Inc\stm32f4xx_hal_conf.h
2024-02-05 00:40:45,156 [WARN] IPConfigManager:3440 - IP not found : TIM
2024-02-05 00:40:45,157 [WARN] CodeGenerator:3939 - IP not found : null
2024-02-05 00:40:45,180 [INFO] CodeEngine:255 - oldGeneratedFile, C:\Users\Javier\Desktop\MDP(1)\MDP\Core\Inc\main.h_save
2024-02-05 00:40:45,254 [INFO] CodeEngine:279 - Generated code: C:\Users\Javier\Desktop\MDP(1)\MDP\Core\Inc\main.h
2024-02-05 00:40:45,266 [INFO] CodeEngine:255 - oldGeneratedFile, C:\Users\Javier\Desktop\MDP(1)\MDP\Core\Src\main.c_save
2024-02-05 00:40:45,392 [INFO] CodeEngine:279 - Generated code: C:\Users\Javier\Desktop\MDP(1)\MDP\Core\Src\main.c
2024-02-05 00:40:46,112 [INFO] ProjectBuilder:3076 - Time for Copy HAL[1] : 373mS.
2024-02-05 00:40:46,116 [INFO] ProjectBuilder:4485 - Project Generator version: 4.2.0-B44
2024-02-05 00:40:46,274 [INFO] ConfigFileManager:1495 - The Die is : DIE413
2024-02-05 00:40:47,471 [INFO] ProjectBuilder:4747 - Time for Generating toolchain IDE Files: 1355mS.
2024-02-05 00:40:47,472 [INFO] ProjectBuilder:2947 - Time for Copy CMSIS : 1mS.
2024-02-05 00:40:47,481 [INFO] ProjectBuilder:2947 - Time for Copy CMSIS : 1mS.
