2024-02-23 09:13:47,519 [INFO] Activator:176 - 


2024-02-23 09:13:47,532 [INFO] Activator:177 - !SESSION log4j initialized
2024-02-23 09:13:55,837 [INFO] LogOutputStream:77 - [STDOUT_REDIRECT] 
2024-02-23 09:13:57,441 [INFO] ApplicationProperties:184 - Using Application install path: C:\ST\STM32CubeIDE_1.14.1\STM32CubeIDE\plugins\com.st.stm32cube.common.mx_6.10.0.202311202037
2024-02-23 09:13:57,469 [INFO] DbMcusXml:78 - Set database path to: C:\ST\STM32CubeIDE_1.14.1\STM32CubeIDE\plugins\com.st.stm32cube.common.mx_6.10.0.202311202037\\db\/mcu/
2024-02-23 09:13:57,469 [INFO] ApiDb:274 - Set plugin database path to: C:\ST\STM32CubeIDE_1.14.1\STM32CubeIDE\plugins\com.st.stm32cube.common.mx_6.10.0.202311202037\\db\/plugins/boardmanager/
2024-02-23 09:13:57,470 [WARN] ApiDb:259 - Overriding images path with different value:  => C:\ST\STM32CubeIDE_1.14.1\STM32CubeIDE\plugins\com.st.stm32cube.common.mx_6.10.0.202311202037\\db\/plugins/mcufinder/images/
2024-02-23 09:13:57,486 [INFO] ApiDb:250 - Set database path to: C:\Users\Javier\.stmcufinder\plugins\mcufinder//mcu/
2024-02-23 09:13:57,488 [INFO] DbMcusAds:125 - Set database path to: C:\Users\Javier\.stmcufinder\plugins\mcufinder//mcu/
2024-02-23 09:13:57,490 [INFO] CrossReferenceDbSqlite:203 - Set database path to: C:\Users\Javier\.stmcufinder\plugins\mcufinder//mcu/cs/
2024-02-23 09:13:57,666 [INFO] RulesReader:64 - Compatibility file has been processed (297 Rules)
2024-02-23 09:13:57,848 [INFO] DbMcusXml:78 - Set database path to: C:\ST\STM32CubeIDE_1.14.1\STM32CubeIDE\plugins\com.st.stm32cube.common.mx_6.10.0.202311202037\\db\/mcu/
2024-02-23 09:13:57,849 [INFO] ApiDb:274 - Set plugin database path to: C:\ST\STM32CubeIDE_1.14.1\STM32CubeIDE\plugins\com.st.stm32cube.common.mx_6.10.0.202311202037\\db\/plugins/boardmanager/
2024-02-23 09:13:57,849 [INFO] ApiDb:261 - Set plugin images path to: C:\ST\STM32CubeIDE_1.14.1\STM32CubeIDE\plugins\com.st.stm32cube.common.mx_6.10.0.202311202037\\db\/plugins/mcufinder/images/
2024-02-23 09:13:57,849 [WARN] DbFile:41 - Overriding database path with different value: C:\Users\Javier\.stmcufinder\plugins\mcufinder/ => C:\Users\Javier\.stmcufinder\plugins\mcufinder
2024-02-23 09:13:57,849 [INFO] ApiDb:250 - Set database path to: C:\Users\Javier\.stmcufinder\plugins\mcufinder//mcu/
2024-02-23 09:13:57,850 [WARN] DbFile:41 - Overriding database path with different value: C:\Users\Javier\.stmcufinder\plugins\mcufinder/ => C:\Users\Javier\.stmcufinder\plugins\mcufinder
2024-02-23 09:13:57,850 [INFO] DbMcusAds:125 - Set database path to: C:\Users\Javier\.stmcufinder\plugins\mcufinder//mcu/
2024-02-23 09:13:57,850 [WARN] DbFile:41 - Overriding database path with different value: C:\Users\Javier\.stmcufinder\plugins\mcufinder/ => C:\Users\Javier\.stmcufinder\plugins\mcufinder
2024-02-23 09:13:57,850 [WARN] DbFile:41 - Overriding database path with different value: C:\Users\Javier\.stmcufinder\plugins\mcufinder/ => C:\Users\Javier\.stmcufinder\plugins\mcufinder
2024-02-23 09:13:57,850 [INFO] CrossReferenceDbSqlite:203 - Set database path to: C:\Users\Javier\.stmcufinder\plugins\mcufinder//mcu/cs/
2024-02-23 09:13:58,015 [INFO] MainPanel:264 - HeapMemory: 268435456
2024-02-23 09:13:58,147 [INFO] DbMcusXml:78 - Set database path to: C:\ST\STM32CubeIDE_1.14.1\STM32CubeIDE\plugins\com.st.stm32cube.common.mx_6.10.0.202311202037\\db\/mcu/
2024-02-23 09:13:58,147 [INFO] ApiDb:274 - Set plugin database path to: C:\ST\STM32CubeIDE_1.14.1\STM32CubeIDE\plugins\com.st.stm32cube.common.mx_6.10.0.202311202037\\db\/plugins/boardmanager/
2024-02-23 09:13:58,148 [INFO] ApiDb:261 - Set plugin images path to: C:\ST\STM32CubeIDE_1.14.1\STM32CubeIDE\plugins\com.st.stm32cube.common.mx_6.10.0.202311202037\\db\/plugins/mcufinder/images/
2024-02-23 09:13:58,148 [WARN] DbFile:41 - Overriding database path with different value: C:\Users\Javier\.stmcufinder\plugins\mcufinder/ => C:\Users\Javier\.stmcufinder\plugins\mcufinder
2024-02-23 09:13:58,148 [INFO] ApiDb:250 - Set database path to: C:\Users\Javier\.stmcufinder\plugins\mcufinder//mcu/
2024-02-23 09:13:58,148 [WARN] DbFile:41 - Overriding database path with different value: C:\Users\Javier\.stmcufinder\plugins\mcufinder/ => C:\Users\Javier\.stmcufinder\plugins\mcufinder
2024-02-23 09:13:58,149 [INFO] DbMcusAds:125 - Set database path to: C:\Users\Javier\.stmcufinder\plugins\mcufinder//mcu/
2024-02-23 09:13:58,149 [WARN] DbFile:41 - Overriding database path with different value: C:\Users\Javier\.stmcufinder\plugins\mcufinder/ => C:\Users\Javier\.stmcufinder\plugins\mcufinder
2024-02-23 09:13:58,149 [WARN] DbFile:41 - Overriding database path with different value: C:\Users\Javier\.stmcufinder\plugins\mcufinder/ => C:\Users\Javier\.stmcufinder\plugins\mcufinder
2024-02-23 09:13:58,149 [INFO] CrossReferenceDbSqlite:203 - Set database path to: C:\Users\Javier\.stmcufinder\plugins\mcufinder//mcu/cs/
2024-02-23 09:13:58,180 [INFO] ApplicationProperties:184 - Using Application install path: C:\ST\STM32CubeIDE_1.14.1\STM32CubeIDE\plugins\com.st.stm32cube.common.mx_6.10.0.202311202037
2024-02-23 09:13:58,182 [INFO] PluginManage:196 - Search for loadable plugins [exclusion list=, ]
2024-02-23 09:13:58,184 [INFO] PluginManage:310 - Check plugin analytics
2024-02-23 09:13:58,463 [INFO] AnalyticsPlugin:253 - Accepted Software Licenses: 
2024-02-23 09:13:58,463 [INFO] AnalyticsPlugin:255 - Accepted CMSIS Pack Licenses: 
2024-02-23 09:13:58,464 [INFO] AnalyticsPlugin:257 - Accepted Firmware Licenses: FW.F4.1.28.0
2024-02-23 09:13:58,468 [INFO] PluginManage:359 - Loaded plugin analytics (category:tool,tabindex:-1)
2024-02-23 09:13:58,469 [INFO] PluginManage:310 - Check plugin cadmodel
2024-02-23 09:13:58,477 [INFO] CADModel:105 - Init CAD model plugin
2024-02-23 09:13:58,478 [INFO] PluginManage:359 - Loaded plugin cadmodel (category:power,tabindex:5)
2024-02-23 09:13:58,478 [INFO] PluginManage:310 - Check plugin clock
2024-02-23 09:13:58,495 [INFO] PluginManage:359 - Loaded plugin clock (category:base,tabindex:2)
2024-02-23 09:13:58,495 [INFO] PluginManage:310 - Check plugin ddr
2024-02-23 09:13:58,499 [INFO] PluginManage:359 - Loaded plugin ddr (category:tool,tabindex:6)
2024-02-23 09:13:58,499 [INFO] PluginManage:310 - Check plugin filemanager
2024-02-23 09:13:58,706 [INFO] PluginManage:359 - Loaded plugin filemanager (category:base,tabindex:10)
2024-02-23 09:13:58,707 [INFO] PluginManage:310 - Check plugin ipmanager
2024-02-23 09:13:58,721 [INFO] PluginManage:359 - Loaded plugin ipmanager (category:base,tabindex:5)
2024-02-23 09:13:58,722 [INFO] PluginManage:310 - Check plugin lpbam
2024-02-23 09:13:58,733 [INFO] PluginManage:359 - Loaded plugin lpbam (category:base,tabindex:0)
2024-02-23 09:13:58,733 [INFO] PluginManage:310 - Check plugin memorymap
2024-02-23 09:13:58,753 [INFO] PluginManage:359 - Loaded plugin memorymap (category:base,tabindex:4)
2024-02-23 09:13:58,753 [INFO] PluginManage:310 - Check plugin pinoutandconfiguration
2024-02-23 09:13:58,764 [INFO] PluginManage:359 - Loaded plugin pinoutandconfiguration (category:base,tabindex:1)
2024-02-23 09:13:58,764 [INFO] PluginManage:310 - Check plugin pinoutconfig
2024-02-23 09:13:58,918 [WARN] SupportedApi:132 - Cannot load RTOS API schema: s4s-elt-must-match.1: The content of 'definitions' must match (annotation?, (simpleType | complexType)?, (unique | key | keyref)*)). A problem was found starting at: attribute.
2024-02-23 09:13:59,099 [INFO] PluginManage:359 - Loaded plugin pinoutconfig (category:base,tabindex:0)
2024-02-23 09:13:59,100 [INFO] PluginManage:310 - Check plugin power
2024-02-23 09:13:59,112 [INFO] PluginManage:359 - Loaded plugin power (category:power,tabindex:4)
2024-02-23 09:13:59,113 [INFO] PluginManage:310 - Check plugin projectmanager
2024-02-23 09:13:59,143 [INFO] PluginManage:359 - Loaded plugin projectmanager (category:projectmanager,tabindex:3)
2024-02-23 09:13:59,143 [INFO] PluginManage:310 - Check plugin thirdparty
2024-02-23 09:13:59,313 [INFO] PluginManage:359 - Loaded plugin thirdparty (category:base,tabindex:-1)
2024-02-23 09:13:59,313 [WARN] IntegrityCheckThread:84 - waiting for thirdparty lock release [integrity check]
2024-02-23 09:13:59,313 [INFO] PluginManage:310 - Check plugin tools
2024-02-23 09:13:59,314 [INFO] IntegrityCheckThread:86 - entering critical section [integrity check]
2024-02-23 09:13:59,314 [INFO] ThirdPartyUpdaterWithRetryManager:70 - Updater plugin not ready yet. [1/15]
2024-02-23 09:13:59,318 [INFO] PluginManage:359 - Loaded plugin tools (category:base,tabindex:7)
2024-02-23 09:13:59,318 [INFO] PluginManage:310 - Check plugin tutovideos
2024-02-23 09:13:59,599 [INFO] PluginManage:359 - Loaded plugin tutovideos (category:base,tabindex:-1)
2024-02-23 09:13:59,600 [INFO] PluginManage:310 - Check plugin updater
2024-02-23 09:13:59,616 [INFO] PluginManage:359 - Loaded plugin updater (category:base,tabindex:12)
2024-02-23 09:13:59,616 [INFO] PluginManage:310 - Check plugin userauth
2024-02-23 09:13:59,623 [INFO] UserAuth:114 - Init User Auth plugin
2024-02-23 09:13:59,623 [INFO] PluginManage:359 - Loaded plugin userauth (category:base,tabindex:14)
2024-02-23 09:13:59,624 [INFO] PluginManage:283 - PluginManage : Loaded plugins [17]
2024-02-23 09:13:59,982 [INFO] PinOutPanel:1499 - setPackage(No Configuration,No Configuration)
2024-02-23 09:14:00,117 [INFO] CADModel:165 - CPN selected for project level
2024-02-23 09:14:00,117 [INFO] CADModel:114 - Register for checkConnection events
2024-02-23 09:14:00,139 [INFO] IPUIPlugin:80 - create IPUIPlugin
2024-02-23 09:14:00,139 [INFO] PluginManager:220 - loadIPPluginJar : add adc
2024-02-23 09:14:00,143 [INFO] IPUIPlugin:80 - create IPUIPlugin
2024-02-23 09:14:00,143 [INFO] PluginManager:220 - loadIPPluginJar : add aes
2024-02-23 09:14:00,147 [INFO] IPUIPlugin:80 - create IPUIPlugin
2024-02-23 09:14:00,147 [INFO] PluginManager:220 - loadIPPluginJar : add can
2024-02-23 09:14:00,149 [INFO] IPUIPlugin:80 - create IPUIPlugin
2024-02-23 09:14:00,150 [INFO] PluginManager:220 - loadIPPluginJar : add comp
2024-02-23 09:14:00,154 [INFO] IPUIPlugin:80 - create IPUIPlugin
2024-02-23 09:14:00,154 [INFO] PluginManager:220 - loadIPPluginJar : add cryp
2024-02-23 09:14:00,157 [INFO] IPUIPlugin:80 - create IPUIPlugin
2024-02-23 09:14:00,157 [INFO] PluginManager:220 - loadIPPluginJar : add dfsdm
2024-02-23 09:14:00,165 [INFO] IPUIPlugin:80 - create IPUIPlugin
2024-02-23 09:14:00,166 [INFO] PluginManager:220 - loadIPPluginJar : add dma
2024-02-23 09:14:00,170 [INFO] IPUIPlugin:80 - create IPUIPlugin
2024-02-23 09:14:00,170 [INFO] PluginManager:220 - loadIPPluginJar : add dma3
2024-02-23 09:14:00,173 [INFO] IPUIPlugin:80 - create IPUIPlugin
2024-02-23 09:14:00,173 [INFO] PluginManager:220 - loadIPPluginJar : add fatfs
2024-02-23 09:14:00,179 [INFO] IPUIPlugin:80 - create IPUIPlugin
2024-02-23 09:14:00,179 [INFO] PluginManager:220 - loadIPPluginJar : add fmc
2024-02-23 09:14:00,187 [INFO] IPUIPlugin:80 - create IPUIPlugin
2024-02-23 09:14:00,188 [INFO] PluginManager:220 - loadIPPluginJar : add freertos
2024-02-23 09:14:00,191 [INFO] IPUIPlugin:80 - create IPUIPlugin
2024-02-23 09:14:00,191 [INFO] PluginManager:220 - loadIPPluginJar : add genericplugin
2024-02-23 09:14:00,196 [INFO] IPUIPlugin:80 - create IPUIPlugin
2024-02-23 09:14:00,196 [INFO] PluginManager:220 - loadIPPluginJar : add gfxmmu
2024-02-23 09:14:00,203 [INFO] IPUIPlugin:80 - create IPUIPlugin
2024-02-23 09:14:00,203 [INFO] PluginManager:220 - loadIPPluginJar : add gic
2024-02-23 09:14:00,209 [INFO] IPUIPlugin:80 - create IPUIPlugin
2024-02-23 09:14:00,209 [INFO] PluginManager:220 - loadIPPluginJar : add gpio
2024-02-23 09:14:00,213 [INFO] IPUIPlugin:80 - create IPUIPlugin
2024-02-23 09:14:00,213 [INFO] PluginManager:220 - loadIPPluginJar : add gtzc
2024-02-23 09:14:00,218 [INFO] IPUIPlugin:80 - create IPUIPlugin
2024-02-23 09:14:00,218 [INFO] PluginManager:220 - loadIPPluginJar : add hash
2024-02-23 09:14:00,222 [INFO] IPUIPlugin:80 - create IPUIPlugin
2024-02-23 09:14:00,222 [INFO] PluginManager:220 - loadIPPluginJar : add i2c
2024-02-23 09:14:00,225 [INFO] IPUIPlugin:80 - create IPUIPlugin
2024-02-23 09:14:00,226 [INFO] PluginManager:220 - loadIPPluginJar : add i2s
2024-02-23 09:14:00,229 [INFO] IPUIPlugin:80 - create IPUIPlugin
2024-02-23 09:14:00,230 [INFO] PluginManager:220 - loadIPPluginJar : add i3c
2024-02-23 09:14:00,233 [INFO] IPUIPlugin:80 - create IPUIPlugin
2024-02-23 09:14:00,234 [INFO] PluginManager:220 - loadIPPluginJar : add ipddr
2024-02-23 09:14:00,242 [INFO] IPUIPlugin:80 - create IPUIPlugin
2024-02-23 09:14:00,242 [INFO] PluginManager:220 - loadIPPluginJar : add linkedlist
2024-02-23 09:14:00,246 [INFO] IPUIPlugin:80 - create IPUIPlugin
2024-02-23 09:14:00,246 [INFO] PluginManager:220 - loadIPPluginJar : add lorawan
2024-02-23 09:14:00,250 [INFO] IPUIPlugin:80 - create IPUIPlugin
2024-02-23 09:14:00,250 [INFO] PluginManager:220 - loadIPPluginJar : add ltdc
2024-02-23 09:14:00,257 [INFO] IPUIPlugin:80 - create IPUIPlugin
2024-02-23 09:14:00,258 [INFO] PluginManager:220 - loadIPPluginJar : add mdma
2024-02-23 09:14:00,263 [INFO] IPUIPlugin:80 - create IPUIPlugin
2024-02-23 09:14:00,264 [INFO] PluginManager:220 - loadIPPluginJar : add nvic
2024-02-23 09:14:00,267 [INFO] IPUIPlugin:80 - create IPUIPlugin
2024-02-23 09:14:00,267 [INFO] PluginManager:220 - loadIPPluginJar : add opamp
2024-02-23 09:14:00,271 [INFO] IPUIPlugin:80 - create IPUIPlugin
2024-02-23 09:14:00,271 [INFO] PluginManager:220 - loadIPPluginJar : add openamp
2024-02-23 09:14:00,278 [INFO] IPUIPlugin:80 - create IPUIPlugin
2024-02-23 09:14:00,278 [INFO] PluginManager:220 - loadIPPluginJar : add pdm2pcm
2024-02-23 09:14:00,290 [INFO] IPUIPlugin:80 - create IPUIPlugin
2024-02-23 09:14:00,295 [INFO] PluginManager:220 - loadIPPluginJar : add plateformsettings
2024-02-23 09:14:00,299 [INFO] IPUIPlugin:80 - create IPUIPlugin
2024-02-23 09:14:00,299 [INFO] PluginManager:220 - loadIPPluginJar : add quadspi
2024-02-23 09:14:00,306 [INFO] IPUIPlugin:80 - create IPUIPlugin
2024-02-23 09:14:00,306 [INFO] PluginManager:220 - loadIPPluginJar : add resmgrutility
2024-02-23 09:14:00,311 [INFO] IPUIPlugin:80 - create IPUIPlugin
2024-02-23 09:14:00,312 [INFO] PluginManager:220 - loadIPPluginJar : add sai
2024-02-23 09:14:00,317 [INFO] IPUIPlugin:80 - create IPUIPlugin
2024-02-23 09:14:00,317 [INFO] PluginManager:220 - loadIPPluginJar : add spi
2024-02-23 09:14:00,323 [INFO] IPUIPlugin:80 - create IPUIPlugin
2024-02-23 09:14:00,324 [INFO] PluginManager:220 - loadIPPluginJar : add stm32_wpan
2024-02-23 09:14:00,328 [INFO] IPUIPlugin:80 - create IPUIPlugin
2024-02-23 09:14:00,328 [INFO] PluginManager:220 - loadIPPluginJar : add tim
2024-02-23 09:14:00,333 [INFO] IPUIPlugin:80 - create IPUIPlugin
2024-02-23 09:14:00,333 [INFO] PluginManager:220 - loadIPPluginJar : add touchsensing
2024-02-23 09:14:00,337 [INFO] IPUIPlugin:80 - create IPUIPlugin
2024-02-23 09:14:00,337 [INFO] PluginManager:220 - loadIPPluginJar : add tracer_emb
2024-02-23 09:14:00,341 [INFO] IPUIPlugin:80 - create IPUIPlugin
2024-02-23 09:14:00,341 [INFO] PluginManager:220 - loadIPPluginJar : add ts
2024-02-23 09:14:00,344 [INFO] IPUIPlugin:80 - create IPUIPlugin
2024-02-23 09:14:00,344 [INFO] PluginManager:220 - loadIPPluginJar : add tsc
2024-02-23 09:14:00,348 [INFO] IPUIPlugin:80 - create IPUIPlugin
2024-02-23 09:14:00,348 [INFO] PluginManager:220 - loadIPPluginJar : add ucpd
2024-02-23 09:14:00,352 [INFO] IPUIPlugin:80 - create IPUIPlugin
2024-02-23 09:14:00,352 [INFO] PluginManager:220 - loadIPPluginJar : add usart
2024-02-23 09:14:00,359 [INFO] IPUIPlugin:80 - create IPUIPlugin
2024-02-23 09:14:00,359 [INFO] PluginManager:220 - loadIPPluginJar : add usbx
2024-02-23 09:14:00,559 [INFO] CADModel:165 - CPN selected for project level
2024-02-23 09:14:00,559 [INFO] CADModel:114 - Register for checkConnection events
2024-02-23 09:14:00,560 [FATAL] Updater:308 - Updater called before beeing initialized
2024-02-23 09:14:00,560 [ERROR] CADModel:125 - Updater not yet initialized, retry later 
2024-02-23 09:14:00,801 [INFO] CADModel:165 - CPN selected for project level
2024-02-23 09:14:00,801 [INFO] CADModel:114 - Register for checkConnection events
2024-02-23 09:14:00,801 [FATAL] Updater:308 - Updater called before beeing initialized
2024-02-23 09:14:00,802 [ERROR] CADModel:125 - Updater not yet initialized, retry later 
2024-02-23 09:14:00,807 [FATAL] Updater:308 - Updater called before beeing initialized
2024-02-23 09:14:01,019 [FATAL] Updater:308 - Updater called before beeing initialized
2024-02-23 09:14:01,025 [INFO] DbMcusAds:53 - JSON generation date=Wed Nov 29 18:52:27 SGT 2023 (1701255147200)
2024-02-23 09:14:01,025 [FATAL] Updater:308 - Updater called before beeing initialized
2024-02-23 09:14:01,101 [WARN] DetailPanel:346 - Failed to get advertising image, set to default
2024-02-23 09:14:01,316 [FATAL] Updater:308 - Updater called before beeing initialized
2024-02-23 09:14:01,319 [FATAL] Updater:308 - Updater called before beeing initialized
2024-02-23 09:14:01,320 [FATAL] Updater:308 - Updater called before beeing initialized
2024-02-23 09:14:01,320 [WARN] DetailPanel:346 - Failed to get advertising image, set to default
2024-02-23 09:14:01,321 [FATAL] Updater:308 - Updater called before beeing initialized
2024-02-23 09:14:01,414 [ERROR] Updater:1120 - MainUpdater not yet initialized. External WinMGr cannot be set.
2024-02-23 09:14:01,417 [INFO] Updater:1056 - Updater Version found : 6.10.0
2024-02-23 09:14:01,441 [INFO] ApplicationProperties:184 - Using Application install path: C:\ST\STM32CubeIDE_1.14.1\STM32CubeIDE\plugins\com.st.stm32cube.common.mx_6.10.0.202311202037
2024-02-23 09:14:02,317 [INFO] ThirdPartyUpdaterWithRetryManager:70 - Updater plugin not ready yet. [2/15]
2024-02-23 09:14:03,030 [ERROR] LogOutputStream:75 - [STDERR_REDIRECT] Feb 23, 2024 9:14:03 AM java.util.prefs.WindowsPreferences <init>
2024-02-23 09:14:03,034 [ERROR] LogOutputStream:75 - [STDERR_REDIRECT] WARNING: Could not open/create prefs root node Software\JavaSoft\Prefs at root 0xffffffff80000002. Windows RegCreateKeyEx(...) returned error code 5.
2024-02-23 09:14:03,034 [ERROR] LogOutputStream:75 - [STDERR_REDIRECT] 
2024-02-23 09:14:03,433 [INFO] MainUpdater:2873 - connection check result : 10
2024-02-23 09:14:03,435 [INFO] MainUpdater:290 - Updater Check For Update Now.
2024-02-23 09:14:03,435 [INFO] MicroXplorer:498 - Change Database Version : DB.6.0.100
2024-02-23 09:14:03,483 [INFO] McuFinderGlobals:63 - Set McuFinder mode to 2 (CubeIDE integrated)
2024-02-23 09:14:03,698 [INFO] UserAuth:404 - Internet connection configuration mode: 1
2024-02-23 09:14:03,714 [INFO] CheckServerUpdateThread:120 - End of CheckServer Thread
2024-02-23 09:14:03,721 [INFO] JxBrowserEngine:152 - Initiate JxBrowser Engine with user profile folder
2024-02-23 09:14:05,141 [INFO] WebApp:161 - Instantiating new browser for Auth
2024-02-23 09:14:05,665 [WARN] PackLoader:240 - Cannot read IP mode file for STMicroelectronics.X-CUBE-SMBUS.2.1.0
2024-02-23 09:14:05,725 [WARN] PackLoader:240 - Cannot read IP mode file for STMicroelectronics.X-CUBE-AZRTOS-F7.1.1.0
2024-02-23 09:14:05,751 [WARN] PackLoader:240 - Cannot read IP mode file for STMicroelectronics.FP-SNS-MOTENV1.4.3.2
2024-02-23 09:14:05,764 [WARN] PackLoader:240 - Cannot read IP mode file for STMicroelectronics.FP-SNS-FLIGHT1.5.0.2
2024-02-23 09:14:05,784 [WARN] PackLoader:240 - Cannot read IP mode file for STMicroelectronics.X-CUBE-DISPLAY.3.0.0
2024-02-23 09:14:05,812 [WARN] PackLoader:240 - Cannot read IP mode file for STMicroelectronics.X-CUBE-BLE1.7.0.0
2024-02-23 09:14:05,824 [WARN] PackLoader:240 - Cannot read IP mode file for STMicroelectronics.FP-SNS-SMARTAG2.1.2.0
2024-02-23 09:14:05,860 [INFO] LogOutputStream:77 - [STDOUT_REDIRECT] 1 : Invalid condition id : UX_CORESTACK_Condition cause : null
2024-02-23 09:14:05,861 [INFO] LogOutputStream:77 - [STDOUT_REDIRECT] 1 : Invalid condition id : UX_CORESTACK_Condition cause : null
2024-02-23 09:14:05,864 [INFO] LogOutputStream:77 - [STDOUT_REDIRECT] 1 : Invalid condition id : UX_CORESTACK_Condition cause : null
2024-02-23 09:14:05,866 [INFO] LogOutputStream:77 - [STDOUT_REDIRECT] 1 : Invalid condition id : UX_CORESTACK_Condition cause : null
2024-02-23 09:14:05,869 [INFO] LogOutputStream:77 - [STDOUT_REDIRECT] 1 : Invalid condition id : UX_CORESTACK_Condition cause : null
2024-02-23 09:14:05,879 [WARN] PackLoader:240 - Cannot read IP mode file for STMicroelectronics.X-CUBE-AZRTOS-WL.2.0.0
2024-02-23 09:14:05,893 [WARN] PackLoader:240 - Cannot read IP mode file for STMicroelectronics.X-CUBE-BLE2.3.3.0
2024-02-23 09:14:05,911 [WARN] PackLoader:240 - Cannot read IP mode file for STMicroelectronics.X-CUBE-ALGOBUILD.1.3.0
2024-02-23 09:14:05,952 [WARN] PackLoader:240 - Cannot read IP mode file for STMicroelectronics.X-CUBE-AZRTOS-G0.1.1.0
2024-02-23 09:14:05,965 [WARN] PackLoader:240 - Cannot read IP mode file for STMicroelectronics.X-CUBE-NFC4.3.0.0
2024-02-23 09:14:05,984 [WARN] PackLoader:240 - Cannot read IP mode file for STMicroelectronics.X-CUBE-BLEMGR.3.0.0
2024-02-23 09:14:05,995 [WARN] PackLoader:240 - Cannot read IP mode file for STMicroelectronics.FP-ATR-SIGFOX1.3.2.0
2024-02-23 09:14:06,054 [WARN] PackLoader:240 - Cannot read IP mode file for SEGGER.I-CUBE-embOS.1.3.1
2024-02-23 09:14:06,129 [WARN] PackLoader:240 - Cannot read IP mode file for STMicroelectronics.X-CUBE-GNSS1.6.0.0
2024-02-23 09:14:06,162 [WARN] PackLoader:240 - Cannot read IP mode file for STMicroelectronics.X-CUBE-AZRTOS-F4.1.1.0
2024-02-23 09:14:06,193 [WARN] PackLoader:240 - Cannot read IP mode file for STMicroelectronics.X-CUBE-AZRTOS-L5.2.0.0
2024-02-23 09:14:06,218 [WARN] PackLoader:240 - Cannot read IP mode file for STMicroelectronics.X-CUBE-NFC7.1.0.1
2024-02-23 09:14:06,241 [WARN] PackLoader:240 - Cannot read IP mode file for STMicroelectronics.X-CUBE-NFC6.3.0.0
2024-02-23 09:14:06,254 [WARN] PackLoader:240 - Cannot read IP mode file for STMicroelectronics.X-CUBE-AI.8.1.0
2024-02-23 09:14:06,287 [WARN] ConditionMgr:438 - getConditionDescription Invalid condition id : LAN8742 Phy interface Condition cause : null
2024-02-23 09:14:06,289 [WARN] PackLoader:240 - Cannot read IP mode file for STMicroelectronics.X-CUBE-AZRTOS-L4.2.0.0
2024-02-23 09:14:06,292 [WARN] ConditionMgr:1039 - genDependencies : Invalid condition id : LAN8742 Phy interface Condition cause : null
2024-02-23 09:14:06,292 [WARN] ConditionMgr:1039 - genDependencies : Invalid condition id : LAN8742 Phy interface Condition cause : null
2024-02-23 09:14:06,293 [WARN] ConditionMgr:1039 - genDependencies : Invalid condition id : LAN8742 Phy interface Condition cause : null
2024-02-23 09:14:06,308 [WARN] PackLoader:240 - Cannot read IP mode file for STMicroelectronics.X-CUBE-SFXS2LP1.4.0.0
2024-02-23 09:14:06,355 [WARN] ConditionMgr:438 - getConditionDescription Invalid condition id : UX DEVICE CLASS RTOS Condition cause : null
2024-02-23 09:14:06,355 [WARN] ConditionMgr:438 - getConditionDescription Invalid condition id : UX DEVICE CLASS RTOS Condition cause : null
2024-02-23 09:14:06,358 [WARN] PackLoader:240 - Cannot read IP mode file for STMicroelectronics.X-CUBE-AZRTOS-WB.2.0.0
2024-02-23 09:14:06,359 [WARN] ConditionMgr:1039 - genDependencies : Invalid condition id : UX DEVICE CLASS RTOS Condition cause : null
2024-02-23 09:14:06,359 [WARN] ConditionMgr:1039 - genDependencies : Invalid condition id : UX DEVICE CLASS RTOS Condition cause : null
2024-02-23 09:14:06,360 [WARN] ConditionMgr:1039 - genDependencies : Invalid condition id : UX DEVICE CLASS RTOS Condition cause : null
2024-02-23 09:14:06,361 [WARN] ConditionMgr:1039 - genDependencies : Invalid condition id : UX DEVICE CLASS RTOS Condition cause : null
2024-02-23 09:14:06,361 [WARN] ConditionMgr:1039 - genDependencies : Invalid condition id : UX DEVICE CLASS RTOS Condition cause : null
2024-02-23 09:14:06,381 [WARN] PackLoader:240 - Cannot read IP mode file for STMicroelectronics.X-CUBE-SUBG2.5.0.0
2024-02-23 09:14:06,436 [WARN] PackLoader:240 - Cannot read IP mode file for STMicroelectronics.X-CUBE-AZRTOS-G4.2.0.0
2024-02-23 09:14:06,475 [INFO] WebApp:780 - Register for checkConnection events
2024-02-23 09:14:06,475 [INFO] WebApp:414 - Apply proxy settings
2024-02-23 09:14:06,475 [INFO] WebApp:499 - Chromium requires no authentication
2024-02-23 09:14:06,491 [INFO] WebApp:442 - Direct internet connection detected
2024-02-23 09:14:06,501 [WARN] PackLoader:240 - Cannot read IP mode file for STMicroelectronics.X-CUBE-MEMS1.10.0.0
2024-02-23 09:14:06,739 [WARN] PackLoader:240 - Cannot read IP mode file for STMicroelectronics.X-CUBE-FREERTOS.1.1.0
2024-02-23 09:14:06,752 [WARN] PackLoader:240 - Cannot read IP mode file for portGmbH.I-Cube-SoM-uGOAL.1.1.0
2024-02-23 09:14:06,761 [WARN] PackLoader:240 - Cannot read IP mode file for STMicroelectronics.X-CUBE-ALS.1.0.1
2024-02-23 09:14:06,770 [WARN] PackLoader:240 - Cannot read IP mode file for STMicroelectronics.FP-ATR-ASTRA1.2.0.0
2024-02-23 09:14:06,771 [INFO] ThirdParty:978 - Integrity check success = true
2024-02-23 09:14:06,772 [INFO] IntegrityCheckThread:100 - exiting critical section [integrity check]
2024-02-23 09:14:06,772 [INFO] IntegrityCheckThread:103 - End integrity checks thread
2024-02-23 09:14:06,982 [INFO] WebApp:192 - Starting web application
2024-02-23 09:14:06,983 [INFO] WebApp:544 - Web application path used C:\ST\STM32CubeIDE_1.14.1\STM32CubeIDE\plugins\com.st.stm32cube.common.mx_6.10.0.202311202037\db\plugins\mcufinder\reactClient1\index.html
2024-02-23 09:14:28,437 [ERROR] LogOutputStream:75 - [STDERR_REDIRECT] SLF4J: Failed to load class "org.slf4j.impl.StaticLoggerBinder".
2024-02-23 09:14:28,441 [ERROR] LogOutputStream:75 - [STDERR_REDIRECT] SLF4J: Defaulting to no-operation (NOP) logger implementation
2024-02-23 09:14:28,446 [ERROR] LogOutputStream:75 - [STDERR_REDIRECT] SLF4J: See http://www.slf4j.org/codes.html#StaticLoggerBinder for further details.
2024-02-23 11:08:29,724 [ERROR] LogOutputStream:75 - [STDERR_REDIRECT] 
2024-02-23 11:12:55,017 [INFO] Activator:176 - 


2024-02-23 11:12:55,020 [INFO] Activator:177 - !SESSION log4j initialized
2024-02-23 11:13:01,718 [INFO] LogOutputStream:77 - [STDOUT_REDIRECT] 
2024-02-23 11:13:03,844 [INFO] ApplicationProperties:184 - Using Application install path: C:\ST\STM32CubeIDE_1.14.1\STM32CubeIDE\plugins\com.st.stm32cube.common.mx_6.10.0.202311202037
2024-02-23 11:13:03,866 [INFO] DbMcusXml:78 - Set database path to: C:\ST\STM32CubeIDE_1.14.1\STM32CubeIDE\plugins\com.st.stm32cube.common.mx_6.10.0.202311202037\\db\/mcu/
2024-02-23 11:13:03,866 [INFO] ApiDb:274 - Set plugin database path to: C:\ST\STM32CubeIDE_1.14.1\STM32CubeIDE\plugins\com.st.stm32cube.common.mx_6.10.0.202311202037\\db\/plugins/boardmanager/
2024-02-23 11:13:03,866 [WARN] ApiDb:259 - Overriding images path with different value:  => C:\ST\STM32CubeIDE_1.14.1\STM32CubeIDE\plugins\com.st.stm32cube.common.mx_6.10.0.202311202037\\db\/plugins/mcufinder/images/
2024-02-23 11:13:03,878 [INFO] ApiDb:250 - Set database path to: C:\Users\Javier\.stmcufinder\plugins\mcufinder//mcu/
2024-02-23 11:13:03,881 [INFO] DbMcusAds:125 - Set database path to: C:\Users\Javier\.stmcufinder\plugins\mcufinder//mcu/
2024-02-23 11:13:03,884 [INFO] CrossReferenceDbSqlite:203 - Set database path to: C:\Users\Javier\.stmcufinder\plugins\mcufinder//mcu/cs/
2024-02-23 11:13:04,075 [INFO] RulesReader:64 - Compatibility file has been processed (297 Rules)
2024-02-23 11:13:04,239 [INFO] DbMcusXml:78 - Set database path to: C:\ST\STM32CubeIDE_1.14.1\STM32CubeIDE\plugins\com.st.stm32cube.common.mx_6.10.0.202311202037\\db\/mcu/
2024-02-23 11:13:04,240 [INFO] ApiDb:274 - Set plugin database path to: C:\ST\STM32CubeIDE_1.14.1\STM32CubeIDE\plugins\com.st.stm32cube.common.mx_6.10.0.202311202037\\db\/plugins/boardmanager/
2024-02-23 11:13:04,240 [INFO] ApiDb:261 - Set plugin images path to: C:\ST\STM32CubeIDE_1.14.1\STM32CubeIDE\plugins\com.st.stm32cube.common.mx_6.10.0.202311202037\\db\/plugins/mcufinder/images/
2024-02-23 11:13:04,240 [WARN] DbFile:41 - Overriding database path with different value: C:\Users\Javier\.stmcufinder\plugins\mcufinder/ => C:\Users\Javier\.stmcufinder\plugins\mcufinder
2024-02-23 11:13:04,240 [INFO] ApiDb:250 - Set database path to: C:\Users\Javier\.stmcufinder\plugins\mcufinder//mcu/
2024-02-23 11:13:04,240 [WARN] DbFile:41 - Overriding database path with different value: C:\Users\Javier\.stmcufinder\plugins\mcufinder/ => C:\Users\Javier\.stmcufinder\plugins\mcufinder
2024-02-23 11:13:04,241 [INFO] DbMcusAds:125 - Set database path to: C:\Users\Javier\.stmcufinder\plugins\mcufinder//mcu/
2024-02-23 11:13:04,241 [WARN] DbFile:41 - Overriding database path with different value: C:\Users\Javier\.stmcufinder\plugins\mcufinder/ => C:\Users\Javier\.stmcufinder\plugins\mcufinder
2024-02-23 11:13:04,241 [WARN] DbFile:41 - Overriding database path with different value: C:\Users\Javier\.stmcufinder\plugins\mcufinder/ => C:\Users\Javier\.stmcufinder\plugins\mcufinder
2024-02-23 11:13:04,241 [INFO] CrossReferenceDbSqlite:203 - Set database path to: C:\Users\Javier\.stmcufinder\plugins\mcufinder//mcu/cs/
2024-02-23 11:13:04,390 [INFO] MainPanel:264 - HeapMemory: 268435456
2024-02-23 11:13:04,574 [INFO] DbMcusXml:78 - Set database path to: C:\ST\STM32CubeIDE_1.14.1\STM32CubeIDE\plugins\com.st.stm32cube.common.mx_6.10.0.202311202037\\db\/mcu/
2024-02-23 11:13:04,574 [INFO] ApiDb:274 - Set plugin database path to: C:\ST\STM32CubeIDE_1.14.1\STM32CubeIDE\plugins\com.st.stm32cube.common.mx_6.10.0.202311202037\\db\/plugins/boardmanager/
2024-02-23 11:13:04,574 [INFO] ApiDb:261 - Set plugin images path to: C:\ST\STM32CubeIDE_1.14.1\STM32CubeIDE\plugins\com.st.stm32cube.common.mx_6.10.0.202311202037\\db\/plugins/mcufinder/images/
2024-02-23 11:13:04,575 [WARN] DbFile:41 - Overriding database path with different value: C:\Users\Javier\.stmcufinder\plugins\mcufinder/ => C:\Users\Javier\.stmcufinder\plugins\mcufinder
2024-02-23 11:13:04,575 [INFO] ApiDb:250 - Set database path to: C:\Users\Javier\.stmcufinder\plugins\mcufinder//mcu/
2024-02-23 11:13:04,575 [WARN] DbFile:41 - Overriding database path with different value: C:\Users\Javier\.stmcufinder\plugins\mcufinder/ => C:\Users\Javier\.stmcufinder\plugins\mcufinder
2024-02-23 11:13:04,575 [INFO] DbMcusAds:125 - Set database path to: C:\Users\Javier\.stmcufinder\plugins\mcufinder//mcu/
2024-02-23 11:13:04,576 [WARN] DbFile:41 - Overriding database path with different value: C:\Users\Javier\.stmcufinder\plugins\mcufinder/ => C:\Users\Javier\.stmcufinder\plugins\mcufinder
2024-02-23 11:13:04,576 [WARN] DbFile:41 - Overriding database path with different value: C:\Users\Javier\.stmcufinder\plugins\mcufinder/ => C:\Users\Javier\.stmcufinder\plugins\mcufinder
2024-02-23 11:13:04,576 [INFO] CrossReferenceDbSqlite:203 - Set database path to: C:\Users\Javier\.stmcufinder\plugins\mcufinder//mcu/cs/
2024-02-23 11:13:04,613 [INFO] ApplicationProperties:184 - Using Application install path: C:\ST\STM32CubeIDE_1.14.1\STM32CubeIDE\plugins\com.st.stm32cube.common.mx_6.10.0.202311202037
2024-02-23 11:13:04,615 [INFO] PluginManage:196 - Search for loadable plugins [exclusion list=, ]
2024-02-23 11:13:04,617 [INFO] PluginManage:310 - Check plugin analytics
2024-02-23 11:13:04,939 [INFO] AnalyticsPlugin:253 - Accepted Software Licenses: 
2024-02-23 11:13:04,940 [INFO] AnalyticsPlugin:255 - Accepted CMSIS Pack Licenses: 
2024-02-23 11:13:04,940 [INFO] AnalyticsPlugin:257 - Accepted Firmware Licenses: FW.F4.1.28.0
2024-02-23 11:13:04,953 [INFO] PluginManage:359 - Loaded plugin analytics (category:tool,tabindex:-1)
2024-02-23 11:13:04,953 [INFO] PluginManage:310 - Check plugin cadmodel
2024-02-23 11:13:05,017 [INFO] CADModel:105 - Init CAD model plugin
2024-02-23 11:13:05,017 [INFO] PluginManage:359 - Loaded plugin cadmodel (category:power,tabindex:5)
2024-02-23 11:13:05,017 [INFO] PluginManage:310 - Check plugin clock
2024-02-23 11:13:05,132 [INFO] PluginManage:359 - Loaded plugin clock (category:base,tabindex:2)
2024-02-23 11:13:05,133 [INFO] PluginManage:310 - Check plugin ddr
2024-02-23 11:13:05,136 [INFO] PluginManage:359 - Loaded plugin ddr (category:tool,tabindex:6)
2024-02-23 11:13:05,136 [INFO] PluginManage:310 - Check plugin filemanager
2024-02-23 11:13:05,312 [INFO] PluginManage:359 - Loaded plugin filemanager (category:base,tabindex:10)
2024-02-23 11:13:05,313 [INFO] PluginManage:310 - Check plugin ipmanager
2024-02-23 11:13:05,322 [INFO] PluginManage:359 - Loaded plugin ipmanager (category:base,tabindex:5)
2024-02-23 11:13:05,323 [INFO] PluginManage:310 - Check plugin lpbam
2024-02-23 11:13:05,361 [INFO] PluginManage:359 - Loaded plugin lpbam (category:base,tabindex:0)
2024-02-23 11:13:05,362 [INFO] PluginManage:310 - Check plugin memorymap
2024-02-23 11:13:05,412 [INFO] PluginManage:359 - Loaded plugin memorymap (category:base,tabindex:4)
2024-02-23 11:13:05,413 [INFO] PluginManage:310 - Check plugin pinoutandconfiguration
2024-02-23 11:13:05,502 [INFO] PluginManage:359 - Loaded plugin pinoutandconfiguration (category:base,tabindex:1)
2024-02-23 11:13:05,503 [INFO] PluginManage:310 - Check plugin pinoutconfig
2024-02-23 11:13:05,677 [WARN] SupportedApi:132 - Cannot load RTOS API schema: s4s-elt-must-match.1: The content of 'definitions' must match (annotation?, (simpleType | complexType)?, (unique | key | keyref)*)). A problem was found starting at: attribute.
2024-02-23 11:13:05,858 [INFO] PluginManage:359 - Loaded plugin pinoutconfig (category:base,tabindex:0)
2024-02-23 11:13:05,858 [INFO] PluginManage:310 - Check plugin power
2024-02-23 11:13:05,907 [INFO] PluginManage:359 - Loaded plugin power (category:power,tabindex:4)
2024-02-23 11:13:05,907 [INFO] PluginManage:310 - Check plugin projectmanager
2024-02-23 11:13:05,929 [INFO] PluginManage:359 - Loaded plugin projectmanager (category:projectmanager,tabindex:3)
2024-02-23 11:13:05,929 [INFO] PluginManage:310 - Check plugin thirdparty
2024-02-23 11:13:06,210 [INFO] PluginManage:359 - Loaded plugin thirdparty (category:base,tabindex:-1)
2024-02-23 11:13:06,210 [WARN] IntegrityCheckThread:84 - waiting for thirdparty lock release [integrity check]
2024-02-23 11:13:06,211 [INFO] PluginManage:310 - Check plugin tools
2024-02-23 11:13:06,211 [INFO] IntegrityCheckThread:86 - entering critical section [integrity check]
2024-02-23 11:13:06,213 [INFO] ThirdPartyUpdaterWithRetryManager:70 - Updater plugin not ready yet. [1/15]
2024-02-23 11:13:06,220 [INFO] PluginManage:359 - Loaded plugin tools (category:base,tabindex:7)
2024-02-23 11:13:06,220 [INFO] PluginManage:310 - Check plugin tutovideos
2024-02-23 11:13:06,599 [INFO] PluginManage:359 - Loaded plugin tutovideos (category:base,tabindex:-1)
2024-02-23 11:13:06,599 [INFO] PluginManage:310 - Check plugin updater
2024-02-23 11:13:06,614 [INFO] PluginManage:359 - Loaded plugin updater (category:base,tabindex:12)
2024-02-23 11:13:06,614 [INFO] PluginManage:310 - Check plugin userauth
2024-02-23 11:13:06,621 [INFO] UserAuth:114 - Init User Auth plugin
2024-02-23 11:13:06,621 [INFO] PluginManage:359 - Loaded plugin userauth (category:base,tabindex:14)
2024-02-23 11:13:06,621 [INFO] PluginManage:283 - PluginManage : Loaded plugins [17]
2024-02-23 11:13:07,001 [INFO] PinOutPanel:1499 - setPackage(No Configuration,No Configuration)
2024-02-23 11:13:07,130 [INFO] CADModel:165 - CPN selected for project level
2024-02-23 11:13:07,130 [INFO] CADModel:114 - Register for checkConnection events
2024-02-23 11:13:07,169 [INFO] IPUIPlugin:80 - create IPUIPlugin
2024-02-23 11:13:07,170 [INFO] PluginManager:220 - loadIPPluginJar : add adc
2024-02-23 11:13:07,177 [INFO] IPUIPlugin:80 - create IPUIPlugin
2024-02-23 11:13:07,177 [INFO] PluginManager:220 - loadIPPluginJar : add aes
2024-02-23 11:13:07,186 [INFO] IPUIPlugin:80 - create IPUIPlugin
2024-02-23 11:13:07,186 [INFO] PluginManager:220 - loadIPPluginJar : add can
2024-02-23 11:13:07,192 [INFO] IPUIPlugin:80 - create IPUIPlugin
2024-02-23 11:13:07,193 [INFO] PluginManager:220 - loadIPPluginJar : add comp
2024-02-23 11:13:07,201 [INFO] IPUIPlugin:80 - create IPUIPlugin
2024-02-23 11:13:07,201 [INFO] PluginManager:220 - loadIPPluginJar : add cryp
2024-02-23 11:13:07,209 [INFO] IPUIPlugin:80 - create IPUIPlugin
2024-02-23 11:13:07,209 [INFO] PluginManager:220 - loadIPPluginJar : add dfsdm
2024-02-23 11:13:07,229 [INFO] IPUIPlugin:80 - create IPUIPlugin
2024-02-23 11:13:07,230 [INFO] PluginManager:220 - loadIPPluginJar : add dma
2024-02-23 11:13:07,238 [INFO] IPUIPlugin:80 - create IPUIPlugin
2024-02-23 11:13:07,238 [INFO] PluginManager:220 - loadIPPluginJar : add dma3
2024-02-23 11:13:07,244 [INFO] IPUIPlugin:80 - create IPUIPlugin
2024-02-23 11:13:07,244 [INFO] PluginManager:220 - loadIPPluginJar : add fatfs
2024-02-23 11:13:07,257 [INFO] IPUIPlugin:80 - create IPUIPlugin
2024-02-23 11:13:07,257 [INFO] PluginManager:220 - loadIPPluginJar : add fmc
2024-02-23 11:13:07,328 [INFO] IPUIPlugin:80 - create IPUIPlugin
2024-02-23 11:13:07,328 [INFO] PluginManager:220 - loadIPPluginJar : add freertos
2024-02-23 11:13:07,334 [INFO] IPUIPlugin:80 - create IPUIPlugin
2024-02-23 11:13:07,334 [INFO] PluginManager:220 - loadIPPluginJar : add genericplugin
2024-02-23 11:13:07,349 [INFO] IPUIPlugin:80 - create IPUIPlugin
2024-02-23 11:13:07,349 [INFO] PluginManager:220 - loadIPPluginJar : add gfxmmu
2024-02-23 11:13:07,372 [INFO] IPUIPlugin:80 - create IPUIPlugin
2024-02-23 11:13:07,373 [INFO] PluginManager:220 - loadIPPluginJar : add gic
2024-02-23 11:13:07,419 [INFO] IPUIPlugin:80 - create IPUIPlugin
2024-02-23 11:13:07,419 [INFO] PluginManager:220 - loadIPPluginJar : add gpio
2024-02-23 11:13:07,449 [INFO] IPUIPlugin:80 - create IPUIPlugin
2024-02-23 11:13:07,449 [INFO] PluginManager:220 - loadIPPluginJar : add gtzc
2024-02-23 11:13:07,466 [INFO] IPUIPlugin:80 - create IPUIPlugin
2024-02-23 11:13:07,466 [INFO] PluginManager:220 - loadIPPluginJar : add hash
2024-02-23 11:13:07,488 [INFO] IPUIPlugin:80 - create IPUIPlugin
2024-02-23 11:13:07,489 [INFO] PluginManager:220 - loadIPPluginJar : add i2c
2024-02-23 11:13:07,512 [INFO] IPUIPlugin:80 - create IPUIPlugin
2024-02-23 11:13:07,512 [INFO] PluginManager:220 - loadIPPluginJar : add i2s
2024-02-23 11:13:07,531 [INFO] IPUIPlugin:80 - create IPUIPlugin
2024-02-23 11:13:07,531 [INFO] PluginManager:220 - loadIPPluginJar : add i3c
2024-02-23 11:13:07,563 [INFO] IPUIPlugin:80 - create IPUIPlugin
2024-02-23 11:13:07,563 [INFO] PluginManager:220 - loadIPPluginJar : add ipddr
2024-02-23 11:13:07,584 [INFO] IPUIPlugin:80 - create IPUIPlugin
2024-02-23 11:13:07,584 [INFO] PluginManager:220 - loadIPPluginJar : add linkedlist
2024-02-23 11:13:07,593 [INFO] IPUIPlugin:80 - create IPUIPlugin
2024-02-23 11:13:07,593 [INFO] PluginManager:220 - loadIPPluginJar : add lorawan
2024-02-23 11:13:07,600 [INFO] IPUIPlugin:80 - create IPUIPlugin
2024-02-23 11:13:07,601 [INFO] PluginManager:220 - loadIPPluginJar : add ltdc
2024-02-23 11:13:07,625 [INFO] IPUIPlugin:80 - create IPUIPlugin
2024-02-23 11:13:07,626 [INFO] PluginManager:220 - loadIPPluginJar : add mdma
2024-02-23 11:13:07,648 [INFO] IPUIPlugin:80 - create IPUIPlugin
2024-02-23 11:13:07,648 [INFO] PluginManager:220 - loadIPPluginJar : add nvic
2024-02-23 11:13:07,654 [INFO] IPUIPlugin:80 - create IPUIPlugin
2024-02-23 11:13:07,654 [INFO] PluginManager:220 - loadIPPluginJar : add opamp
2024-02-23 11:13:07,661 [INFO] IPUIPlugin:80 - create IPUIPlugin
2024-02-23 11:13:07,661 [INFO] PluginManager:220 - loadIPPluginJar : add openamp
2024-02-23 11:13:07,668 [INFO] IPUIPlugin:80 - create IPUIPlugin
2024-02-23 11:13:07,668 [INFO] PluginManager:220 - loadIPPluginJar : add pdm2pcm
2024-02-23 11:13:07,699 [INFO] IPUIPlugin:80 - create IPUIPlugin
2024-02-23 11:13:07,702 [INFO] PluginManager:220 - loadIPPluginJar : add plateformsettings
2024-02-23 11:13:07,707 [INFO] IPUIPlugin:80 - create IPUIPlugin
2024-02-23 11:13:07,708 [INFO] PluginManager:220 - loadIPPluginJar : add quadspi
2024-02-23 11:13:07,789 [INFO] IPUIPlugin:80 - create IPUIPlugin
2024-02-23 11:13:07,789 [INFO] PluginManager:220 - loadIPPluginJar : add resmgrutility
2024-02-23 11:13:07,796 [INFO] IPUIPlugin:80 - create IPUIPlugin
2024-02-23 11:13:07,797 [INFO] PluginManager:220 - loadIPPluginJar : add sai
2024-02-23 11:13:07,805 [INFO] IPUIPlugin:80 - create IPUIPlugin
2024-02-23 11:13:07,805 [INFO] PluginManager:220 - loadIPPluginJar : add spi
2024-02-23 11:13:07,818 [INFO] IPUIPlugin:80 - create IPUIPlugin
2024-02-23 11:13:07,819 [INFO] PluginManager:220 - loadIPPluginJar : add stm32_wpan
2024-02-23 11:13:07,823 [INFO] IPUIPlugin:80 - create IPUIPlugin
2024-02-23 11:13:07,823 [INFO] PluginManager:220 - loadIPPluginJar : add tim
2024-02-23 11:13:07,832 [INFO] IPUIPlugin:80 - create IPUIPlugin
2024-02-23 11:13:07,832 [INFO] PluginManager:220 - loadIPPluginJar : add touchsensing
2024-02-23 11:13:07,838 [INFO] IPUIPlugin:80 - create IPUIPlugin
2024-02-23 11:13:07,839 [INFO] PluginManager:220 - loadIPPluginJar : add tracer_emb
2024-02-23 11:13:07,844 [INFO] IPUIPlugin:80 - create IPUIPlugin
2024-02-23 11:13:07,844 [INFO] PluginManager:220 - loadIPPluginJar : add ts
2024-02-23 11:13:07,849 [INFO] IPUIPlugin:80 - create IPUIPlugin
2024-02-23 11:13:07,849 [INFO] PluginManager:220 - loadIPPluginJar : add tsc
2024-02-23 11:13:07,853 [INFO] IPUIPlugin:80 - create IPUIPlugin
2024-02-23 11:13:07,854 [INFO] PluginManager:220 - loadIPPluginJar : add ucpd
2024-02-23 11:13:07,859 [INFO] IPUIPlugin:80 - create IPUIPlugin
2024-02-23 11:13:07,859 [INFO] PluginManager:220 - loadIPPluginJar : add usart
2024-02-23 11:13:07,866 [INFO] IPUIPlugin:80 - create IPUIPlugin
2024-02-23 11:13:07,866 [INFO] PluginManager:220 - loadIPPluginJar : add usbx
2024-02-23 11:13:08,027 [INFO] CADModel:165 - CPN selected for project level
2024-02-23 11:13:08,027 [INFO] CADModel:114 - Register for checkConnection events
2024-02-23 11:13:08,028 [FATAL] Updater:308 - Updater called before beeing initialized
2024-02-23 11:13:08,028 [ERROR] CADModel:125 - Updater not yet initialized, retry later 
2024-02-23 11:13:08,283 [INFO] CADModel:165 - CPN selected for project level
2024-02-23 11:13:08,283 [INFO] CADModel:114 - Register for checkConnection events
2024-02-23 11:13:08,284 [FATAL] Updater:308 - Updater called before beeing initialized
2024-02-23 11:13:08,284 [ERROR] CADModel:125 - Updater not yet initialized, retry later 
2024-02-23 11:13:08,288 [FATAL] Updater:308 - Updater called before beeing initialized
2024-02-23 11:13:08,504 [FATAL] Updater:308 - Updater called before beeing initialized
2024-02-23 11:13:08,512 [INFO] DbMcusAds:53 - JSON generation date=Wed Nov 29 18:52:27 SGT 2023 (1701255147200)
2024-02-23 11:13:08,512 [FATAL] Updater:308 - Updater called before beeing initialized
2024-02-23 11:13:08,576 [WARN] DetailPanel:346 - Failed to get advertising image, set to default
2024-02-23 11:13:08,735 [FATAL] Updater:308 - Updater called before beeing initialized
2024-02-23 11:13:08,737 [FATAL] Updater:308 - Updater called before beeing initialized
2024-02-23 11:13:08,738 [FATAL] Updater:308 - Updater called before beeing initialized
2024-02-23 11:13:08,738 [WARN] DetailPanel:346 - Failed to get advertising image, set to default
2024-02-23 11:13:08,738 [FATAL] Updater:308 - Updater called before beeing initialized
2024-02-23 11:13:08,822 [ERROR] Updater:1120 - MainUpdater not yet initialized. External WinMGr cannot be set.
2024-02-23 11:13:08,828 [INFO] Updater:1056 - Updater Version found : 6.10.0
2024-02-23 11:13:08,850 [INFO] ApplicationProperties:184 - Using Application install path: C:\ST\STM32CubeIDE_1.14.1\STM32CubeIDE\plugins\com.st.stm32cube.common.mx_6.10.0.202311202037
2024-02-23 11:13:09,213 [INFO] ThirdPartyUpdaterWithRetryManager:70 - Updater plugin not ready yet. [2/15]
2024-02-23 11:13:10,438 [ERROR] LogOutputStream:75 - [STDERR_REDIRECT] Feb 23, 2024 11:13:10 AM java.util.prefs.WindowsPreferences <init>
2024-02-23 11:13:10,445 [ERROR] LogOutputStream:75 - [STDERR_REDIRECT] WARNING: Could not open/create prefs root node Software\JavaSoft\Prefs at root 0xffffffff80000002. Windows RegCreateKeyEx(...) returned error code 5.
2024-02-23 11:13:10,446 [ERROR] LogOutputStream:75 - [STDERR_REDIRECT] 
2024-02-23 11:13:10,898 [INFO] MainUpdater:2873 - connection check result : 10
2024-02-23 11:13:10,900 [INFO] MainUpdater:290 - Updater Check For Update Now.
2024-02-23 11:13:10,900 [INFO] MicroXplorer:498 - Change Database Version : DB.6.0.100
2024-02-23 11:13:10,927 [INFO] McuFinderGlobals:63 - Set McuFinder mode to 2 (CubeIDE integrated)
2024-02-23 11:13:11,129 [INFO] UserAuth:404 - Internet connection configuration mode: 1
2024-02-23 11:13:11,170 [INFO] CheckServerUpdateThread:120 - End of CheckServer Thread
2024-02-23 11:13:11,176 [INFO] JxBrowserEngine:152 - Initiate JxBrowser Engine with user profile folder
2024-02-23 11:13:12,596 [WARN] PackLoader:240 - Cannot read IP mode file for STMicroelectronics.X-CUBE-SMBUS.2.1.0
2024-02-23 11:13:12,670 [WARN] PackLoader:240 - Cannot read IP mode file for STMicroelectronics.X-CUBE-AZRTOS-F7.1.1.0
2024-02-23 11:13:12,701 [WARN] PackLoader:240 - Cannot read IP mode file for STMicroelectronics.FP-SNS-MOTENV1.4.3.2
2024-02-23 11:13:12,720 [WARN] PackLoader:240 - Cannot read IP mode file for STMicroelectronics.FP-SNS-FLIGHT1.5.0.2
2024-02-23 11:13:12,773 [WARN] PackLoader:240 - Cannot read IP mode file for STMicroelectronics.X-CUBE-DISPLAY.3.0.0
2024-02-23 11:13:12,814 [WARN] PackLoader:240 - Cannot read IP mode file for STMicroelectronics.X-CUBE-BLE1.7.0.0
2024-02-23 11:13:12,844 [WARN] PackLoader:240 - Cannot read IP mode file for STMicroelectronics.FP-SNS-SMARTAG2.1.2.0
2024-02-23 11:13:12,875 [INFO] LogOutputStream:77 - [STDOUT_REDIRECT] 1 : Invalid condition id : UX_CORESTACK_Condition cause : null
2024-02-23 11:13:12,877 [INFO] LogOutputStream:77 - [STDOUT_REDIRECT] 1 : Invalid condition id : UX_CORESTACK_Condition cause : null
2024-02-23 11:13:12,881 [INFO] LogOutputStream:77 - [STDOUT_REDIRECT] 1 : Invalid condition id : UX_CORESTACK_Condition cause : null
2024-02-23 11:13:12,884 [INFO] LogOutputStream:77 - [STDOUT_REDIRECT] 1 : Invalid condition id : UX_CORESTACK_Condition cause : null
2024-02-23 11:13:12,887 [INFO] LogOutputStream:77 - [STDOUT_REDIRECT] 1 : Invalid condition id : UX_CORESTACK_Condition cause : null
2024-02-23 11:13:12,895 [WARN] PackLoader:240 - Cannot read IP mode file for STMicroelectronics.X-CUBE-AZRTOS-WL.2.0.0
2024-02-23 11:13:12,911 [WARN] PackLoader:240 - Cannot read IP mode file for STMicroelectronics.X-CUBE-BLE2.3.3.0
2024-02-23 11:13:12,930 [WARN] PackLoader:240 - Cannot read IP mode file for STMicroelectronics.X-CUBE-ALGOBUILD.1.3.0
2024-02-23 11:13:12,972 [WARN] PackLoader:240 - Cannot read IP mode file for STMicroelectronics.X-CUBE-AZRTOS-G0.1.1.0
2024-02-23 11:13:12,993 [WARN] PackLoader:240 - Cannot read IP mode file for STMicroelectronics.X-CUBE-NFC4.3.0.0
2024-02-23 11:13:13,020 [WARN] PackLoader:240 - Cannot read IP mode file for STMicroelectronics.X-CUBE-BLEMGR.3.0.0
2024-02-23 11:13:13,038 [WARN] PackLoader:240 - Cannot read IP mode file for STMicroelectronics.FP-ATR-SIGFOX1.3.2.0
2024-02-23 11:13:13,109 [WARN] PackLoader:240 - Cannot read IP mode file for SEGGER.I-CUBE-embOS.1.3.1
2024-02-23 11:13:13,187 [WARN] PackLoader:240 - Cannot read IP mode file for STMicroelectronics.X-CUBE-GNSS1.6.0.0
2024-02-23 11:13:13,247 [WARN] PackLoader:240 - Cannot read IP mode file for STMicroelectronics.X-CUBE-AZRTOS-F4.1.1.0
2024-02-23 11:13:13,308 [WARN] PackLoader:240 - Cannot read IP mode file for STMicroelectronics.X-CUBE-AZRTOS-L5.2.0.0
2024-02-23 11:13:13,338 [WARN] PackLoader:240 - Cannot read IP mode file for STMicroelectronics.X-CUBE-NFC7.1.0.1
2024-02-23 11:13:13,358 [WARN] PackLoader:240 - Cannot read IP mode file for STMicroelectronics.X-CUBE-NFC6.3.0.0
2024-02-23 11:13:13,372 [WARN] PackLoader:240 - Cannot read IP mode file for STMicroelectronics.X-CUBE-AI.8.1.0
2024-02-23 11:13:13,416 [WARN] ConditionMgr:438 - getConditionDescription Invalid condition id : LAN8742 Phy interface Condition cause : null
2024-02-23 11:13:13,417 [WARN] PackLoader:240 - Cannot read IP mode file for STMicroelectronics.X-CUBE-AZRTOS-L4.2.0.0
2024-02-23 11:13:13,420 [WARN] ConditionMgr:1039 - genDependencies : Invalid condition id : LAN8742 Phy interface Condition cause : null
2024-02-23 11:13:13,421 [WARN] ConditionMgr:1039 - genDependencies : Invalid condition id : LAN8742 Phy interface Condition cause : null
2024-02-23 11:13:13,422 [WARN] ConditionMgr:1039 - genDependencies : Invalid condition id : LAN8742 Phy interface Condition cause : null
2024-02-23 11:13:13,439 [WARN] PackLoader:240 - Cannot read IP mode file for STMicroelectronics.X-CUBE-SFXS2LP1.4.0.0
2024-02-23 11:13:13,477 [WARN] ConditionMgr:438 - getConditionDescription Invalid condition id : UX DEVICE CLASS RTOS Condition cause : null
2024-02-23 11:13:13,477 [WARN] ConditionMgr:438 - getConditionDescription Invalid condition id : UX DEVICE CLASS RTOS Condition cause : null
2024-02-23 11:13:13,481 [WARN] PackLoader:240 - Cannot read IP mode file for STMicroelectronics.X-CUBE-AZRTOS-WB.2.0.0
2024-02-23 11:13:13,482 [WARN] ConditionMgr:1039 - genDependencies : Invalid condition id : UX DEVICE CLASS RTOS Condition cause : null
2024-02-23 11:13:13,482 [WARN] ConditionMgr:1039 - genDependencies : Invalid condition id : UX DEVICE CLASS RTOS Condition cause : null
2024-02-23 11:13:13,483 [WARN] ConditionMgr:1039 - genDependencies : Invalid condition id : UX DEVICE CLASS RTOS Condition cause : null
2024-02-23 11:13:13,483 [WARN] ConditionMgr:1039 - genDependencies : Invalid condition id : UX DEVICE CLASS RTOS Condition cause : null
2024-02-23 11:13:13,484 [WARN] ConditionMgr:1039 - genDependencies : Invalid condition id : UX DEVICE CLASS RTOS Condition cause : null
2024-02-23 11:13:13,527 [WARN] PackLoader:240 - Cannot read IP mode file for STMicroelectronics.X-CUBE-SUBG2.5.0.0
2024-02-23 11:13:13,571 [WARN] PackLoader:240 - Cannot read IP mode file for STMicroelectronics.X-CUBE-AZRTOS-G4.2.0.0
2024-02-23 11:13:13,652 [WARN] PackLoader:240 - Cannot read IP mode file for STMicroelectronics.X-CUBE-MEMS1.10.0.0
2024-02-23 11:13:13,656 [INFO] WebApp:161 - Instantiating new browser for Auth
2024-02-23 11:13:13,897 [WARN] PackLoader:240 - Cannot read IP mode file for STMicroelectronics.X-CUBE-FREERTOS.1.1.0
2024-02-23 11:13:13,913 [WARN] PackLoader:240 - Cannot read IP mode file for portGmbH.I-Cube-SoM-uGOAL.1.1.0
2024-02-23 11:13:13,923 [WARN] PackLoader:240 - Cannot read IP mode file for STMicroelectronics.X-CUBE-ALS.1.0.1
2024-02-23 11:13:13,934 [WARN] PackLoader:240 - Cannot read IP mode file for STMicroelectronics.FP-ATR-ASTRA1.2.0.0
2024-02-23 11:13:13,936 [INFO] ThirdParty:978 - Integrity check success = true
2024-02-23 11:13:13,937 [INFO] IntegrityCheckThread:100 - exiting critical section [integrity check]
2024-02-23 11:13:13,937 [INFO] IntegrityCheckThread:103 - End integrity checks thread
2024-02-23 11:13:15,051 [INFO] WebApp:780 - Register for checkConnection events
2024-02-23 11:13:15,051 [INFO] WebApp:414 - Apply proxy settings
2024-02-23 11:13:15,051 [INFO] WebApp:499 - Chromium requires no authentication
2024-02-23 11:13:15,061 [INFO] WebApp:442 - Direct internet connection detected
2024-02-23 11:13:15,278 [INFO] WebApp:192 - Starting web application
2024-02-23 11:13:15,278 [INFO] WebApp:544 - Web application path used C:\ST\STM32CubeIDE_1.14.1\STM32CubeIDE\plugins\com.st.stm32cube.common.mx_6.10.0.202311202037\db\plugins\mcufinder\reactClient1\index.html
2024-02-23 11:13:36,519 [ERROR] LogOutputStream:75 - [STDERR_REDIRECT] SLF4J: Failed to load class "org.slf4j.impl.StaticLoggerBinder".
2024-02-23 11:13:36,521 [ERROR] LogOutputStream:75 - [STDERR_REDIRECT] SLF4J: Defaulting to no-operation (NOP) logger implementation
2024-02-23 11:13:36,523 [ERROR] LogOutputStream:75 - [STDERR_REDIRECT] SLF4J: See http://www.slf4j.org/codes.html#StaticLoggerBinder for further details.
2024-02-23 16:52:32,149 [ERROR] ConfigurationRetriever:142 - IOException on connection: Read timed out
2024-02-23 17:46:51,526 [ERROR] LogOutputStream:75 - [STDERR_REDIRECT] 
2024-02-23 17:46:51,528 [ERROR] LogOutputStream:75 - [STDERR_REDIRECT] 
