2024-02-19 13:05:30,942 [INFO] Activator:176 - 


2024-02-19 13:05:30,948 [INFO] Activator:177 - !SESSION log4j initialized
2024-02-19 13:05:35,631 [INFO] LogOutputStream:77 - [STDOUT_REDIRECT] 
2024-02-19 13:05:36,889 [INFO] ApplicationProperties:184 - Using Application install path: C:\ST\STM32CubeIDE_1.14.1\STM32CubeIDE\plugins\com.st.stm32cube.common.mx_6.10.0.202311202037
2024-02-19 13:05:36,906 [INFO] DbMcusXml:78 - Set database path to: C:\ST\STM32CubeIDE_1.14.1\STM32CubeIDE\plugins\com.st.stm32cube.common.mx_6.10.0.202311202037\\db\/mcu/
2024-02-19 13:05:36,906 [INFO] ApiDb:274 - Set plugin database path to: C:\ST\STM32CubeIDE_1.14.1\STM32CubeIDE\plugins\com.st.stm32cube.common.mx_6.10.0.202311202037\\db\/plugins/boardmanager/
2024-02-19 13:05:36,907 [WARN] ApiDb:259 - Overriding images path with different value:  => C:\ST\STM32CubeIDE_1.14.1\STM32CubeIDE\plugins\com.st.stm32cube.common.mx_6.10.0.202311202037\\db\/plugins/mcufinder/images/
2024-02-19 13:05:36,914 [INFO] ApiDb:250 - Set database path to: C:\Users\Javier\.stmcufinder\plugins\mcufinder//mcu/
2024-02-19 13:05:36,915 [INFO] DbMcusAds:125 - Set database path to: C:\Users\Javier\.stmcufinder\plugins\mcufinder//mcu/
2024-02-19 13:05:36,917 [INFO] CrossReferenceDbSqlite:203 - Set database path to: C:\Users\Javier\.stmcufinder\plugins\mcufinder//mcu/cs/
2024-02-19 13:05:37,005 [INFO] RulesReader:64 - Compatibility file has been processed (297 Rules)
2024-02-19 13:05:37,094 [INFO] DbMcusXml:78 - Set database path to: C:\ST\STM32CubeIDE_1.14.1\STM32CubeIDE\plugins\com.st.stm32cube.common.mx_6.10.0.202311202037\\db\/mcu/
2024-02-19 13:05:37,095 [INFO] ApiDb:274 - Set plugin database path to: C:\ST\STM32CubeIDE_1.14.1\STM32CubeIDE\plugins\com.st.stm32cube.common.mx_6.10.0.202311202037\\db\/plugins/boardmanager/
2024-02-19 13:05:37,095 [INFO] ApiDb:261 - Set plugin images path to: C:\ST\STM32CubeIDE_1.14.1\STM32CubeIDE\plugins\com.st.stm32cube.common.mx_6.10.0.202311202037\\db\/plugins/mcufinder/images/
2024-02-19 13:05:37,095 [WARN] DbFile:41 - Overriding database path with different value: C:\Users\Javier\.stmcufinder\plugins\mcufinder/ => C:\Users\Javier\.stmcufinder\plugins\mcufinder
2024-02-19 13:05:37,095 [INFO] ApiDb:250 - Set database path to: C:\Users\Javier\.stmcufinder\plugins\mcufinder//mcu/
2024-02-19 13:05:37,095 [WARN] DbFile:41 - Overriding database path with different value: C:\Users\Javier\.stmcufinder\plugins\mcufinder/ => C:\Users\Javier\.stmcufinder\plugins\mcufinder
2024-02-19 13:05:37,095 [INFO] DbMcusAds:125 - Set database path to: C:\Users\Javier\.stmcufinder\plugins\mcufinder//mcu/
2024-02-19 13:05:37,095 [WARN] DbFile:41 - Overriding database path with different value: C:\Users\Javier\.stmcufinder\plugins\mcufinder/ => C:\Users\Javier\.stmcufinder\plugins\mcufinder
2024-02-19 13:05:37,095 [WARN] DbFile:41 - Overriding database path with different value: C:\Users\Javier\.stmcufinder\plugins\mcufinder/ => C:\Users\Javier\.stmcufinder\plugins\mcufinder
2024-02-19 13:05:37,095 [INFO] CrossReferenceDbSqlite:203 - Set database path to: C:\Users\Javier\.stmcufinder\plugins\mcufinder//mcu/cs/
2024-02-19 13:05:37,175 [INFO] MainPanel:264 - HeapMemory: 268435456
2024-02-19 13:05:37,265 [INFO] DbMcusXml:78 - Set database path to: C:\ST\STM32CubeIDE_1.14.1\STM32CubeIDE\plugins\com.st.stm32cube.common.mx_6.10.0.202311202037\\db\/mcu/
2024-02-19 13:05:37,265 [INFO] ApiDb:274 - Set plugin database path to: C:\ST\STM32CubeIDE_1.14.1\STM32CubeIDE\plugins\com.st.stm32cube.common.mx_6.10.0.202311202037\\db\/plugins/boardmanager/
2024-02-19 13:05:37,265 [INFO] ApiDb:261 - Set plugin images path to: C:\ST\STM32CubeIDE_1.14.1\STM32CubeIDE\plugins\com.st.stm32cube.common.mx_6.10.0.202311202037\\db\/plugins/mcufinder/images/
2024-02-19 13:05:37,265 [WARN] DbFile:41 - Overriding database path with different value: C:\Users\Javier\.stmcufinder\plugins\mcufinder/ => C:\Users\Javier\.stmcufinder\plugins\mcufinder
2024-02-19 13:05:37,265 [INFO] ApiDb:250 - Set database path to: C:\Users\Javier\.stmcufinder\plugins\mcufinder//mcu/
2024-02-19 13:05:37,266 [WARN] DbFile:41 - Overriding database path with different value: C:\Users\Javier\.stmcufinder\plugins\mcufinder/ => C:\Users\Javier\.stmcufinder\plugins\mcufinder
2024-02-19 13:05:37,266 [INFO] DbMcusAds:125 - Set database path to: C:\Users\Javier\.stmcufinder\plugins\mcufinder//mcu/
2024-02-19 13:05:37,266 [WARN] DbFile:41 - Overriding database path with different value: C:\Users\Javier\.stmcufinder\plugins\mcufinder/ => C:\Users\Javier\.stmcufinder\plugins\mcufinder
2024-02-19 13:05:37,266 [WARN] DbFile:41 - Overriding database path with different value: C:\Users\Javier\.stmcufinder\plugins\mcufinder/ => C:\Users\Javier\.stmcufinder\plugins\mcufinder
2024-02-19 13:05:37,266 [INFO] CrossReferenceDbSqlite:203 - Set database path to: C:\Users\Javier\.stmcufinder\plugins\mcufinder//mcu/cs/
2024-02-19 13:05:37,285 [INFO] ApplicationProperties:184 - Using Application install path: C:\ST\STM32CubeIDE_1.14.1\STM32CubeIDE\plugins\com.st.stm32cube.common.mx_6.10.0.202311202037
2024-02-19 13:05:37,286 [INFO] PluginManage:196 - Search for loadable plugins [exclusion list=, ]
2024-02-19 13:05:37,287 [INFO] PluginManage:310 - Check plugin analytics
2024-02-19 13:05:37,439 [INFO] AnalyticsPlugin:253 - Accepted Software Licenses: 
2024-02-19 13:05:37,439 [INFO] AnalyticsPlugin:255 - Accepted CMSIS Pack Licenses: 
2024-02-19 13:05:37,439 [INFO] AnalyticsPlugin:257 - Accepted Firmware Licenses: FW.F4.1.28.0
2024-02-19 13:05:37,441 [INFO] PluginManage:359 - Loaded plugin analytics (category:tool,tabindex:-1)
2024-02-19 13:05:37,442 [INFO] PluginManage:310 - Check plugin cadmodel
2024-02-19 13:05:37,478 [INFO] CADModel:105 - Init CAD model plugin
2024-02-19 13:05:37,478 [INFO] PluginManage:359 - Loaded plugin cadmodel (category:power,tabindex:5)
2024-02-19 13:05:37,478 [INFO] PluginManage:310 - Check plugin clock
2024-02-19 13:05:37,552 [INFO] PluginManage:359 - Loaded plugin clock (category:base,tabindex:2)
2024-02-19 13:05:37,552 [INFO] PluginManage:310 - Check plugin ddr
2024-02-19 13:05:37,554 [INFO] PluginManage:359 - Loaded plugin ddr (category:tool,tabindex:6)
2024-02-19 13:05:37,554 [INFO] PluginManage:310 - Check plugin filemanager
2024-02-19 13:05:37,677 [INFO] PluginManage:359 - Loaded plugin filemanager (category:base,tabindex:10)
2024-02-19 13:05:37,677 [INFO] PluginManage:310 - Check plugin ipmanager
2024-02-19 13:05:37,685 [INFO] PluginManage:359 - Loaded plugin ipmanager (category:base,tabindex:5)
2024-02-19 13:05:37,685 [INFO] PluginManage:310 - Check plugin lpbam
2024-02-19 13:05:37,713 [INFO] PluginManage:359 - Loaded plugin lpbam (category:base,tabindex:0)
2024-02-19 13:05:37,714 [INFO] PluginManage:310 - Check plugin memorymap
2024-02-19 13:05:37,748 [INFO] PluginManage:359 - Loaded plugin memorymap (category:base,tabindex:4)
2024-02-19 13:05:37,748 [INFO] PluginManage:310 - Check plugin pinoutandconfiguration
2024-02-19 13:05:37,793 [INFO] PluginManage:359 - Loaded plugin pinoutandconfiguration (category:base,tabindex:1)
2024-02-19 13:05:37,793 [INFO] PluginManage:310 - Check plugin pinoutconfig
2024-02-19 13:05:37,910 [WARN] SupportedApi:132 - Cannot load RTOS API schema: s4s-elt-must-match.1: The content of 'definitions' must match (annotation?, (simpleType | complexType)?, (unique | key | keyref)*)). A problem was found starting at: attribute.
2024-02-19 13:05:38,024 [INFO] PluginManage:359 - Loaded plugin pinoutconfig (category:base,tabindex:0)
2024-02-19 13:05:38,025 [INFO] PluginManage:310 - Check plugin power
2024-02-19 13:05:38,060 [INFO] PluginManage:359 - Loaded plugin power (category:power,tabindex:4)
2024-02-19 13:05:38,060 [INFO] PluginManage:310 - Check plugin projectmanager
2024-02-19 13:05:38,073 [INFO] PluginManage:359 - Loaded plugin projectmanager (category:projectmanager,tabindex:3)
2024-02-19 13:05:38,073 [INFO] PluginManage:310 - Check plugin thirdparty
2024-02-19 13:05:38,227 [INFO] PluginManage:359 - Loaded plugin thirdparty (category:base,tabindex:-1)
2024-02-19 13:05:38,227 [WARN] IntegrityCheckThread:84 - waiting for thirdparty lock release [integrity check]
2024-02-19 13:05:38,228 [INFO] PluginManage:310 - Check plugin tools
2024-02-19 13:05:38,228 [INFO] IntegrityCheckThread:86 - entering critical section [integrity check]
2024-02-19 13:05:38,228 [INFO] ThirdPartyUpdaterWithRetryManager:70 - Updater plugin not ready yet. [1/15]
2024-02-19 13:05:38,233 [INFO] PluginManage:359 - Loaded plugin tools (category:base,tabindex:7)
2024-02-19 13:05:38,233 [INFO] PluginManage:310 - Check plugin tutovideos
2024-02-19 13:05:38,409 [INFO] PluginManage:359 - Loaded plugin tutovideos (category:base,tabindex:-1)
2024-02-19 13:05:38,410 [INFO] PluginManage:310 - Check plugin updater
2024-02-19 13:05:38,420 [INFO] PluginManage:359 - Loaded plugin updater (category:base,tabindex:12)
2024-02-19 13:05:38,420 [INFO] PluginManage:310 - Check plugin userauth
2024-02-19 13:05:38,424 [INFO] UserAuth:114 - Init User Auth plugin
2024-02-19 13:05:38,424 [INFO] PluginManage:359 - Loaded plugin userauth (category:base,tabindex:14)
2024-02-19 13:05:38,425 [INFO] PluginManage:283 - PluginManage : Loaded plugins [17]
2024-02-19 13:05:38,616 [INFO] PinOutPanel:1499 - setPackage(No Configuration,No Configuration)
2024-02-19 13:05:38,682 [INFO] CADModel:165 - CPN selected for project level
2024-02-19 13:05:38,682 [INFO] CADModel:114 - Register for checkConnection events
2024-02-19 13:05:38,702 [INFO] IPUIPlugin:80 - create IPUIPlugin
2024-02-19 13:05:38,702 [INFO] PluginManager:220 - loadIPPluginJar : add adc
2024-02-19 13:05:38,706 [INFO] IPUIPlugin:80 - create IPUIPlugin
2024-02-19 13:05:38,707 [INFO] PluginManager:220 - loadIPPluginJar : add aes
2024-02-19 13:05:38,712 [INFO] IPUIPlugin:80 - create IPUIPlugin
2024-02-19 13:05:38,712 [INFO] PluginManager:220 - loadIPPluginJar : add can
2024-02-19 13:05:38,715 [INFO] IPUIPlugin:80 - create IPUIPlugin
2024-02-19 13:05:38,715 [INFO] PluginManager:220 - loadIPPluginJar : add comp
2024-02-19 13:05:38,721 [INFO] IPUIPlugin:80 - create IPUIPlugin
2024-02-19 13:05:38,721 [INFO] PluginManager:220 - loadIPPluginJar : add cryp
2024-02-19 13:05:38,726 [INFO] IPUIPlugin:80 - create IPUIPlugin
2024-02-19 13:05:38,726 [INFO] PluginManager:220 - loadIPPluginJar : add dfsdm
2024-02-19 13:05:38,737 [INFO] IPUIPlugin:80 - create IPUIPlugin
2024-02-19 13:05:38,738 [INFO] PluginManager:220 - loadIPPluginJar : add dma
2024-02-19 13:05:38,742 [INFO] IPUIPlugin:80 - create IPUIPlugin
2024-02-19 13:05:38,742 [INFO] PluginManager:220 - loadIPPluginJar : add dma3
2024-02-19 13:05:38,745 [INFO] IPUIPlugin:80 - create IPUIPlugin
2024-02-19 13:05:38,745 [INFO] PluginManager:220 - loadIPPluginJar : add fatfs
2024-02-19 13:05:38,752 [INFO] IPUIPlugin:80 - create IPUIPlugin
2024-02-19 13:05:38,752 [INFO] PluginManager:220 - loadIPPluginJar : add fmc
2024-02-19 13:05:38,786 [INFO] IPUIPlugin:80 - create IPUIPlugin
2024-02-19 13:05:38,786 [INFO] PluginManager:220 - loadIPPluginJar : add freertos
2024-02-19 13:05:38,789 [INFO] IPUIPlugin:80 - create IPUIPlugin
2024-02-19 13:05:38,789 [INFO] PluginManager:220 - loadIPPluginJar : add genericplugin
2024-02-19 13:05:38,795 [INFO] IPUIPlugin:80 - create IPUIPlugin
2024-02-19 13:05:38,795 [INFO] PluginManager:220 - loadIPPluginJar : add gfxmmu
2024-02-19 13:05:38,806 [INFO] IPUIPlugin:80 - create IPUIPlugin
2024-02-19 13:05:38,807 [INFO] PluginManager:220 - loadIPPluginJar : add gic
2024-02-19 13:05:38,824 [INFO] IPUIPlugin:80 - create IPUIPlugin
2024-02-19 13:05:38,824 [INFO] PluginManager:220 - loadIPPluginJar : add gpio
2024-02-19 13:05:38,832 [INFO] IPUIPlugin:80 - create IPUIPlugin
2024-02-19 13:05:38,832 [INFO] PluginManager:220 - loadIPPluginJar : add gtzc
2024-02-19 13:05:38,837 [INFO] IPUIPlugin:80 - create IPUIPlugin
2024-02-19 13:05:38,838 [INFO] PluginManager:220 - loadIPPluginJar : add hash
2024-02-19 13:05:38,844 [INFO] IPUIPlugin:80 - create IPUIPlugin
2024-02-19 13:05:38,844 [INFO] PluginManager:220 - loadIPPluginJar : add i2c
2024-02-19 13:05:38,849 [INFO] IPUIPlugin:80 - create IPUIPlugin
2024-02-19 13:05:38,849 [INFO] PluginManager:220 - loadIPPluginJar : add i2s
2024-02-19 13:05:38,853 [INFO] IPUIPlugin:80 - create IPUIPlugin
2024-02-19 13:05:38,853 [INFO] PluginManager:220 - loadIPPluginJar : add i3c
2024-02-19 13:05:38,861 [INFO] IPUIPlugin:80 - create IPUIPlugin
2024-02-19 13:05:38,861 [INFO] PluginManager:220 - loadIPPluginJar : add ipddr
2024-02-19 13:05:38,871 [INFO] IPUIPlugin:80 - create IPUIPlugin
2024-02-19 13:05:38,872 [INFO] PluginManager:220 - loadIPPluginJar : add linkedlist
2024-02-19 13:05:38,877 [INFO] IPUIPlugin:80 - create IPUIPlugin
2024-02-19 13:05:38,877 [INFO] PluginManager:220 - loadIPPluginJar : add lorawan
2024-02-19 13:05:38,882 [INFO] IPUIPlugin:80 - create IPUIPlugin
2024-02-19 13:05:38,883 [INFO] PluginManager:220 - loadIPPluginJar : add ltdc
2024-02-19 13:05:38,900 [INFO] IPUIPlugin:80 - create IPUIPlugin
2024-02-19 13:05:38,901 [INFO] PluginManager:220 - loadIPPluginJar : add mdma
2024-02-19 13:05:38,917 [INFO] IPUIPlugin:80 - create IPUIPlugin
2024-02-19 13:05:38,917 [INFO] PluginManager:220 - loadIPPluginJar : add nvic
2024-02-19 13:05:38,922 [INFO] IPUIPlugin:80 - create IPUIPlugin
2024-02-19 13:05:38,923 [INFO] PluginManager:220 - loadIPPluginJar : add opamp
2024-02-19 13:05:38,930 [INFO] IPUIPlugin:80 - create IPUIPlugin
2024-02-19 13:05:38,930 [INFO] PluginManager:220 - loadIPPluginJar : add openamp
2024-02-19 13:05:38,935 [INFO] IPUIPlugin:80 - create IPUIPlugin
2024-02-19 13:05:38,935 [INFO] PluginManager:220 - loadIPPluginJar : add pdm2pcm
2024-02-19 13:05:38,952 [INFO] IPUIPlugin:80 - create IPUIPlugin
2024-02-19 13:05:38,953 [INFO] PluginManager:220 - loadIPPluginJar : add plateformsettings
2024-02-19 13:05:38,958 [INFO] IPUIPlugin:80 - create IPUIPlugin
2024-02-19 13:05:38,958 [INFO] PluginManager:220 - loadIPPluginJar : add quadspi
2024-02-19 13:05:38,995 [INFO] IPUIPlugin:80 - create IPUIPlugin
2024-02-19 13:05:38,995 [INFO] PluginManager:220 - loadIPPluginJar : add resmgrutility
2024-02-19 13:05:39,001 [INFO] IPUIPlugin:80 - create IPUIPlugin
2024-02-19 13:05:39,001 [INFO] PluginManager:220 - loadIPPluginJar : add sai
2024-02-19 13:05:39,006 [INFO] IPUIPlugin:80 - create IPUIPlugin
2024-02-19 13:05:39,006 [INFO] PluginManager:220 - loadIPPluginJar : add spi
2024-02-19 13:05:39,015 [INFO] IPUIPlugin:80 - create IPUIPlugin
2024-02-19 13:05:39,015 [INFO] PluginManager:220 - loadIPPluginJar : add stm32_wpan
2024-02-19 13:05:39,018 [INFO] IPUIPlugin:80 - create IPUIPlugin
2024-02-19 13:05:39,019 [INFO] PluginManager:220 - loadIPPluginJar : add tim
2024-02-19 13:05:39,025 [INFO] IPUIPlugin:80 - create IPUIPlugin
2024-02-19 13:05:39,025 [INFO] PluginManager:220 - loadIPPluginJar : add touchsensing
2024-02-19 13:05:39,029 [INFO] IPUIPlugin:80 - create IPUIPlugin
2024-02-19 13:05:39,029 [INFO] PluginManager:220 - loadIPPluginJar : add tracer_emb
2024-02-19 13:05:39,033 [INFO] IPUIPlugin:80 - create IPUIPlugin
2024-02-19 13:05:39,033 [INFO] PluginManager:220 - loadIPPluginJar : add ts
2024-02-19 13:05:39,037 [INFO] IPUIPlugin:80 - create IPUIPlugin
2024-02-19 13:05:39,037 [INFO] PluginManager:220 - loadIPPluginJar : add tsc
2024-02-19 13:05:39,041 [INFO] IPUIPlugin:80 - create IPUIPlugin
2024-02-19 13:05:39,041 [INFO] PluginManager:220 - loadIPPluginJar : add ucpd
2024-02-19 13:05:39,046 [INFO] IPUIPlugin:80 - create IPUIPlugin
2024-02-19 13:05:39,046 [INFO] PluginManager:220 - loadIPPluginJar : add usart
2024-02-19 13:05:39,052 [INFO] IPUIPlugin:80 - create IPUIPlugin
2024-02-19 13:05:39,052 [INFO] PluginManager:220 - loadIPPluginJar : add usbx
2024-02-19 13:05:39,181 [INFO] CADModel:165 - CPN selected for project level
2024-02-19 13:05:39,181 [INFO] CADModel:114 - Register for checkConnection events
2024-02-19 13:05:39,181 [FATAL] Updater:308 - Updater called before beeing initialized
2024-02-19 13:05:39,181 [ERROR] CADModel:125 - Updater not yet initialized, retry later 
2024-02-19 13:05:39,293 [INFO] CADModel:165 - CPN selected for project level
2024-02-19 13:05:39,293 [INFO] CADModel:114 - Register for checkConnection events
2024-02-19 13:05:39,293 [FATAL] Updater:308 - Updater called before beeing initialized
2024-02-19 13:05:39,293 [ERROR] CADModel:125 - Updater not yet initialized, retry later 
2024-02-19 13:05:39,296 [FATAL] Updater:308 - Updater called before beeing initialized
2024-02-19 13:05:39,398 [FATAL] Updater:308 - Updater called before beeing initialized
2024-02-19 13:05:39,403 [INFO] DbMcusAds:53 - JSON generation date=Wed Nov 29 18:52:27 SGT 2023 (1701255147200)
2024-02-19 13:05:39,403 [FATAL] Updater:308 - Updater called before beeing initialized
2024-02-19 13:05:39,441 [WARN] DetailPanel:346 - Failed to get advertising image, set to default
2024-02-19 13:05:39,536 [FATAL] Updater:308 - Updater called before beeing initialized
2024-02-19 13:05:39,537 [FATAL] Updater:308 - Updater called before beeing initialized
2024-02-19 13:05:39,538 [FATAL] Updater:308 - Updater called before beeing initialized
2024-02-19 13:05:39,538 [WARN] DetailPanel:346 - Failed to get advertising image, set to default
2024-02-19 13:05:39,538 [FATAL] Updater:308 - Updater called before beeing initialized
2024-02-19 13:05:39,598 [ERROR] Updater:1120 - MainUpdater not yet initialized. External WinMGr cannot be set.
2024-02-19 13:05:39,602 [INFO] Updater:1056 - Updater Version found : 6.10.0
2024-02-19 13:05:39,617 [INFO] ApplicationProperties:184 - Using Application install path: C:\ST\STM32CubeIDE_1.14.1\STM32CubeIDE\plugins\com.st.stm32cube.common.mx_6.10.0.202311202037
2024-02-19 13:05:41,194 [ERROR] LogOutputStream:75 - [STDERR_REDIRECT] Feb 19, 2024 1:05:41 PM java.util.prefs.WindowsPreferences <init>
2024-02-19 13:05:41,195 [ERROR] LogOutputStream:75 - [STDERR_REDIRECT] WARNING: Could not open/create prefs root node Software\JavaSoft\Prefs at root 0xffffffff80000002. Windows RegCreateKeyEx(...) returned error code 5.
2024-02-19 13:05:41,195 [ERROR] LogOutputStream:75 - [STDERR_REDIRECT] 
2024-02-19 13:05:41,230 [INFO] ThirdPartyUpdaterWithRetryManager:70 - Updater plugin not ready yet. [2/15]
2024-02-19 13:05:41,412 [INFO] MainUpdater:2873 - connection check result : 10
2024-02-19 13:05:41,413 [INFO] MainUpdater:290 - Updater Check For Update Now.
2024-02-19 13:05:41,413 [INFO] MicroXplorer:498 - Change Database Version : DB.6.0.100
2024-02-19 13:05:41,420 [INFO] McuFinderGlobals:63 - Set McuFinder mode to 2 (CubeIDE integrated)
2024-02-19 13:05:41,585 [INFO] CheckServerUpdateThread:120 - End of CheckServer Thread
2024-02-19 13:05:41,600 [INFO] UserAuth:404 - Internet connection configuration mode: 1
2024-02-19 13:05:41,623 [INFO] JxBrowserEngine:152 - Initiate JxBrowser Engine with user profile folder
2024-02-19 13:05:43,366 [INFO] WebApp:161 - Instantiating new browser for Auth
2024-02-19 13:05:43,846 [INFO] WebApp:780 - Register for checkConnection events
2024-02-19 13:05:43,846 [INFO] WebApp:414 - Apply proxy settings
2024-02-19 13:05:43,847 [INFO] WebApp:499 - Chromium requires no authentication
2024-02-19 13:05:43,853 [INFO] WebApp:442 - Direct internet connection detected
2024-02-19 13:05:43,973 [INFO] WebApp:192 - Starting web application
2024-02-19 13:05:43,973 [INFO] WebApp:544 - Web application path used C:\ST\STM32CubeIDE_1.14.1\STM32CubeIDE\plugins\com.st.stm32cube.common.mx_6.10.0.202311202037\db\plugins\mcufinder\reactClient1\index.html
2024-02-19 13:05:44,411 [WARN] PackLoader:240 - Cannot read IP mode file for STMicroelectronics.X-CUBE-SMBUS.2.1.0
2024-02-19 13:05:44,443 [WARN] PackLoader:240 - Cannot read IP mode file for STMicroelectronics.X-CUBE-AZRTOS-F7.1.1.0
2024-02-19 13:05:44,455 [WARN] PackLoader:240 - Cannot read IP mode file for STMicroelectronics.FP-SNS-MOTENV1.4.3.2
2024-02-19 13:05:44,463 [WARN] PackLoader:240 - Cannot read IP mode file for STMicroelectronics.FP-SNS-FLIGHT1.5.0.2
2024-02-19 13:05:44,475 [WARN] PackLoader:240 - Cannot read IP mode file for STMicroelectronics.X-CUBE-DISPLAY.3.0.0
2024-02-19 13:05:44,489 [WARN] PackLoader:240 - Cannot read IP mode file for STMicroelectronics.X-CUBE-BLE1.7.0.0
2024-02-19 13:05:44,496 [WARN] PackLoader:240 - Cannot read IP mode file for STMicroelectronics.FP-SNS-SMARTAG2.1.2.0
2024-02-19 13:05:44,509 [INFO] LogOutputStream:77 - [STDOUT_REDIRECT] 1 : Invalid condition id : UX_CORESTACK_Condition cause : null
2024-02-19 13:05:44,510 [INFO] LogOutputStream:77 - [STDOUT_REDIRECT] 1 : Invalid condition id : UX_CORESTACK_Condition cause : null
2024-02-19 13:05:44,510 [INFO] LogOutputStream:77 - [STDOUT_REDIRECT] 1 : Invalid condition id : UX_CORESTACK_Condition cause : null
2024-02-19 13:05:44,511 [INFO] LogOutputStream:77 - [STDOUT_REDIRECT] 1 : Invalid condition id : UX_CORESTACK_Condition cause : null
2024-02-19 13:05:44,513 [INFO] LogOutputStream:77 - [STDOUT_REDIRECT] 1 : Invalid condition id : UX_CORESTACK_Condition cause : null
2024-02-19 13:05:44,516 [WARN] PackLoader:240 - Cannot read IP mode file for STMicroelectronics.X-CUBE-AZRTOS-WL.2.0.0
2024-02-19 13:05:44,524 [WARN] PackLoader:240 - Cannot read IP mode file for STMicroelectronics.X-CUBE-BLE2.3.3.0
2024-02-19 13:05:44,532 [WARN] PackLoader:240 - Cannot read IP mode file for STMicroelectronics.X-CUBE-ALGOBUILD.1.3.0
2024-02-19 13:05:44,552 [WARN] PackLoader:240 - Cannot read IP mode file for STMicroelectronics.X-CUBE-AZRTOS-G0.1.1.0
2024-02-19 13:05:44,561 [WARN] PackLoader:240 - Cannot read IP mode file for STMicroelectronics.X-CUBE-NFC4.3.0.0
2024-02-19 13:05:44,571 [WARN] PackLoader:240 - Cannot read IP mode file for STMicroelectronics.X-CUBE-BLEMGR.3.0.0
2024-02-19 13:05:44,579 [WARN] PackLoader:240 - Cannot read IP mode file for STMicroelectronics.FP-ATR-SIGFOX1.3.2.0
2024-02-19 13:05:44,608 [WARN] PackLoader:240 - Cannot read IP mode file for SEGGER.I-CUBE-embOS.1.3.1
2024-02-19 13:05:44,644 [WARN] PackLoader:240 - Cannot read IP mode file for STMicroelectronics.X-CUBE-GNSS1.6.0.0
2024-02-19 13:05:44,670 [WARN] PackLoader:240 - Cannot read IP mode file for STMicroelectronics.X-CUBE-AZRTOS-F4.1.1.0
2024-02-19 13:05:44,700 [WARN] PackLoader:240 - Cannot read IP mode file for STMicroelectronics.X-CUBE-AZRTOS-L5.2.0.0
2024-02-19 13:05:44,710 [WARN] PackLoader:240 - Cannot read IP mode file for STMicroelectronics.X-CUBE-NFC7.1.0.1
2024-02-19 13:05:44,734 [WARN] PackLoader:240 - Cannot read IP mode file for STMicroelectronics.X-CUBE-NFC6.3.0.0
2024-02-19 13:05:44,742 [WARN] PackLoader:240 - Cannot read IP mode file for STMicroelectronics.X-CUBE-AI.8.1.0
2024-02-19 13:05:44,765 [WARN] ConditionMgr:438 - getConditionDescription Invalid condition id : LAN8742 Phy interface Condition cause : null
2024-02-19 13:05:44,765 [WARN] PackLoader:240 - Cannot read IP mode file for STMicroelectronics.X-CUBE-AZRTOS-L4.2.0.0
2024-02-19 13:05:44,766 [WARN] ConditionMgr:1039 - genDependencies : Invalid condition id : LAN8742 Phy interface Condition cause : null
2024-02-19 13:05:44,766 [WARN] ConditionMgr:1039 - genDependencies : Invalid condition id : LAN8742 Phy interface Condition cause : null
2024-02-19 13:05:44,767 [WARN] ConditionMgr:1039 - genDependencies : Invalid condition id : LAN8742 Phy interface Condition cause : null
2024-02-19 13:05:44,776 [WARN] PackLoader:240 - Cannot read IP mode file for STMicroelectronics.X-CUBE-SFXS2LP1.4.0.0
2024-02-19 13:05:44,791 [WARN] ConditionMgr:438 - getConditionDescription Invalid condition id : UX DEVICE CLASS RTOS Condition cause : null
2024-02-19 13:05:44,791 [WARN] ConditionMgr:438 - getConditionDescription Invalid condition id : UX DEVICE CLASS RTOS Condition cause : null
2024-02-19 13:05:44,793 [WARN] PackLoader:240 - Cannot read IP mode file for STMicroelectronics.X-CUBE-AZRTOS-WB.2.0.0
2024-02-19 13:05:44,793 [WARN] ConditionMgr:1039 - genDependencies : Invalid condition id : UX DEVICE CLASS RTOS Condition cause : null
2024-02-19 13:05:44,793 [WARN] ConditionMgr:1039 - genDependencies : Invalid condition id : UX DEVICE CLASS RTOS Condition cause : null
2024-02-19 13:05:44,794 [WARN] ConditionMgr:1039 - genDependencies : Invalid condition id : UX DEVICE CLASS RTOS Condition cause : null
2024-02-19 13:05:44,794 [WARN] ConditionMgr:1039 - genDependencies : Invalid condition id : UX DEVICE CLASS RTOS Condition cause : null
2024-02-19 13:05:44,794 [WARN] ConditionMgr:1039 - genDependencies : Invalid condition id : UX DEVICE CLASS RTOS Condition cause : null
2024-02-19 13:05:44,806 [WARN] PackLoader:240 - Cannot read IP mode file for STMicroelectronics.X-CUBE-SUBG2.5.0.0
2024-02-19 13:05:44,826 [WARN] PackLoader:240 - Cannot read IP mode file for STMicroelectronics.X-CUBE-AZRTOS-G4.2.0.0
2024-02-19 13:05:44,862 [WARN] PackLoader:240 - Cannot read IP mode file for STMicroelectronics.X-CUBE-MEMS1.10.0.0
2024-02-19 13:05:44,980 [WARN] PackLoader:240 - Cannot read IP mode file for STMicroelectronics.X-CUBE-FREERTOS.1.1.0
2024-02-19 13:05:44,989 [WARN] PackLoader:240 - Cannot read IP mode file for portGmbH.I-Cube-SoM-uGOAL.1.1.0
2024-02-19 13:05:44,995 [WARN] PackLoader:240 - Cannot read IP mode file for STMicroelectronics.X-CUBE-ALS.1.0.1
2024-02-19 13:05:45,002 [WARN] PackLoader:240 - Cannot read IP mode file for STMicroelectronics.FP-ATR-ASTRA1.2.0.0
2024-02-19 13:05:45,003 [INFO] ThirdParty:978 - Integrity check success = true
2024-02-19 13:05:45,003 [INFO] IntegrityCheckThread:100 - exiting critical section [integrity check]
2024-02-19 13:05:45,003 [INFO] IntegrityCheckThread:103 - End integrity checks thread
2024-02-19 13:06:04,510 [ERROR] LogOutputStream:75 - [STDERR_REDIRECT] SLF4J: Failed to load class "org.slf4j.impl.StaticLoggerBinder".
2024-02-19 13:06:04,513 [ERROR] LogOutputStream:75 - [STDERR_REDIRECT] SLF4J: Defaulting to no-operation (NOP) logger implementation
2024-02-19 13:06:04,515 [ERROR] LogOutputStream:75 - [STDERR_REDIRECT] SLF4J: See http://www.slf4j.org/codes.html#StaticLoggerBinder for further details.
2024-02-19 17:30:57,950 [ERROR] ConfigurationRetriever:142 - IOException on connection: sw-center.st.com
2024-02-19 17:30:57,951 [ERROR] ConfigurationRetriever:142 - IOException on connection: sw-center.st.com
2024-02-19 17:30:57,952 [ERROR] ConfigurationRetriever:142 - IOException on connection: sw-center.st.com
2024-02-19 17:32:43,533 [ERROR] ConfigurationRetriever:142 - IOException on connection: sw-center.st.com
2024-02-19 17:32:43,534 [ERROR] ConfigurationRetriever:142 - IOException on connection: sw-center.st.com
2024-02-19 17:32:43,534 [ERROR] ConfigurationRetriever:142 - IOException on connection: sw-center.st.com
2024-02-19 17:34:34,067 [ERROR] ConfigurationRetriever:142 - IOException on connection: sw-center.st.com
2024-02-19 17:34:34,068 [ERROR] ConfigurationRetriever:142 - IOException on connection: sw-center.st.com
2024-02-19 17:34:34,068 [ERROR] ConfigurationRetriever:142 - IOException on connection: sw-center.st.com
2024-02-19 17:35:20,703 [ERROR] ConfigurationRetriever:142 - IOException on connection: sw-center.st.com
2024-02-19 17:35:20,704 [ERROR] ConfigurationRetriever:142 - IOException on connection: sw-center.st.com
2024-02-19 17:35:20,704 [ERROR] ConfigurationRetriever:142 - IOException on connection: sw-center.st.com
2024-02-19 17:35:45,034 [ERROR] ConfigurationRetriever:142 - IOException on connection: sw-center.st.com
2024-02-19 17:35:45,035 [ERROR] ConfigurationRetriever:142 - IOException on connection: sw-center.st.com
2024-02-19 17:35:45,035 [ERROR] ConfigurationRetriever:142 - IOException on connection: sw-center.st.com
2024-02-19 17:36:49,762 [ERROR] ConfigurationRetriever:142 - IOException on connection: sw-center.st.com
2024-02-19 17:36:49,763 [ERROR] ConfigurationRetriever:142 - IOException on connection: sw-center.st.com
2024-02-19 17:36:49,763 [ERROR] ConfigurationRetriever:142 - IOException on connection: sw-center.st.com
2024-02-19 17:37:43,103 [ERROR] ConfigurationRetriever:142 - IOException on connection: sw-center.st.com
2024-02-19 17:37:43,104 [ERROR] ConfigurationRetriever:142 - IOException on connection: sw-center.st.com
2024-02-19 17:37:43,104 [ERROR] ConfigurationRetriever:142 - IOException on connection: sw-center.st.com
2024-02-19 17:37:51,900 [ERROR] ConfigurationRetriever:142 - IOException on connection: sw-center.st.com
2024-02-19 17:37:51,901 [ERROR] ConfigurationRetriever:142 - IOException on connection: sw-center.st.com
2024-02-19 17:37:51,901 [ERROR] ConfigurationRetriever:142 - IOException on connection: sw-center.st.com
2024-02-19 17:38:02,731 [ERROR] ConfigurationRetriever:142 - IOException on connection: sw-center.st.com
2024-02-19 17:38:02,731 [ERROR] ConfigurationRetriever:142 - IOException on connection: sw-center.st.com
2024-02-19 17:38:02,731 [ERROR] ConfigurationRetriever:142 - IOException on connection: sw-center.st.com
2024-02-19 17:38:13,072 [ERROR] ConfigurationRetriever:142 - IOException on connection: sw-center.st.com
2024-02-19 17:38:13,072 [ERROR] ConfigurationRetriever:142 - IOException on connection: sw-center.st.com
2024-02-19 17:38:13,073 [ERROR] ConfigurationRetriever:142 - IOException on connection: sw-center.st.com
2024-02-19 17:42:35,198 [ERROR] ConfigurationRetriever:142 - IOException on connection: sw-center.st.com
2024-02-19 17:42:35,198 [ERROR] ConfigurationRetriever:142 - IOException on connection: sw-center.st.com
2024-02-19 17:42:35,198 [ERROR] ConfigurationRetriever:142 - IOException on connection: sw-center.st.com
